#
# A fatal error has been detected by the Java Runtime Environment:
#
#  EXCEPTION_ACCESS_VIOLATION (0xc0000005) at pc=0x6c2dbbad, pid=5020, tid=3648
#
# JRE version: Java(TM) SE Runtime Environment (7.0_45-b18) (build 1.7.0_45-b18)
# Java VM: Java HotSpot(TM) Client VM (24.45-b08 mixed mode, sharing windows-x86 )
# Problematic frame:
# C  [libsqlitejdbc-5727246922128729582.lib+0x1bbad]
#
# Failed to write core dump. Minidumps are not enabled by default on client versions of Windows
#
# If you would like to submit a bug report, please visit:
#   http://bugreport.sun.com/bugreport/crash.jsp
# The crash happened outside the Java Virtual Machine in native code.
# See problematic frame for where to report the bug.
#

---------------  T H R E A D  ---------------

Current thread (0x0362d400):  JavaThread "Secondary finalizer" [_thread_in_native, id=3648, stack(0x0a800000,0x0a850000)]

siginfo: ExceptionCode=0xc0000005, reading address 0x03a3b340

Registers:
EAX=0x03a3b340, EBX=0x03a3b340, ECX=0x0362d530, EDX=0x00000000
ESP=0x0a84f524, EBP=0x0a84f538, ESI=0x00000000, EDI=0x0362d400
EIP=0x6c2dbbad, EFLAGS=0x00010216

Top of Stack: (sp=0x0a84f524)
0x0a84f524:   6e8ba75e 03094034 0a84f578 32d59c50
0x0a84f534:   32d59c50 0a84f558 6c2c1c31 03a3b340
0x0a84f544:   0362d400 00000006 00000008 0362d400
0x0a84f554:   32d59c50 0a84f5a0 00a1b055 0362d530
0x0a84f564:   0a84f5b8 03a3b340 00000000 0a84f578
0x0a84f574:   00a1ae8c 00000001 28eb1ac8 0a84f578
0x0a84f584:   32d59c50 0a84f5b8 32d5f0a8 00000000
0x0a84f594:   32d59c50 00000000 0a84f5b0 0a84f5dc 

Instructions: (pc=0x6c2dbbad)
0x6c2dbb8d:   c4 10 89 f8 8d 65 f4 5b 5e 5f 5d c3 55 89 e5 56
0x6c2dbb9d:   53 8b 5d 08 be 00 00 00 00 85 db 74 3a 83 ec 0c
0x6c2dbbad:   8b 03 ff 70 4c e8 3e 91 fe ff 89 1c 24 e8 71 f2
0x6c2dbbbd:   ff ff 89 c6 c7 04 24 00 00 00 00 6a 00 6a 00 6a 


Register to memory mapping:

EAX=0x03a3b340 is an unknown value
EBX=0x03a3b340 is an unknown value
ECX=0x0362d530 is an unknown value
EDX=0x00000000 is an unknown value
ESP=0x0a84f524 is pointing into the stack for thread: 0x0362d400
EBP=0x0a84f538 is pointing into the stack for thread: 0x0362d400
ESI=0x00000000 is an unknown value
EDI=0x0362d400 is a thread


Stack: [0x0a800000,0x0a850000],  sp=0x0a84f524,  free space=317k
Native frames: (J=compiled Java code, j=interpreted, Vv=VM code, C=native code)
C  [libsqlitejdbc-5727246922128729582.lib+0x1bbad]
C  [libsqlitejdbc-5727246922128729582.lib+0x1c31]
j  org.sqlite.NativeDB.reset(J)I+0
j  org.sqlite.RS.close()V+76
j  org.sqlite.RS.finalize()V+1
v  ~StubRoutines::call_stub
V  [jvm.dll+0x13f1fa]
V  [jvm.dll+0x202aee]
V  [jvm.dll+0x13f27d]
V  [jvm.dll+0xc9bc2]
V  [jvm.dll+0xcd66f]
C  [java.dll+0x20b5]
J  java.lang.ref.Finalizer.runFinalizer()V
j  java.lang.Thread.run()V+11
v  ~StubRoutines::call_stub
V  [jvm.dll+0x13f1fa]
V  [jvm.dll+0x202aee]
V  [jvm.dll+0x13f3c5]
V  [jvm.dll+0x13f427]
V  [jvm.dll+0xeb81f]
V  [jvm.dll+0x16042c]
V  [jvm.dll+0x160e67]
V  [jvm.dll+0x1a49f9]
C  [msvcr100.dll+0x5c556]
C  [msvcr100.dll+0x5c600]
C  [kernel32.dll+0xb713]

Java frames: (J=compiled Java code, j=interpreted, Vv=VM code)
j  org.sqlite.NativeDB.reset(J)I+0
j  org.sqlite.RS.close()V+76
j  org.sqlite.RS.finalize()V+1
v  ~StubRoutines::call_stub
J  java.lang.ref.Finalizer.invokeFinalizeMethod(Ljava/lang/Object;)V
J  java.lang.ref.Finalizer.runFinalizer()V
J  java.lang.ref.Finalizer.access$100(Ljava/lang/ref/Finalizer;)V
j  java.lang.ref.Finalizer$2.run()V+31
j  java.lang.Thread.run()V+11
v  ~StubRoutines::call_stub

---------------  P R O C E S S  ---------------

Java Threads: ( => current thread )
=>0x0362d400 JavaThread "Secondary finalizer" [_thread_in_native, id=3648, stack(0x0a800000,0x0a850000)]
  0x03538400 JavaThread "Thread-742" [_thread_blocked, id=7104, stack(0x037e0000,0x03830000)]
  0x0363d800 JavaThread "Thread-737" [_thread_in_native, id=7272, stack(0x04770000,0x047c0000)]
  0x0353d800 JavaThread "SwingWorker-pool-1-thread-5" daemon [_thread_blocked, id=5068, stack(0x03d30000,0x03d80000)]
  0x0351b000 JavaThread "SwingWorker-pool-1-thread-4" daemon [_thread_blocked, id=1788, stack(0x04720000,0x04770000)]
  0x0344c400 JavaThread "SwingWorker-pool-1-thread-3" daemon [_thread_blocked, id=7496, stack(0x046d0000,0x04720000)]
  0x0344b400 JavaThread "SwingWorker-pool-1-thread-2" daemon [_thread_blocked, id=7904, stack(0x04680000,0x046d0000)]
  0x03569400 JavaThread "SwingWorker-pool-1-thread-1" daemon [_thread_blocked, id=2468, stack(0x03c90000,0x03ce0000)]
  0x03431400 JavaThread "jTDS TimerThread" daemon [_thread_blocked, id=4136, stack(0x03ce0000,0x03d30000)]
  0x008aac00 JavaThread "DestroyJavaVM" [_thread_blocked, id=6900, stack(0x00990000,0x009e0000)]
  0x0345a400 JavaThread "TimerQueue" daemon [_thread_blocked, id=7884, stack(0x03b30000,0x03b80000)]
  0x03406c00 JavaThread "AWT-EventQueue-0" [_thread_blocked, id=7512, stack(0x039c0000,0x03a10000)]
  0x02b3d000 JavaThread "AWT-Shutdown" [_thread_blocked, id=7804, stack(0x03790000,0x037e0000)]
  0x0301c400 JavaThread "AWT-Windows" daemon [_thread_in_native, id=7036, stack(0x03210000,0x03260000)]
  0x0314d400 JavaThread "Java2D Disposer" daemon [_thread_blocked, id=6708, stack(0x03170000,0x031c0000)]
  0x02b26400 JavaThread "Service Thread" daemon [_thread_blocked, id=6948, stack(0x02ed0000,0x02f20000)]
  0x02b1b800 JavaThread "C1 CompilerThread0" daemon [_thread_blocked, id=7276, stack(0x02e80000,0x02ed0000)]
  0x02b1a000 JavaThread "Attach Listener" daemon [_thread_blocked, id=2184, stack(0x02e30000,0x02e80000)]
  0x02b18800 JavaThread "Signal Dispatcher" daemon [_thread_blocked, id=5008, stack(0x02de0000,0x02e30000)]
  0x02ab1400 JavaThread "Finalizer" daemon [_thread_blocked, id=7472, stack(0x02d90000,0x02de0000)]
  0x02aac400 JavaThread "Reference Handler" daemon [_thread_blocked, id=6412, stack(0x02d40000,0x02d90000)]

Other Threads:
  0x02aaa800 VMThread [stack: 0x02cf0000,0x02d40000] [id=5216]
  0x02b35400 WatcherThread [stack: 0x02f20000,0x02f70000] [id=5472]

VM state:not at safepoint (normal execution)

VM Mutex/Monitor currently owned by a thread: None

Heap
 def new generation   total 37952K, used 14092K [0x22b90000, 0x254b0000, 0x280e0000)
  eden space 33792K,  41% used [0x22b90000, 0x239530e0, 0x24c90000)
  from space 4160K,   0% used [0x250a0000, 0x250a0000, 0x254b0000)
  to   space 4160K,   0% used [0x24c90000, 0x24c90000, 0x250a0000)
 tenured generation   total 84096K, used 22682K [0x280e0000, 0x2d300000, 0x32b90000)
   the space 84096K,  26% used [0x280e0000, 0x29706898, 0x29706a00, 0x2d300000)
 compacting perm gen  total 12288K, used 5158K [0x32b90000, 0x33790000, 0x36b90000)
   the space 12288K,  41% used [0x32b90000, 0x33099978, 0x33099a00, 0x33790000)
    ro space 10240K,  41% used [0x36b90000, 0x36fc1a78, 0x36fc1c00, 0x37590000)
    rw space 12288K,  52% used [0x37590000, 0x37bd62c0, 0x37bd6400, 0x38190000)

Card table byte_map: [0x02b90000,0x02c40000] byte_map_base: 0x02a7a380

Polling page: 0x009e0000

Code Cache  [0x00a10000, 0x00d20000, 0x02a10000)
 total_blobs=1789 nmethods=1525 adapters=200 free_code_cache=29661Kb largest_free_block=30371840

Compilation events (10 events):
Event: 2733.034 Thread 0x02b1b800 1536             java.sql.SQLWarning::<init> (43 bytes)
Event: 2733.034 Thread 0x02b1b800 nmethod 1536 0x00d0fd88 code [0x00d0fef0, 0x00d10170]
Event: 2733.034 Thread 0x02b1b800 1537             java.sql.SQLException::<init> (63 bytes)
Event: 2733.035 Thread 0x02b1b800 nmethod 1537 0x00d10388 code [0x00d104f0, 0x00d10804]
Event: 2735.018 Thread 0x02b1b800 1538   !         aplicacion.actualizacion.odbc.logic._Logic::_taskworkUpdate (779 bytes)
Event: 2735.028 Thread 0x02b1b800 nmethod 1538 0x00d10a48 code [0x00d10fd0, 0x00d131dc]
Event: 2737.251 Thread 0x02b1b800 1539   !         java.io.PrintStream::write (83 bytes)
Event: 2737.252 Thread 0x02b1b800 nmethod 1539 0x00d17b08 code [0x00d17c80, 0x00d18074]
Event: 2737.253 Thread 0x02b1b800 1540   !         java.io.PrintStream::newLine (73 bytes)
Event: 2737.253 Thread 0x02b1b800 nmethod 1540 0x00d185c8 code [0x00d18730, 0x00d18ae8]

GC Heap History (10 events):
Event: 2733.229 GC heap before
{Heap before GC invocations=98 (full 49):
 def new generation   total 37952K, used 37952K [0x22b90000, 0x254b0000, 0x280e0000)
  eden space 33792K, 100% used [0x22b90000, 0x24c90000, 0x24c90000)
  from space 4160K, 100% used [0x250a0000, 0x254b0000, 0x254b0000)
  to   space 4160K,   0% used [0x24c90000, 0x24c90000, 0x250a0000)
 tenured generation   total 84096K, used 36722K [0x280e0000, 0x2d300000, 0x32b90000)
   the space 84096K,  43% used [0x280e0000, 0x2a4bcb20, 0x2a4bcc00, 0x2d300000)
 compacting perm gen  total 12288K, used 5158K [0x32b90000, 0x33790000, 0x36b90000)
   the space 12288K,  41% used [0x32b90000, 0x33099978, 0x33099a00, 0x33790000)
    ro space 10240K,  41% used [0x36b90000, 0x36fc1a78, 0x36fc1c00, 0x37590000)
    rw space 12288K,  52% used [0x37590000, 0x37bd62c0, 0x37bd6400, 0x38190000)
Event: 2733.247 GC heap after
Heap after GC invocations=99 (full 49):
 def new generation   total 37952K, used 1699K [0x22b90000, 0x254b0000, 0x280e0000)
  eden space 33792K,   0% used [0x22b90000, 0x22b90000, 0x24c90000)
  from space 4160K,  40% used [0x24c90000, 0x24e38ff0, 0x250a0000)
  to   space 4160K,   0% used [0x250a0000, 0x250a0000, 0x254b0000)
 tenured generation   total 84096K, used 40877K [0x280e0000, 0x2d300000, 0x32b90000)
   the space 84096K,  48% used [0x280e0000, 0x2a8cb678, 0x2a8cb800, 0x2d300000)
 compacting perm gen  total 12288K, used 5158K [0x32b90000, 0x33790000, 0x36b90000)
   the space 12288K,  41% used [0x32b90000, 0x33099978, 0x33099a00, 0x33790000)
    ro space 10240K,  41% used [0x36b90000, 0x36fc1a78, 0x36fc1c00, 0x37590000)
    rw space 12288K,  52% used [0x37590000, 0x37bd62c0, 0x37bd6400, 0x38190000)
}
Event: 2736.674 GC heap before
{Heap before GC invocations=99 (full 49):
 def new generation   total 37952K, used 35491K [0x22b90000, 0x254b0000, 0x280e0000)
  eden space 33792K, 100% used [0x22b90000, 0x24c90000, 0x24c90000)
  from space 4160K,  40% used [0x24c90000, 0x24e38ff0, 0x250a0000)
  to   space 4160K,   0% used [0x250a0000, 0x250a0000, 0x254b0000)
 tenured generation   total 84096K, used 40877K [0x280e0000, 0x2d300000, 0x32b90000)
   the space 84096K,  48% used [0x280e0000, 0x2a8cb678, 0x2a8cb800, 0x2d300000)
 compacting perm gen  total 12288K, used 5158K [0x32b90000, 0x33790000, 0x36b90000)
   the space 12288K,  41% used [0x32b90000, 0x33099978, 0x33099a00, 0x33790000)
    ro space 10240K,  41% used [0x36b90000, 0x36fc1a78, 0x36fc1c00, 0x37590000)
    rw space 12288K,  52% used [0x37590000, 0x37bd62c0, 0x37bd6400, 0x38190000)
Event: 2736.702 GC heap after
Heap after GC invocations=100 (full 49):
 def new generation   total 37952K, used 4160K [0x22b90000, 0x254b0000, 0x280e0000)
  eden space 33792K,   0% used [0x22b90000, 0x22b90000, 0x24c90000)
  from space 4160K, 100% used [0x250a0000, 0x254b0000, 0x254b0000)
  to   space 4160K,   0% used [0x24c90000, 0x24c90000, 0x250a0000)
 tenured generation   total 84096K, used 43246K [0x280e0000, 0x2d300000, 0x32b90000)
   the space 84096K,  51% used [0x280e0000, 0x2ab1ba00, 0x2ab1ba00, 0x2d300000)
 compacting perm gen  total 12288K, used 5158K [0x32b90000, 0x33790000, 0x36b90000)
   the space 12288K,  41% used [0x32b90000, 0x33099978, 0x33099a00, 0x33790000)
    ro space 10240K,  41% used [0x36b90000, 0x36fc1a78, 0x36fc1c00, 0x37590000)
    rw space 12288K,  52% used [0x37590000, 0x37bd62c0, 0x37bd6400, 0x38190000)
}
Event: 2747.118 GC heap before
{Heap before GC invocations=100 (full 49):
 def new generation   total 37952K, used 37952K [0x22b90000, 0x254b0000, 0x280e0000)
  eden space 33792K, 100% used [0x22b90000, 0x24c90000, 0x24c90000)
  from space 4160K, 100% used [0x250a0000, 0x254b0000, 0x254b0000)
  to   space 4160K,   0% used [0x24c90000, 0x24c90000, 0x250a0000)
 tenured generation   total 84096K, used 43246K [0x280e0000, 0x2d300000, 0x32b90000)
   the space 84096K,  51% used [0x280e0000, 0x2ab1ba00, 0x2ab1ba00, 0x2d300000)
 compacting perm gen  total 12288K, used 5158K [0x32b90000, 0x33790000, 0x36b90000)
   the space 12288K,  41% used [0x32b90000, 0x33099978, 0x33099a00, 0x33790000)
    ro space 10240K,  41% used [0x36b90000, 0x36fc1a78, 0x36fc1c00, 0x37590000)
    rw space 12288K,  52% used [0x37590000, 0x37bd62c0, 0x37bd6400, 0x38190000)
Event: 2747.171 GC heap after
Heap after GC invocations=101 (full 49):
 def new generation   total 37952K, used 4160K [0x22b90000, 0x254b0000, 0x280e0000)
  eden space 33792K,   0% used [0x22b90000, 0x22b90000, 0x24c90000)
  from space 4160K, 100% used [0x24c90000, 0x250a0000, 0x250a0000)
  to   space 4160K,   0% used [0x250a0000, 0x250a0000, 0x254b0000)
 tenured generation   total 84096K, used 62890K [0x280e0000, 0x2d300000, 0x32b90000)
   the space 84096K,  74% used [0x280e0000, 0x2be4a938, 0x2be4aa00, 0x2d300000)
 compacting perm gen  total 12288K, used 5158K [0x32b90000, 0x33790000, 0x36b90000)
   the space 12288K,  41% used [0x32b90000, 0x33099978, 0x33099a00, 0x33790000)
    ro space 10240K,  41% used [0x36b90000, 0x36fc1a78, 0x36fc1c00, 0x37590000)
    rw space 12288K,  52% used [0x37590000, 0x37bd62c0, 0x37bd6400, 0x38190000)
}
Event: 2748.577 GC heap before
{Heap before GC invocations=101 (full 49):
 def new generation   total 37952K, used 8994K [0x22b90000, 0x254b0000, 0x280e0000)
  eden space 33792K,  14% used [0x22b90000, 0x23048a20, 0x24c90000)
  from space 4160K, 100% used [0x24c90000, 0x250a0000, 0x250a0000)
  to   space 4160K,   0% used [0x250a0000, 0x250a0000, 0x254b0000)
 tenured generation   total 84096K, used 62890K [0x280e0000, 0x2d300000, 0x32b90000)
   the space 84096K,  74% used [0x280e0000, 0x2be4a938, 0x2be4aa00, 0x2d300000)
 compacting perm gen  total 12288K, used 5158K [0x32b90000, 0x33790000, 0x36b90000)
   the space 12288K,  41% used [0x32b90000, 0x33099978, 0x33099a00, 0x33790000)
    ro space 10240K,  41% used [0x36b90000, 0x36fc1a78, 0x36fc1c00, 0x37590000)
    rw space 12288K,  52% used [0x37590000, 0x37bd62c0, 0x37bd6400, 0x38190000)
Event: 2748.586 GC heap after
Heap after GC invocations=102 (full 49):
 def new generation   total 37952K, used 2693K [0x22b90000, 0x254b0000, 0x280e0000)
  eden space 33792K,   0% used [0x22b90000, 0x22b90000, 0x24c90000)
  from space 4160K,  64% used [0x250a0000, 0x25341480, 0x254b0000)
  to   space 4160K,   0% used [0x24c90000, 0x24c90000, 0x250a0000)
 tenured generation   total 84096K, used 63900K [0x280e0000, 0x2d300000, 0x32b90000)
   the space 84096K,  75% used [0x280e0000, 0x2bf47360, 0x2bf47400, 0x2d300000)
 compacting perm gen  total 12288K, used 5158K [0x32b90000, 0x33790000, 0x36b90000)
   the space 12288K,  41% used [0x32b90000, 0x33099978, 0x33099a00, 0x33790000)
    ro space 10240K,  41% used [0x36b90000, 0x36fc1a78, 0x36fc1c00, 0x37590000)
    rw space 12288K,  52% used [0x37590000, 0x37bd62c0, 0x37bd6400, 0x38190000)
}
Event: 2748.588 GC heap before
{Heap before GC invocations=102 (full 49):
 def new generation   total 37952K, used 2866K [0x22b90000, 0x254b0000, 0x280e0000)
  eden space 33792K,   0% used [0x22b90000, 0x22bbb3d8, 0x24c90000)
  from space 4160K,  64% used [0x250a0000, 0x25341480, 0x254b0000)
  to   space 4160K,   0% used [0x24c90000, 0x24c90000, 0x250a0000)
 tenured generation   total 84096K, used 63900K [0x280e0000, 0x2d300000, 0x32b90000)
   the space 84096K,  75% used [0x280e0000, 0x2bf47360, 0x2bf47400, 0x2d300000)
 compacting perm gen  total 12288K, used 5158K [0x32b90000, 0x33790000, 0x36b90000)
   the space 12288K,  41% used [0x32b90000, 0x33099978, 0x33099a00, 0x33790000)
    ro space 10240K,  41% used [0x36b90000, 0x36fc1a78, 0x36fc1c00, 0x37590000)
    rw space 12288K,  52% used [0x37590000, 0x37bd62c0, 0x37bd6400, 0x38190000)
Event: 2748.686 GC heap after
Heap after GC invocations=103 (full 50):
 def new generation   total 37952K, used 0K [0x22b90000, 0x254b0000, 0x280e0000)
  eden space 33792K,   0% used [0x22b90000, 0x22b90000, 0x24c90000)
  from space 4160K,   0% used [0x250a0000, 0x250a0000, 0x254b0000)
  to   space 4160K,   0% used [0x24c90000, 0x24c90000, 0x250a0000)
 tenured generation   total 84096K, used 22682K [0x280e0000, 0x2d300000, 0x32b90000)
   the space 84096K,  26% used [0x280e0000, 0x29706898, 0x29706a00, 0x2d300000)
 compacting perm gen  total 12288K, used 5158K [0x32b90000, 0x33790000, 0x36b90000)
   the space 12288K,  41% used [0x32b90000, 0x33099978, 0x33099a00, 0x33790000)
    ro space 10240K,  41% used [0x36b90000, 0x36fc1a78, 0x36fc1c00, 0x37590000)
    rw space 12288K,  52% used [0x37590000, 0x37bd62c0, 0x37bd6400, 0x38190000)
}

Deoptimization events (0 events):
No events

Internal exceptions (10 events):
Event: 2733.512 Thread 0x0363d800 Implicit null exception at 0x00b94e1e to 0x00b95ae7
Event: 2733.512 Thread 0x0363d800 Threw 0x2468b9c8 at C:\re\jdk7u45\229\hotspot\src\share\vm\runtime\sharedRuntime.cpp:591
Event: 2733.512 Thread 0x0363d800 Implicit null exception at 0x00b94e1e to 0x00b95ae7
Event: 2733.512 Thread 0x0363d800 Threw 0x2468d920 at C:\re\jdk7u45\229\hotspot\src\share\vm\runtime\sharedRuntime.cpp:591
Event: 2733.512 Thread 0x0363d800 Implicit null exception at 0x00b94e1e to 0x00b95ae7
Event: 2733.512 Thread 0x0363d800 Threw 0x2468f878 at C:\re\jdk7u45\229\hotspot\src\share\vm\runtime\sharedRuntime.cpp:591
Event: 2733.512 Thread 0x0363d800 Implicit null exception at 0x00b94e1e to 0x00b95ae7
Event: 2733.512 Thread 0x0363d800 Threw 0x246917d0 at C:\re\jdk7u45\229\hotspot\src\share\vm\runtime\sharedRuntime.cpp:591
Event: 2733.512 Thread 0x0363d800 Implicit null exception at 0x00b94e1e to 0x00b95ae7
Event: 2733.512 Thread 0x0363d800 Threw 0x24696e70 at C:\re\jdk7u45\229\hotspot\src\share\vm\runtime\sharedRuntime.cpp:591

Events (10 events):
Event: 2748.576 Executing VM operation: GenCollectFull done
Event: 2748.576 Thread 0x03538c00 Thread added: 0x03538c00
Event: 2748.576 Executing VM operation: GenCollectFull
Event: 2748.586 Executing VM operation: GenCollectFull done
Event: 2748.588 Thread 0x03538c00 Thread exited: 0x03538c00
Event: 2748.588 Executing VM operation: GenCollectFull
Event: 2748.686 Executing VM operation: GenCollectFull done
Event: 2748.687 Thread 0x0362d400 Thread added: 0x0362d400
Event: 2748.696 Executing VM operation: RevokeBias
Event: 2748.703 Executing VM operation: RevokeBias done


Dynamic libraries:
0x00400000 - 0x0042f000 	C:\Archivos de programa\Java\jre7\bin\javaw.exe
0x7c910000 - 0x7c9c5000 	C:\WINDOWS\system32\ntdll.dll
0x7c800000 - 0x7c903000 	C:\WINDOWS\system32\kernel32.dll
0x77da0000 - 0x77e4c000 	C:\WINDOWS\system32\ADVAPI32.dll
0x77e50000 - 0x77ee2000 	C:\WINDOWS\system32\RPCRT4.dll
0x77fc0000 - 0x77fd1000 	C:\WINDOWS\system32\Secur32.dll
0x7e390000 - 0x7e421000 	C:\WINDOWS\system32\USER32.dll
0x77ef0000 - 0x77f39000 	C:\WINDOWS\system32\GDI32.dll
0x773a0000 - 0x774a3000 	C:\WINDOWS\WinSxS\x86_Microsoft.Windows.Common-Controls_6595b64144ccf1df_6.0.2600.5512_x-ww_35d4ce83\COMCTL32.dll
0x77be0000 - 0x77c38000 	C:\WINDOWS\system32\msvcrt.dll
0x77f40000 - 0x77fb6000 	C:\WINDOWS\system32\SHLWAPI.dll
0x76340000 - 0x7635d000 	C:\WINDOWS\system32\IMM32.DLL
0x78aa0000 - 0x78b5f000 	C:\Archivos de programa\Java\jre7\bin\msvcr100.dll
0x6e760000 - 0x6eae0000 	C:\Archivos de programa\Java\jre7\bin\client\jvm.dll
0x71a50000 - 0x71a5a000 	C:\WINDOWS\system32\WSOCK32.dll
0x71a30000 - 0x71a47000 	C:\WINDOWS\system32\WS2_32.dll
0x71a20000 - 0x71a28000 	C:\WINDOWS\system32\WS2HELP.dll
0x76b00000 - 0x76b2e000 	C:\WINDOWS\system32\WINMM.dll
0x76bb0000 - 0x76bbb000 	C:\WINDOWS\system32\PSAPI.DLL
0x6e6b0000 - 0x6e6bc000 	C:\Archivos de programa\Java\jre7\bin\verify.dll
0x6d480000 - 0x6d4a0000 	C:\Archivos de programa\Java\jre7\bin\java.dll
0x6e740000 - 0x6e753000 	C:\Archivos de programa\Java\jre7\bin\zip.dll
0x6d000000 - 0x6d143000 	C:\Archivos de programa\Java\jre7\bin\awt.dll
0x770f0000 - 0x7717b000 	C:\WINDOWS\system32\OLEAUT32.dll
0x774b0000 - 0x775ed000 	C:\WINDOWS\system32\ole32.dll
0x5b150000 - 0x5b188000 	C:\WINDOWS\system32\uxtheme.dll
0x746b0000 - 0x746fc000 	C:\WINDOWS\system32\MSCTF.dll
0x75160000 - 0x7518e000 	C:\WINDOWS\system32\msctfime.ime
0x7e6a0000 - 0x7eec1000 	C:\WINDOWS\system32\SHELL32.dll
0x6e4a0000 - 0x6e4b4000 	C:\Archivos de programa\Java\jre7\bin\net.dll
0x719d0000 - 0x71a10000 	C:\WINDOWS\system32\mswsock.dll
0x66740000 - 0x66799000 	C:\WINDOWS\system32\hnetcfg.dll
0x590d0000 - 0x590d7000 	C:\WINDOWS\System32\wship6.dll
0x6e4c0000 - 0x6e4cf000 	C:\Archivos de programa\Java\jre7\bin\nio.dll
0x76ee0000 - 0x76f07000 	C:\WINDOWS\system32\DNSAPI.dll
0x76f70000 - 0x76f78000 	C:\WINDOWS\System32\winrnr.dll
0x76f20000 - 0x76f4d000 	C:\WINDOWS\system32\WLDAP32.dll
0x16080000 - 0x160a5000 	C:\Archivos de programa\Bonjour\mdnsNSP.dll
0x76d20000 - 0x76d39000 	C:\WINDOWS\system32\Iphlpapi.dll
0x47190000 - 0x471a2000 	C:\WINDOWS\system32\pnrpnsp.dll
0x76f80000 - 0x76f86000 	C:\WINDOWS\system32\rasadhlp.dll
0x68000000 - 0x68036000 	C:\WINDOWS\system32\rsaenh.dll
0x76630000 - 0x766e5000 	C:\WINDOWS\system32\USERENV.dll
0x597f0000 - 0x59845000 	C:\WINDOWS\system32\netapi32.dll
0x6c2c0000 - 0x6c322000 	C:\Documents and Settings\Agustin\Configuración local\Temp\libsqlitejdbc-5727246922128729582.lib
0x6d270000 - 0x6d2a8000 	C:\Archivos de programa\Java\jre7\bin\fontmanager.dll
0x77b10000 - 0x77b32000 	C:\WINDOWS\system32\Apphelp.dll
0x77bd0000 - 0x77bd8000 	C:\WINDOWS\system32\VERSION.dll
0x6e660000 - 0x6e690000 	C:\Archivos de programa\Java\jre7\bin\t2k.dll
0x76f90000 - 0x7700f000 	C:\WINDOWS\system32\CLBCATQ.DLL
0x77010000 - 0x770e0000 	C:\WINDOWS\system32\COMRes.dll
0x10000000 - 0x10074000 	C:\Documents and Settings\Agustin\Datos de programa\blekkotb\blekkotb.dll
0x44430000 - 0x44563000 	C:\WINDOWS\system32\urlmon.dll
0x400a0000 - 0x4028b000 	C:\WINDOWS\system32\iertutil.dll
0x3fa00000 - 0x3fae6000 	C:\WINDOWS\system32\WININET.dll
0x03300000 - 0x03309000 	C:\WINDOWS\system32\Normaliz.dll
0x6e210000 - 0x6e235000 	C:\Archivos de programa\Java\jre7\bin\jpeg.dll
0x71a10000 - 0x71a18000 	C:\WINDOWS\System32\wshtcpip.dll
0x76d00000 - 0x76d18000 	C:\WINDOWS\system32\MPRAPI.dll
0x77c90000 - 0x77cc2000 	C:\WINDOWS\system32\ACTIVEDS.dll
0x76dd0000 - 0x76df5000 	C:\WINDOWS\system32\adsldpc.dll
0x76ae0000 - 0x76af1000 	C:\WINDOWS\system32\ATL.DLL
0x76e40000 - 0x76e4e000 	C:\WINDOWS\system32\rtutils.dll
0x71b90000 - 0x71ba3000 	C:\WINDOWS\system32\SAMLIB.dll
0x778f0000 - 0x779e7000 	C:\WINDOWS\system32\SETUPAPI.dll
0x77cd0000 - 0x77d03000 	C:\WINDOWS\system32\netman.dll
0x763b0000 - 0x76558000 	C:\WINDOWS\system32\netshell.dll
0x76bc0000 - 0x76bef000 	C:\WINDOWS\system32\credui.dll
0x72510000 - 0x7251a000 	C:\WINDOWS\system32\dot3api.dll
0x72640000 - 0x72646000 	C:\WINDOWS\system32\dot3dlg.dll
0x72770000 - 0x72798000 	C:\WINDOWS\system32\OneX.DLL
0x76f10000 - 0x76f18000 	C:\WINDOWS\system32\WTSAPI32.dll
0x76310000 - 0x76320000 	C:\WINDOWS\system32\WINSTA.dll
0x77a50000 - 0x77ae6000 	C:\WINDOWS\system32\CRYPT32.dll
0x77af0000 - 0x77b02000 	C:\WINDOWS\system32\MSASN1.dll
0x716d0000 - 0x716f2000 	C:\WINDOWS\system32\eappcfg.dll
0x76030000 - 0x76095000 	C:\WINDOWS\system32\MSVCP60.dll
0x477c0000 - 0x477ce000 	C:\WINDOWS\system32\eappprxy.dll
0x76ea0000 - 0x76edc000 	C:\WINDOWS\system32\RASAPI32.dll
0x76e50000 - 0x76e62000 	C:\WINDOWS\system32\rasman.dll
0x76e70000 - 0x76e9f000 	C:\WINDOWS\system32\TAPI32.dll
0x72fb0000 - 0x72fc0000 	C:\WINDOWS\system32\WZCSAPI.DLL
0x7db20000 - 0x7dbac000 	C:\WINDOWS\system32\WZCSvc.DLL
0x76cf0000 - 0x76cf4000 	C:\WINDOWS\system32\WMI.dll
0x7d4c0000 - 0x7d4e2000 	C:\WINDOWS\system32\DHCPCSVC.DLL
0x71e10000 - 0x71e1b000 	C:\WINDOWS\system32\EapolQec.dll
0x47330000 - 0x47346000 	C:\WINDOWS\system32\QUtil.dll
0x6f8d0000 - 0x6f9e0000 	C:\WINDOWS\system32\ESENT.dll
0x73ab0000 - 0x73ac5000 	C:\WINDOWS\system32\mscms.dll
0x72f80000 - 0x72fa6000 	C:\WINDOWS\system32\WINSPOOL.DRV
0x68cd0000 - 0x68d11000 	C:\WINDOWS\system32\icm32.dll
0x6d180000 - 0x6d1a4000 	C:\Archivos de programa\Java\jre7\bin\dcpr.dll
0x6d590000 - 0x6d59e000 	C:\Archivos de programa\Java\jre7\bin\JdbcOdbc.dll
0x745e0000 - 0x7461d000 	C:\WINDOWS\system32\ODBC32.dll
0x76360000 - 0x763aa000 	C:\WINDOWS\system32\comdlg32.dll
0x1f840000 - 0x1f858000 	C:\WINDOWS\system32\odbcint.dll
0x4ddc0000 - 0x4de04000 	C:\WINDOWS\system32\odbcjt32.dll
0x1b000000 - 0x1b170000 	C:\WINDOWS\system32\msjet40.dll
0x1b5d0000 - 0x1b665000 	C:\WINDOWS\system32\mswstr10.dll
0x67240000 - 0x67250000 	C:\WINDOWS\system32\odbcji32.dll
0x1b2c0000 - 0x1b2cd000 	C:\WINDOWS\system32\msjter40.dll
0x1b2d0000 - 0x1b2fd000 	C:\WINDOWS\system32\MSJINT40.DLL
0x1b800000 - 0x1b83a000 	C:\WINDOWS\system32\msjtes40.dll
0x0f9a0000 - 0x0f9ab000 	C:\WINDOWS\system32\VBAJET32.DLL
0x0f9c0000 - 0x0fa22000 	C:\WINDOWS\system32\expsrv.dll
0x0a560000 - 0x0a5f8000 	C:\WINDOWS\system32\sqlite3odbc.dll
0x612d0000 - 0x612eb000 	C:\WINDOWS\system32\ODBCCP32.dll
0x5d4b0000 - 0x5d551000 	C:\WINDOWS\system32\dbghelp.dll

VM Arguments:
jvm_args: -Djava.library.path=C:\usr\lib\jvm -Dfile.encoding=Cp1252 
java_command: aplicacion.sistema.menu.test._Test
Launcher Type: SUN_STANDARD

Environment Variables:
CLASSPATH=.;C:\Archivos de programa\Java\jre6\lib\ext\QTJava.zip
PATH=C:/Archivos de programa/Java/jre7/bin/client;C:/Archivos de programa/Java/jre7/bin;C:\WINDOWS\system32;C:\WINDOWS;C:\WINDOWS\System32\Wbem;C:\Archivos de programa\Microsoft SQL Server\80\Tools\BINN;C:\Archivos de programa\QuickTime\QTSystem\;c:\Archivos de programa\Microsoft SQL Server\90\Tools\binn\;C:\Archivos de programa\Microsoft SQL Server\80\Tools\Binn\;C:\Archivos de programa\DataDirect\ConnectforODBC60\Drivers;C:\Archivos de programa\Archivos comunes\Citrix\System32;C:\ARCHIV~1\ARCHIV~1\FOLIOS~1;C:\Archivos de programa\OpenLink Software\UDA\bin\;C:\Archivos de programa\Nmap
USERNAME=Agustin
OS=Windows_NT
PROCESSOR_IDENTIFIER=x86 Family 6 Model 15 Stepping 13, GenuineIntel



---------------  S Y S T E M  ---------------

OS: Windows XP Build 2600 Service Pack 3

CPU:total 2 (2 cores per cpu, 1 threads per core) family 6 model 15 stepping 13, cmov, cx8, fxsr, mmx, sse, sse2, sse3, ssse3, tsc

Memory: 4k page, physical 2087276k(586244k free), swap 4024208k(1107688k free)

vm_info: Java HotSpot(TM) Client VM (24.45-b08) for windows-x86 JRE (1.7.0_45-b18), built on Oct  8 2013 06:02:43 by "java_re" with unknown MS VC++:1600

time: Wed Feb 12 15:33:16 2014
elapsed time: 2748 seconds

