#
# A fatal error has been detected by the Java Runtime Environment:
#
#  EXCEPTION_ACCESS_VIOLATION (0xc0000005) at pc=0x4be31f8c, pid=14648, tid=14960
#
# JRE version: 6.0_22-b04
# Java VM: Java HotSpot(TM) Client VM (17.1-b03 mixed mode, sharing windows-x86 )
# Problematic frame:
# C  [IDAPI32.DLL+0x51f8c]
#
# If you would like to submit a bug report, please visit:
#   http://java.sun.com/webapps/bugreport/crash.jsp
# The crash happened outside the Java Virtual Machine in native code.
# See problematic frame for where to report the bug.
#

---------------  T H R E A D  ---------------

Current thread (0x03508000):  JavaThread "Thread-9" [_thread_in_native, id=14960, stack(0x03a30000,0x03a80000)]

siginfo: ExceptionCode=0xc0000005, reading address 0x0000003c

Registers:
EAX=0x00000000, EBX=0x00000000, ECX=0x00000026, EDX=0x00000000
ESP=0x03a7cca8, EBP=0x03a7ccf8, ESI=0x00000000, EDI=0x03a7cd88
EIP=0x4be31f8c, EFLAGS=0x00010246

Top of Stack: (sp=0x03a7cca8)
0x03a7cca8:   03a7cd88 00000000 0baefa9c 03a7ccd4
0x03a7ccb8:   4be3440a 0bad006c 00000230 0bae0000
0x03a7ccc8:   03a7cd88 00000000 0000021a 03a7cce8
0x03a7ccd8:   4be34309 0bad0000 0000021e 0000021a
0x03a7cce8:   03a7ccfc 4be33ff0 4be33ffc 4be62cdc
0x03a7ccf8:   03a7cd1c 4bdf46c0 00000000 03a7cd18
0x03a7cd08:   00000000 00000000 00000000 00000000
0x03a7cd18:   03a7cd28 03a7cd90 4bdeb081 00000001 

Instructions: (pc=0x4be31f8c)
0x4be31f7c:   e8 0d a2 01 00 8b d8 85 f6 74 05 80 3e 00 75 0e
0x4be31f8c:   8b 43 3c 8b 10 8b 4d 0c 89 11 33 c0 eb 6d 8d 55 


Stack: [0x03a30000,0x03a80000],  sp=0x03a7cca8,  free space=13303a7c7dck
Native frames: (J=compiled Java code, j=interpreted, Vv=VM code, C=native code)
C  [IDAPI32.DLL+0x51f8c]
C  [IDAPI32.DLL+0x146c0]
C  [IDAPI32.DLL+0xb081]
C  [mspbde40.dll+0xb08d]

Java frames: (J=compiled Java code, j=interpreted, Vv=VM code)
j  sun.jdbc.odbc.JdbcOdbc.driverConnect(J[B[B)V+0
j  sun.jdbc.odbc.JdbcOdbc.SQLDriverConnect(JLjava/lang/String;)V+93
j  sun.jdbc.odbc.JdbcOdbcConnection.initialize(Ljava/lang/String;Ljava/util/Properties;I)V+984
j  sun.jdbc.odbc.JdbcOdbcDriver.connect(Ljava/lang/String;Ljava/util/Properties;)Ljava/sql/Connection;+129
j  java.sql.DriverManager.getConnection(Ljava/lang/String;Ljava/util/Properties;Ljava/lang/ClassLoader;)Ljava/sql/Connection;+210
j  java.sql.DriverManager.getConnection(Ljava/lang/String;)Ljava/sql/Connection;+15
j  aplicacion.herramientas.conexion.conectores.ODBC.connect()Z+17
j  aplicacion.actualizacion.global.logic._Data.createODBCConnection(Ljava/lang/String;)Z+50
j  aplicacion.actualizacion.global.logic._Logic.update()V+513
j  aplicacion.actualizacion.global.logic._Logic$_taskUpdate.<init>(Laplicacion/actualizacion/global/logic/_Logic;)V+10
j  aplicacion.actualizacion.global.logic._Logic$2.construct()Ljava/lang/Object;+8
j  aplicacion.herramientas.java.launcher.logic.SwingWorker$2.run()V+8
j  java.lang.Thread.run()V+11
v  ~StubRoutines::call_stub

---------------  P R O C E S S  ---------------

Java Threads: ( => current thread )
=>0x03508000 JavaThread "Thread-9" [_thread_in_native, id=14960, stack(0x03a30000,0x03a80000)]
  0x0327b800 JavaThread "jTDS TimerThread" daemon [_thread_blocked, id=15640, stack(0x03ca0000,0x03cf0000)]
  0x034a3c00 JavaThread "Trident pulse source thread" daemon [_thread_in_vm, id=14352, stack(0x03c50000,0x03ca0000)]
  0x0346dc00 JavaThread "Trident callback thread" daemon [_thread_in_vm, id=15628, stack(0x03c00000,0x03c50000)]
  0x03415c00 JavaThread "TimerQueue" daemon [_thread_blocked, id=15224, stack(0x03ba0000,0x03bf0000)]
  0x003f7c00 JavaThread "DestroyJavaVM" [_thread_blocked, id=14796, stack(0x00920000,0x00970000)]
  0x0324ec00 JavaThread "AWT-EventQueue-0" [_thread_in_native, id=14808, stack(0x037d0000,0x03820000)]
  0x03299800 JavaThread "AWT-Windows" daemon [_thread_in_native, id=16240, stack(0x03630000,0x03680000)]
  0x03298c00 JavaThread "AWT-Shutdown" [_thread_blocked, id=15140, stack(0x035e0000,0x03630000)]
  0x03216800 JavaThread "Java2D Disposer" daemon [_thread_blocked, id=14264, stack(0x03590000,0x035e0000)]
  0x02badc00 JavaThread "Low Memory Detector" daemon [_thread_blocked, id=11340, stack(0x02e60000,0x02eb0000)]
  0x02ba7c00 JavaThread "CompilerThread0" daemon [_thread_blocked, id=14464, stack(0x02e10000,0x02e60000)]
  0x02ba6400 JavaThread "Attach Listener" daemon [_thread_blocked, id=16268, stack(0x02dc0000,0x02e10000)]
  0x02ba5000 JavaThread "Signal Dispatcher" daemon [_thread_blocked, id=15664, stack(0x02d70000,0x02dc0000)]
  0x02ba1400 JavaThread "Finalizer" daemon [_thread_blocked, id=15892, stack(0x02d20000,0x02d70000)]
  0x02b9c800 JavaThread "Reference Handler" daemon [_thread_blocked, id=15564, stack(0x02cd0000,0x02d20000)]

Other Threads:
  0x02b9b000 VMThread [stack: 0x02c80000,0x02cd0000] [id=15904]
  0x02bb8800 WatcherThread [stack: 0x02eb0000,0x02f00000] [id=1032]

VM state:not at safepoint (normal execution)

VM Mutex/Monitor currently owned by a thread: None

Heap
 def new generation   total 36544K, used 9651K [0x22a20000, 0x251c0000, 0x27f70000)
  eden space 32512K,  22% used [0x22a20000, 0x23166080, 0x249e0000)
  from space 4032K,  54% used [0x24dd0000, 0x24ff6bb8, 0x251c0000)
  to   space 4032K,   0% used [0x249e0000, 0x249e0000, 0x24dd0000)
 tenured generation   total 81076K, used 50786K [0x27f70000, 0x2ce9d000, 0x32a20000)
   the space 81076K,  62% used [0x27f70000, 0x2b108a60, 0x2b108c00, 0x2ce9d000)
 compacting perm gen  total 12288K, used 6949K [0x32a20000, 0x33620000, 0x36a20000)
   the space 12288K,  56% used [0x32a20000, 0x330e9700, 0x330e9800, 0x33620000)
    ro space 10240K,  51% used [0x36a20000, 0x36f4baf8, 0x36f4bc00, 0x37420000)
    rw space 12288K,  54% used [0x37420000, 0x37ab76d8, 0x37ab7800, 0x38020000)

Dynamic libraries:
0x00400000 - 0x00424000 	C:\Archivos de programa\Java\jre6\bin\javaw.exe
0x7c910000 - 0x7c9c5000 	C:\WINDOWS\system32\ntdll.dll
0x7c800000 - 0x7c903000 	C:\WINDOWS\system32\kernel32.dll
0x77da0000 - 0x77e4c000 	C:\WINDOWS\system32\ADVAPI32.dll
0x77e50000 - 0x77ee2000 	C:\WINDOWS\system32\RPCRT4.dll
0x77fc0000 - 0x77fd1000 	C:\WINDOWS\system32\Secur32.dll
0x7e390000 - 0x7e421000 	C:\WINDOWS\system32\USER32.dll
0x77ef0000 - 0x77f39000 	C:\WINDOWS\system32\GDI32.dll
0x7c340000 - 0x7c396000 	C:\Archivos de programa\Java\jre6\bin\msvcr71.dll
0x6d7f0000 - 0x6da97000 	C:\Archivos de programa\Java\jre6\bin\client\jvm.dll
0x76b00000 - 0x76b2e000 	C:\WINDOWS\system32\WINMM.dll
0x6d7a0000 - 0x6d7ac000 	C:\Archivos de programa\Java\jre6\bin\verify.dll
0x6d320000 - 0x6d33f000 	C:\Archivos de programa\Java\jre6\bin\java.dll
0x6d280000 - 0x6d288000 	C:\Archivos de programa\Java\jre6\bin\hpi.dll
0x76bb0000 - 0x76bbb000 	C:\WINDOWS\system32\PSAPI.DLL
0x6d7e0000 - 0x6d7ef000 	C:\Archivos de programa\Java\jre6\bin\zip.dll
0x6d000000 - 0x6d14a000 	C:\Archivos de programa\Java\jre6\bin\awt.dll
0x72f80000 - 0x72fa6000 	C:\WINDOWS\system32\WINSPOOL.DRV
0x77be0000 - 0x77c38000 	C:\WINDOWS\system32\msvcrt.dll
0x76340000 - 0x7635d000 	C:\WINDOWS\system32\IMM32.dll
0x774b0000 - 0x775ed000 	C:\WINDOWS\system32\ole32.dll
0x773a0000 - 0x774a3000 	C:\WINDOWS\WinSxS\x86_Microsoft.Windows.Common-Controls_6595b64144ccf1df_6.0.2600.5512_x-ww_35d4ce83\COMCTL32.dll
0x77f40000 - 0x77fb6000 	C:\WINDOWS\system32\SHLWAPI.dll
0x5b150000 - 0x5b188000 	C:\WINDOWS\system32\uxtheme.dll
0x6d230000 - 0x6d27f000 	C:\Archivos de programa\Java\jre6\bin\fontmanager.dll
0x10000000 - 0x10009000 	C:\Archivos de programa\Softex\OmniPass\SCUREDLL.dll
0x7e6a0000 - 0x7eec1000 	C:\WINDOWS\system32\shell32.dll
0x6d600000 - 0x6d613000 	C:\Archivos de programa\Java\jre6\bin\net.dll
0x71a30000 - 0x71a47000 	C:\WINDOWS\system32\WS2_32.dll
0x71a20000 - 0x71a28000 	C:\WINDOWS\system32\WS2HELP.dll
0x719d0000 - 0x71a10000 	C:\WINDOWS\system32\mswsock.dll
0x66740000 - 0x66799000 	C:\WINDOWS\system32\hnetcfg.dll
0x590d0000 - 0x590d7000 	C:\WINDOWS\System32\wship6.dll
0x6d620000 - 0x6d629000 	C:\Archivos de programa\Java\jre6\bin\nio.dll
0x76ee0000 - 0x76f07000 	C:\WINDOWS\system32\DNSAPI.dll
0x76f70000 - 0x76f78000 	C:\WINDOWS\System32\winrnr.dll
0x76f20000 - 0x76f4d000 	C:\WINDOWS\system32\WLDAP32.dll
0x16080000 - 0x160a5000 	C:\Archivos de programa\Bonjour\mdnsNSP.dll
0x76d20000 - 0x76d39000 	C:\WINDOWS\system32\Iphlpapi.dll
0x47190000 - 0x471a2000 	C:\WINDOWS\system32\pnrpnsp.dll
0x76f80000 - 0x76f86000 	C:\WINDOWS\system32\rasadhlp.dll
0x68000000 - 0x68036000 	C:\WINDOWS\system32\rsaenh.dll
0x76630000 - 0x766e5000 	C:\WINDOWS\system32\USERENV.dll
0x597f0000 - 0x59845000 	C:\WINDOWS\system32\netapi32.dll
0x6c2c0000 - 0x6c322000 	C:\Documents and Settings\Agustin\Configuración local\Temp\libsqlitejdbc-6083457359572574873.lib
0x6d1a0000 - 0x6d1c3000 	C:\Archivos de programa\Java\jre6\bin\dcpr.dll
0x6d440000 - 0x6d465000 	C:\Archivos de programa\Java\jre6\bin\jpeg.dll
0x6d560000 - 0x6d5f3000 	C:\Archivos de programa\Java\jre6\bin\mlib_image.dll
0x71a10000 - 0x71a18000 	C:\WINDOWS\System32\wshtcpip.dll
0x6d360000 - 0x6d36d000 	C:\Archivos de programa\Java\jre6\bin\JdbcOdbc.dll
0x745e0000 - 0x7461d000 	C:\WINDOWS\system32\ODBC32.dll
0x76360000 - 0x763aa000 	C:\WINDOWS\system32\comdlg32.dll
0x1f840000 - 0x1f858000 	C:\WINDOWS\system32\odbcint.dll
0x4ddc0000 - 0x4de04000 	C:\WINDOWS\system32\odbcjt32.dll
0x1b000000 - 0x1b170000 	C:\WINDOWS\system32\msjet40.dll
0x1b5d0000 - 0x1b665000 	C:\WINDOWS\system32\mswstr10.dll
0x770f0000 - 0x7717b000 	C:\WINDOWS\system32\OLEAUT32.dll
0x67240000 - 0x67250000 	C:\WINDOWS\system32\odbcji32.dll
0x1b2c0000 - 0x1b2cd000 	C:\WINDOWS\system32\msjter40.dll
0x1b2d0000 - 0x1b2fd000 	C:\WINDOWS\system32\MSJINT40.DLL
0x76f90000 - 0x7700f000 	C:\WINDOWS\system32\CLBCATQ.DLL
0x77010000 - 0x770e0000 	C:\WINDOWS\system32\COMRes.dll
0x77bd0000 - 0x77bd8000 	C:\WINDOWS\system32\VERSION.dll
0x1b800000 - 0x1b83a000 	C:\WINDOWS\system32\msjtes40.dll
0x0f9a0000 - 0x0f9ab000 	C:\WINDOWS\system32\VBAJET32.DLL
0x0f9c0000 - 0x0fa22000 	C:\WINDOWS\system32\expsrv.dll
0x6b050000 - 0x6b144000 	C:\WINDOWS\system32\vfpodbc.dll
0x71aa0000 - 0x71ab2000 	C:\WINDOWS\system32\MPR.dll
0x612d0000 - 0x612eb000 	C:\WINDOWS\system32\odbccp32.dll
0x1b480000 - 0x1b4da000 	C:\WINDOWS\system32\msxbde40.dll
0x4bde0000 - 0x4be7a000 	C:\rodamet\catalogo\IDAPI32.DLL
0x4c9e0000 - 0x4ca04000 	C:\rodamet\catalogo\IDR20009.DLL
0x4e8e0000 - 0x4e900000 	C:\rodamet\catalogo\BANTAM.DLL
0x0d2d0000 - 0x0d346000 	C:\rodamet\catalogo\IDDBAS32.DLL
0x0d7a0000 - 0x0da76000 	C:\WINDOWS\system32\xpsp2res.dll
0x1b4e0000 - 0x1b538000 	C:\WINDOWS\system32\mspbde40.dll

VM Arguments:
jvm_args: -Djava.library.path=C:\usr\lib\jvm -Dfile.encoding=Cp1252 
java_command: aplicacion.actualizacion.global.test._Test
Launcher Type: SUN_STANDARD

Environment Variables:
CLASSPATH=.;C:\Archivos de programa\Java\jre6\lib\ext\QTJava.zip
PATH=C:/Archivos de programa/Java/jre6/bin/client;C:/Archivos de programa/Java/jre6/bin;C:\WINDOWS\system32;C:\WINDOWS;C:\WINDOWS\System32\Wbem;C:\Archivos de programa\Microsoft SQL Server\80\Tools\BINN;C:\Archivos de programa\QuickTime\QTSystem\;c:\Archivos de programa\Microsoft SQL Server\90\Tools\binn\;C:\Archivos de programa\Microsoft SQL Server\80\Tools\Binn\;C:\Archivos de programa\DataDirect\ConnectforODBC60\Drivers;C:\Archivos de programa\Archivos comunes\Citrix\System32;C:\ARCHIV~1\ARCHIV~1\FOLIOS~1;C:\Archivos de programa\Nmap
USERNAME=Agustin
OS=Windows_NT
PROCESSOR_IDENTIFIER=x86 Family 6 Model 15 Stepping 13, GenuineIntel



---------------  S Y S T E M  ---------------

OS: Windows XP Build 2600 Service Pack 3

CPU:total 2 (2 cores per cpu, 1 threads per core) family 6 model 15 stepping 13, cmov, cx8, fxsr, mmx, sse, sse2, sse3, ssse3

Memory: 4k page, physical 2087276k(250872k free), swap 4024208k(2179708k free)

vm_info: Java HotSpot(TM) Client VM (17.1-b03) for windows-x86 JRE (1.6.0_22-b04), built on Sep 15 2010 00:56:36 by "java_re" with MS VC++ 7.1 (VS2003)

time: Tue Dec 21 12:05:46 2010
elapsed time: 7481 seconds

