#
# A fatal error has been detected by the Java Runtime Environment:
#
#  EXCEPTION_ACCESS_VIOLATION (0xc0000005) at pc=0x6c2da3a5, pid=9404, tid=10452
#
# JRE version: 6.0_33-b03
# Java VM: Java HotSpot(TM) Client VM (20.8-b03 mixed mode, sharing windows-x86 )
# Problematic frame:
# C  [libsqlitejdbc-2635248268878393963.lib+0x1a3a5]
#
# If you would like to submit a bug report, please visit:
#   http://java.sun.com/webapps/bugreport/crash.jsp
# The crash happened outside the Java Virtual Machine in native code.
# See problematic frame for where to report the bug.
#

---------------  T H R E A D  ---------------

Current thread (0x040cd800):  JavaThread "Secondary finalizer" [_thread_in_native, id=10452, stack(0x05e10000,0x05e60000)]

siginfo: ExceptionCode=0xc0000005, reading address 0x03a99098

Registers:
EAX=0x03a99098, EBX=0x03a96e58, ECX=0x7ffa0000, EDX=0x03b09cd8
ESP=0x05e5f900, EBP=0x05e5f908, ESI=0x00000000, EDI=0x03b095e0
EIP=0x6c2da3a5, EFLAGS=0x00010206

Top of Stack: (sp=0x05e5f900)
0x05e5f900:   03a96e58 03a96e58 05e5f948 6c2daaed
0x05e5f910:   03a96e58 0000129d 05e5f950 6d8ef6e3
0x05e5f920:   040cd800 040cd800 2c1e4f20 6c2c4e86
0x05e5f930:   03b09cd8 00000000 00000000 03a96e58
0x05e5f940:   03b095e0 040cd800 05e5f968 6c2dae43
0x05e5f950:   03a96e58 6d9030ec 00000001 040cd800
0x05e5f960:   03a96e58 00000000 05e5f988 6c2dbbbf
0x05e5f970:   03a96e58 6d90367b 04027b64 05e5f9c8 

Instructions: (pc=0x6c2da3a5)
0x6c2da385:   5b 5e 5d c3 55 89 e5 56 53 8b 5d 08 83 7b 30 00
0x6c2da395:   74 41 be 00 00 00 00 83 7b 2c 00 7e 36 8b 43 30
0x6c2da3a5:   8b 04 b0 85 c0 74 26 80 bb 9c 00 00 00 00 74 06
0x6c2da3b5:   83 78 58 00 75 17 83 ec 08 50 53 e8 4c ff ff ff 


Register to memory mapping:

EAX=0x03a99098 is an unknown value
EBX=0x03a96e58 is an unknown value
ECX=0x7ffa0000 is an unknown value
EDX=0x03b09cd8 is an unknown value
ESP=0x05e5f900 is pointing into the stack for thread: 0x040cd800
EBP=0x05e5f908 is pointing into the stack for thread: 0x040cd800
ESI=0x00000000 is an unknown value
EDI=0x03b095e0 is an unknown value


Stack: [0x05e10000,0x05e60000],  sp=0x05e5f900,  free space=318k
Native frames: (J=compiled Java code, j=interpreted, Vv=VM code, C=native code)
C  [libsqlitejdbc-2635248268878393963.lib+0x1a3a5]
C  [libsqlitejdbc-2635248268878393963.lib+0x1aaed]
C  [libsqlitejdbc-2635248268878393963.lib+0x1ae43]
C  [libsqlitejdbc-2635248268878393963.lib+0x1bbbf]
C  [libsqlitejdbc-2635248268878393963.lib+0x1c31]  Java_org_sqlite_NativeDB_reset+0x1a
j  org.sqlite.NativeDB.reset(J)I+0
j  org.sqlite.RS.close()V+76
j  org.sqlite.RS.finalize()V+1
v  ~StubRoutines::call_stub
V  [jvm.dll+0xfadcb]
V  [jvm.dll+0x18c3e1]
V  [jvm.dll+0xfae4d]
V  [jvm.dll+0x959e1]
V  [jvm.dll+0x987a9]
C  [java.dll+0x2100]  Java_java_lang_ref_Finalizer_invokeFinalizeMethod+0x39
J  java.lang.ref.Finalizer.runFinalizer()V
j  java.lang.Thread.run()V+11
v  ~StubRoutines::call_stub
V  [jvm.dll+0xfadcb]
V  [jvm.dll+0x18c3e1]
V  [jvm.dll+0xfaf71]
V  [jvm.dll+0xfafcb]
V  [jvm.dll+0xb5569]
V  [jvm.dll+0x1190a4]
V  [jvm.dll+0x14108c]
C  [msvcr71.dll+0x9565]  endthreadex+0xa0
C  [kernel32.dll+0xb713]  GetModuleFileNameA+0x1b4

Java frames: (J=compiled Java code, j=interpreted, Vv=VM code)
j  org.sqlite.NativeDB.reset(J)I+0
j  org.sqlite.RS.close()V+76
j  org.sqlite.RS.finalize()V+1
v  ~StubRoutines::call_stub
J  java.lang.ref.Finalizer.invokeFinalizeMethod(Ljava/lang/Object;)V
J  java.lang.ref.Finalizer.runFinalizer()V
J  java.lang.ref.Finalizer.access$100(Ljava/lang/ref/Finalizer;)V
j  java.lang.ref.Finalizer$2.run()V+18
j  java.lang.Thread.run()V+11
v  ~StubRoutines::call_stub

---------------  P R O C E S S  ---------------

Java Threads: ( => current thread )
=>0x040cd800 JavaThread "Secondary finalizer" [_thread_in_native, id=10452, stack(0x05e10000,0x05e60000)]
  0x04027400 JavaThread "Thread-16454" [_thread_blocked, id=10756, stack(0x03820000,0x03870000)]
  0x034c7000 JavaThread "SwingWorker-pool-1-thread-4" daemon [_thread_blocked, id=9848, stack(0x05dc0000,0x05e10000)]
  0x034ca000 JavaThread "SwingWorker-pool-1-thread-3" daemon [_thread_blocked, id=12212, stack(0x05d70000,0x05dc0000)]
  0x034afc00 JavaThread "AWT-EventQueue-0" [_thread_blocked, id=10580, stack(0x05b20000,0x05b70000)]
  0x03539800 JavaThread "SwingWorker-pool-1-thread-2" daemon [_thread_blocked, id=10744, stack(0x05a80000,0x05ad0000)]
  0x033e9c00 JavaThread "Swing-Shell" daemon [_thread_blocked, id=10908, stack(0x03e70000,0x03ec0000)]
  0x03480800 JavaThread "SwingWorker-pool-1-thread-1" daemon [_thread_blocked, id=8204, stack(0x03d80000,0x03dd0000)]
  0x03318400 JavaThread "jTDS TimerThread" daemon [_thread_blocked, id=9608, stack(0x03e20000,0x03e70000)]
  0x03388000 JavaThread "Trident pulse source thread" daemon [_thread_blocked, id=8984, stack(0x03d30000,0x03d80000)]
  0x03387800 JavaThread "Trident callback thread" daemon [_thread_blocked, id=2812, stack(0x03ce0000,0x03d30000)]
  0x003f7c00 JavaThread "DestroyJavaVM" [_thread_blocked, id=10120, stack(0x00920000,0x00970000)]
  0x03122800 JavaThread "TimerQueue" daemon [_thread_blocked, id=1104, stack(0x03b80000,0x03bd0000)]
  0x03325800 JavaThread "AWT-Shutdown" [_thread_blocked, id=8928, stack(0x037d0000,0x03820000)]
  0x03286c00 JavaThread "AWT-Windows" daemon [_thread_in_native, id=7188, stack(0x03630000,0x03680000)]
  0x03284400 JavaThread "Java2D Disposer" daemon [_thread_blocked, id=876, stack(0x03590000,0x035e0000)]
  0x02bea400 JavaThread "Low Memory Detector" daemon [_thread_blocked, id=7184, stack(0x02e60000,0x02eb0000)]
  0x02be3c00 JavaThread "C1 CompilerThread0" daemon [_thread_blocked, id=3344, stack(0x02e10000,0x02e60000)]
  0x02be2400 JavaThread "Attach Listener" daemon [_thread_blocked, id=8868, stack(0x02dc0000,0x02e10000)]
  0x02be1000 JavaThread "Signal Dispatcher" daemon [_thread_blocked, id=9620, stack(0x02d70000,0x02dc0000)]
  0x02bd9400 JavaThread "Finalizer" daemon [_thread_blocked, id=2820, stack(0x02d20000,0x02d70000)]
  0x02bd7c00 JavaThread "Reference Handler" daemon [_thread_blocked, id=1756, stack(0x02cd0000,0x02d20000)]

Other Threads:
  0x02b9b800 VMThread [stack: 0x02c80000,0x02cd0000] [id=8252]
  0x02c0e400 WatcherThread [stack: 0x02eb0000,0x02f00000] [id=8504]

VM state:not at safepoint (normal execution)

VM Mutex/Monitor currently owned by a thread: None

Heap
 def new generation   total 62976K, used 922K [0x22a20000, 0x26e70000, 0x27f70000)
  eden space 56000K,   1% used [0x22a20000, 0x22b069c8, 0x260d0000)
  from space 6976K,   0% used [0x260d0000, 0x260d0000, 0x267a0000)
  to   space 6976K,   0% used [0x267a0000, 0x267a0000, 0x26e70000)
 tenured generation   total 139764K, used 78570K [0x27f70000, 0x307ed000, 0x32a20000)
   the space 139764K,  56% used [0x27f70000, 0x2cc2a808, 0x2cc2aa00, 0x307ed000)
 compacting perm gen  total 12288K, used 11745K [0x32a20000, 0x33620000, 0x36a20000)
   the space 12288K,  95% used [0x32a20000, 0x33598510, 0x33598600, 0x33620000)
    ro space 10240K,  51% used [0x36a20000, 0x36f4e720, 0x36f4e800, 0x37420000)
    rw space 12288K,  55% used [0x37420000, 0x37aba880, 0x37abaa00, 0x38020000)

Code Cache  [0x009a0000, 0x00f78000, 0x029a0000)
 total_blobs=3151 nmethods=2880 adapters=203 free_code_cache=27467520 largest_free_block=9408

Dynamic libraries:
0x00400000 - 0x00425000 	C:\Archivos de programa\Java\jre6\bin\javaw.exe
0x7c910000 - 0x7c9c5000 	C:\WINDOWS\system32\ntdll.dll
0x7c800000 - 0x7c903000 	C:\WINDOWS\system32\kernel32.dll
0x77da0000 - 0x77e4c000 	C:\WINDOWS\system32\ADVAPI32.dll
0x77e50000 - 0x77ee2000 	C:\WINDOWS\system32\RPCRT4.dll
0x77fc0000 - 0x77fd1000 	C:\WINDOWS\system32\Secur32.dll
0x7e390000 - 0x7e421000 	C:\WINDOWS\system32\USER32.dll
0x77ef0000 - 0x77f39000 	C:\WINDOWS\system32\GDI32.dll
0x76340000 - 0x7635d000 	C:\WINDOWS\system32\IMM32.DLL
0x7c340000 - 0x7c396000 	C:\Archivos de programa\Java\jre6\bin\msvcr71.dll
0x6d7f0000 - 0x6da9f000 	C:\Archivos de programa\Java\jre6\bin\client\jvm.dll
0x76b00000 - 0x76b2e000 	C:\WINDOWS\system32\WINMM.dll
0x6d7a0000 - 0x6d7ac000 	C:\Archivos de programa\Java\jre6\bin\verify.dll
0x6d320000 - 0x6d33f000 	C:\Archivos de programa\Java\jre6\bin\java.dll
0x6d7e0000 - 0x6d7ef000 	C:\Archivos de programa\Java\jre6\bin\zip.dll
0x6d000000 - 0x6d14c000 	C:\Archivos de programa\Java\jre6\bin\awt.dll
0x72f80000 - 0x72fa6000 	C:\WINDOWS\system32\WINSPOOL.DRV
0x77be0000 - 0x77c38000 	C:\WINDOWS\system32\msvcrt.dll
0x774b0000 - 0x775ed000 	C:\WINDOWS\system32\ole32.dll
0x773a0000 - 0x774a3000 	C:\WINDOWS\WinSxS\x86_Microsoft.Windows.Common-Controls_6595b64144ccf1df_6.0.2600.5512_x-ww_35d4ce83\COMCTL32.dll
0x77f40000 - 0x77fb6000 	C:\WINDOWS\system32\SHLWAPI.dll
0x5b150000 - 0x5b188000 	C:\WINDOWS\system32\uxtheme.dll
0x6d230000 - 0x6d27f000 	C:\Archivos de programa\Java\jre6\bin\fontmanager.dll
0x746b0000 - 0x746fc000 	C:\WINDOWS\system32\MSCTF.dll
0x10000000 - 0x10009000 	C:\Archivos de programa\Softex\OmniPass\SCUREDLL.dll
0x75160000 - 0x7518e000 	C:\WINDOWS\system32\msctfime.ime
0x7e6a0000 - 0x7eec1000 	C:\WINDOWS\system32\shell32.dll
0x6d600000 - 0x6d613000 	C:\Archivos de programa\Java\jre6\bin\net.dll
0x71a30000 - 0x71a47000 	C:\WINDOWS\system32\WS2_32.dll
0x71a20000 - 0x71a28000 	C:\WINDOWS\system32\WS2HELP.dll
0x719d0000 - 0x71a10000 	C:\WINDOWS\system32\mswsock.dll
0x66740000 - 0x66799000 	C:\WINDOWS\system32\hnetcfg.dll
0x590d0000 - 0x590d7000 	C:\WINDOWS\System32\wship6.dll
0x76ee0000 - 0x76f07000 	C:\WINDOWS\system32\DNSAPI.dll
0x76f70000 - 0x76f78000 	C:\WINDOWS\System32\winrnr.dll
0x76f20000 - 0x76f4d000 	C:\WINDOWS\system32\WLDAP32.dll
0x16080000 - 0x160a5000 	C:\Archivos de programa\Bonjour\mdnsNSP.dll
0x76d20000 - 0x76d39000 	C:\WINDOWS\system32\Iphlpapi.dll
0x47190000 - 0x471a2000 	C:\WINDOWS\system32\pnrpnsp.dll
0x76f80000 - 0x76f86000 	C:\WINDOWS\system32\rasadhlp.dll
0x68000000 - 0x68036000 	C:\WINDOWS\system32\rsaenh.dll
0x76630000 - 0x766e5000 	C:\WINDOWS\system32\USERENV.dll
0x597f0000 - 0x59845000 	C:\WINDOWS\system32\netapi32.dll
0x6c2c0000 - 0x6c322000 	C:\Documents and Settings\Agustin\Configuración local\Temp\libsqlitejdbc-2635248268878393963.lib
0x77b10000 - 0x77b32000 	C:\WINDOWS\system32\Apphelp.dll
0x6d620000 - 0x6d629000 	C:\Archivos de programa\Java\jre6\bin\nio.dll
0x77bd0000 - 0x77bd8000 	C:\WINDOWS\system32\VERSION.dll
0x6d1a0000 - 0x6d1c3000 	C:\Archivos de programa\Java\jre6\bin\dcpr.dll
0x6d440000 - 0x6d465000 	C:\Archivos de programa\Java\jre6\bin\jpeg.dll
0x6d560000 - 0x6d5f3000 	C:\Archivos de programa\Java\jre6\bin\mlib_image.dll
0x71a10000 - 0x71a18000 	C:\WINDOWS\System32\wshtcpip.dll
0x76f90000 - 0x7700f000 	C:\WINDOWS\system32\CLBCATQ.DLL
0x77010000 - 0x770e0000 	C:\WINDOWS\system32\COMRes.dll
0x770f0000 - 0x7717b000 	C:\WINDOWS\system32\OLEAUT32.dll
0x40290000 - 0x40d25000 	C:\WINDOWS\system32\ieframe.dll
0x400a0000 - 0x4028b000 	C:\WINDOWS\system32\iertutil.dll
0x44430000 - 0x44563000 	C:\WINDOWS\system32\urlmon.dll
0x3fa00000 - 0x3fae6000 	C:\WINDOWS\system32\WININET.dll
0x03e00000 - 0x03e09000 	C:\WINDOWS\system32\Normaliz.dll
0x04e60000 - 0x05136000 	C:\WINDOWS\system32\xpsp2res.dll
0x673b0000 - 0x673e8000 	c:\Archivos de programa\Archivos comunes\Corel\Shared\Shell Extension\x86\ShellXP.dll
0x05140000 - 0x051da000 	c:\Archivos de programa\Archivos comunes\Corel\Shared\Shell Extension\x86\FileInfoProvider.dll
0x4eba0000 - 0x4ed46000 	C:\WINDOWS\WinSxS\x86_Microsoft.Windows.GdiPlus_6595b64144ccf1df_1.0.2600.5512_x-ww_dfb54e0c\gdiplus.dll
0x77a50000 - 0x77ae6000 	C:\WINDOWS\system32\CRYPT32.dll
0x77af0000 - 0x77b02000 	C:\WINDOWS\system32\MSASN1.dll
0x051e0000 - 0x0524b000 	C:\Archivos de programa\OpenOffice.org 3\Basis\program\shlxthdl\shlxthdl.dll
0x78480000 - 0x7850e000 	C:\WINDOWS\WinSxS\x86_Microsoft.VC90.CRT_1fc8b3b9a1e18e3b_9.0.30729.4148_x-ww_d495ac4e\MSVCP90.dll
0x78520000 - 0x785c3000 	C:\WINDOWS\WinSxS\x86_Microsoft.VC90.CRT_1fc8b3b9a1e18e3b_9.0.30729.4148_x-ww_d495ac4e\MSVCR90.dll
0x05250000 - 0x05447000 	C:\Archivos de programa\Archivos comunes\Nero\SMC\NeroDigitalExt.dll
0x781d0000 - 0x782e0000 	C:\WINDOWS\WinSxS\x86_Microsoft.VC80.MFC_1fc8b3b9a1e18e3b_8.0.50727.4053_x-ww_b77cec8e\MFC80.DLL
0x78130000 - 0x781cb000 	C:\WINDOWS\WinSxS\x86_Microsoft.VC80.CRT_1fc8b3b9a1e18e3b_8.0.50727.4053_x-ww_e6967989\MSVCR80.dll
0x7c420000 - 0x7c4a7000 	C:\WINDOWS\WinSxS\x86_Microsoft.VC80.CRT_1fc8b3b9a1e18e3b_8.0.50727.4053_x-ww_e6967989\MSVCP80.dll
0x5d360000 - 0x5d36f000 	C:\WINDOWS\WinSxS\x86_Microsoft.VC80.MFCLOC_1fc8b3b9a1e18e3b_8.0.50727.4053_x-ww_0ccc058c\MFC80ESP.DLL
0x05550000 - 0x055ab000 	C:\Archivos de programa\Archivos comunes\Adobe\Acrobat\ActiveX\PDFShell.dll
0x055b0000 - 0x055fc000 	C:\Archivos de programa\Archivos comunes\Adobe\Acrobat\ActiveX\PDFShell.ESP
0x71aa0000 - 0x71ab2000 	C:\WINDOWS\system32\MPR.dll
0x75f10000 - 0x75f17000 	C:\WINDOWS\System32\drprov.dll
0x71bb0000 - 0x71bbe000 	C:\WINDOWS\System32\ntlanman.dll
0x71c70000 - 0x71c87000 	C:\WINDOWS\System32\NETUI0.dll
0x71c30000 - 0x71c70000 	C:\WINDOWS\System32\NETUI1.dll
0x71c20000 - 0x71c27000 	C:\WINDOWS\System32\NETRAP.dll
0x71b90000 - 0x71ba3000 	C:\WINDOWS\System32\SAMLIB.dll
0x75f20000 - 0x75f2a000 	C:\WINDOWS\System32\davclnt.dll
0x05600000 - 0x05614000 	C:\WINDOWS\system32\LMIRfsClientNP.dll
0x778f0000 - 0x779e7000 	C:\WINDOWS\system32\SETUPAPI.dll
0x73cf0000 - 0x73d03000 	C:\WINDOWS\system32\shgina.dll
0x75920000 - 0x75a19000 	C:\WINDOWS\system32\MSGINA.dll
0x745e0000 - 0x7461d000 	C:\WINDOWS\system32\ODBC32.dll
0x76360000 - 0x763aa000 	C:\WINDOWS\system32\comdlg32.dll
0x76310000 - 0x76320000 	C:\WINDOWS\system32\WINSTA.dll
0x1f840000 - 0x1f858000 	C:\WINDOWS\system32\odbcint.dll
0x4eee0000 - 0x4ef73000 	C:\WINDOWS\system32\wiashext.dll
0x73b20000 - 0x73b34000 	C:\WINDOWS\system32\sti.dll
0x74a70000 - 0x74a77000 	C:\WINDOWS\system32\CFGMGR32.dll
0x76940000 - 0x76948000 	C:\WINDOWS\system32\LINKINFO.dll
0x76950000 - 0x76976000 	C:\WINDOWS\system32\ntshrui.dll
0x76ae0000 - 0x76af1000 	C:\WINDOWS\system32\ATL.DLL
0x05910000 - 0x05927000 	C:\Documents and Settings\Agustin\Datos de programa\Dropbox\bin\DropboxExt.14.dll
0x5d4b0000 - 0x5d551000 	C:\WINDOWS\system32\dbghelp.dll
0x7c3a0000 - 0x7c41b000 	C:\Documents and Settings\Agustin\Datos de programa\Dropbox\bin\MSVCP71.dll
0x779f0000 - 0x77a45000 	C:\WINDOWS\System32\cscui.dll
0x765b0000 - 0x765cd000 	C:\WINDOWS\System32\CSCDLL.dll
0x75dd0000 - 0x75e61000 	C:\WINDOWS\system32\MLANG.dll
0x05a30000 - 0x05a3c000 	C:\Archivos de programa\Archivos comunes\Microsoft Shared\OFFICE11\MSOXEV.DLL
0x05a50000 - 0x05a62000 	C:\Archivos de programa\Microsoft Office\OFFICE11\msohev.dll
0x6d780000 - 0x6d788000 	C:\Archivos de programa\Java\jre6\bin\sunmscapi.dll
0x76bb0000 - 0x76bbb000 	C:\WINDOWS\system32\PSAPI.DLL

VM Arguments:
jvm_args: -Djava.library.path=C:\usr\lib\jvm -Dfile.encoding=Cp1252 
java_command: aplicacion.sistema.menu.test._Test
Launcher Type: SUN_STANDARD

Environment Variables:
CLASSPATH=.;C:\Archivos de programa\Java\jre6\lib\ext\QTJava.zip
PATH=C:/Archivos de programa/Java/jre7/bin/client;C:/Archivos de programa/Java/jre7/bin;C:\WINDOWS\system32;C:\WINDOWS;C:\WINDOWS\System32\Wbem;C:\Archivos de programa\Microsoft SQL Server\80\Tools\BINN;C:\Archivos de programa\QuickTime\QTSystem\;c:\Archivos de programa\Microsoft SQL Server\90\Tools\binn\;C:\Archivos de programa\Microsoft SQL Server\80\Tools\Binn\;C:\Archivos de programa\DataDirect\ConnectforODBC60\Drivers;C:\Archivos de programa\Archivos comunes\Citrix\System32;C:\ARCHIV~1\ARCHIV~1\FOLIOS~1;C:\Archivos de programa\Nmap
USERNAME=Agustin
OS=Windows_NT
PROCESSOR_IDENTIFIER=x86 Family 6 Model 15 Stepping 13, GenuineIntel



---------------  S Y S T E M  ---------------

OS: Windows XP Build 2600 Service Pack 3

CPU:total 2 (2 cores per cpu, 1 threads per core) family 6 model 15 stepping 13, cmov, cx8, fxsr, mmx, sse, sse2, sse3, ssse3

Memory: 4k page, physical 2087276k(271204k free), swap 4024208k(1307108k free)

vm_info: Java HotSpot(TM) Client VM (20.8-b03) for windows-x86 JRE (1.6.0_33-b03), built on May  9 2012 09:39:57 by "java_re" with MS VC++ 7.1 (VS2003)

time: Sat Jun 30 09:29:56 2012
elapsed time: 54480 seconds

