#
# A fatal error has been detected by the Java Runtime Environment:
#
#  EXCEPTION_ACCESS_VIOLATION (0xc0000005) at pc=0x7c92b1fa, pid=7708, tid=8116
#
# JRE version: Java(TM) SE Runtime Environment (7.0_45-b18) (build 1.7.0_45-b18)
# Java VM: Java HotSpot(TM) Client VM (24.45-b08 mixed mode, sharing windows-x86 )
# Problematic frame:
# C  [ntdll.dll+0x1b1fa]
#
# Failed to write core dump. Minidumps are not enabled by default on client versions of Windows
#
# If you would like to submit a bug report, please visit:
#   http://bugreport.sun.com/bugreport/crash.jsp
# The crash happened outside the Java Virtual Machine in native code.
# See problematic frame for where to report the bug.
#

---------------  T H R E A D  ---------------

Current thread (0x03645400):  JavaThread "Secondary finalizer" [_thread_in_native, id=8116, stack(0x0acc0000,0x0ad10000)]

siginfo: ExceptionCode=0xc0000005, writing address 0x00000010

Registers:
EAX=0x00000000, EBX=0x00000000, ECX=0x000008b8, EDX=0x03a3da98
ESP=0x0ad0f7dc, EBP=0x0ad0f850, ESI=0x03a3da88, EDI=0x00000000
EIP=0x7c92b1fa, EFLAGS=0x00010246

Top of Stack: (sp=0x0ad0f7dc)
0x0ad0f7dc:   03645400 00000000 03a3da88 00000000
0x0ad0f7ec:   0ad0f7dc 0ad0f80c 0ad0fa64 6e9f03de
0x0ad0f7fc:   5119f0ea 0ad0f87c 6e8a28cd 22b90040
0x0ad0f80c:   00000005 00000000 6e8a5ab0 03645400
0x0ad0f81c:   0ad0f8f8 02ddf634 00000000 00000000
0x0ad0f82c:   00000000 00000000 03645400 0ad0f8f8
0x0ad0f83c:   02ddf634 2813d298 2385e008 00000000
0x0ad0f84c:   000008b8 0ad0f878 7c911046 00a3da88 

Instructions: (pc=0x7c92b1fa)
0x7c92b1da:   98 7c f6 d8 57 1b c0 f7 d0 25 e0 b1 98 7c 8b f8
0x7c92b1ea:   8b 46 10 3b c3 89 45 fc 0f 84 9e 00 00 00 8b 06
0x7c92b1fa:   ff 40 10 8b 45 fc 83 e0 01 89 45 e8 8b 06 ff 40
0x7c92b20a:   14 f6 05 f0 02 fe 7f 01 0f 85 2e 69 02 00 39 5d 


Register to memory mapping:

EAX=0x00000000 is an unknown value
EBX=0x00000000 is an unknown value
ECX=0x000008b8 is an unknown value
EDX=0x03a3da98 is an unknown value
ESP=0x0ad0f7dc is pointing into the stack for thread: 0x03645400
EBP=0x0ad0f850 is pointing into the stack for thread: 0x03645400
ESI=0x03a3da88 is an unknown value
EDI=0x00000000 is an unknown value


Stack: [0x0acc0000,0x0ad10000],  sp=0x0ad0f7dc,  free space=317k
Native frames: (J=compiled Java code, j=interpreted, Vv=VM code, C=native code)
C  [ntdll.dll+0x1b1fa]
C  [ntdll.dll+0x1046]
C  [libsqlitejdbc-1689218904368242097.lib+0x4d0c]
C  [libsqlitejdbc-1689218904368242097.lib+0x1bbb7]
C  [libsqlitejdbc-1689218904368242097.lib+0x1c31]
j  org.sqlite.NativeDB.reset(J)I+0
j  org.sqlite.RS.close()V+76
j  org.sqlite.RS.finalize()V+1
v  ~StubRoutines::call_stub
V  [jvm.dll+0x13f1fa]
V  [jvm.dll+0x202aee]
V  [jvm.dll+0x13f27d]
V  [jvm.dll+0xc9bc2]
V  [jvm.dll+0xcd66f]
C  [java.dll+0x20b5]
J  java.lang.ref.Finalizer.runFinalizer()V
j  java.lang.Thread.run()V+11
v  ~StubRoutines::call_stub
V  [jvm.dll+0x13f1fa]
V  [jvm.dll+0x202aee]
V  [jvm.dll+0x13f3c5]
V  [jvm.dll+0x13f427]
V  [jvm.dll+0xeb81f]
V  [jvm.dll+0x16042c]
V  [jvm.dll+0x160e67]
V  [jvm.dll+0x1a49f9]
C  [msvcr100.dll+0x5c556]
C  [msvcr100.dll+0x5c600]
C  [kernel32.dll+0xb713]

Java frames: (J=compiled Java code, j=interpreted, Vv=VM code)
j  org.sqlite.NativeDB.reset(J)I+0
j  org.sqlite.RS.close()V+76
j  org.sqlite.RS.finalize()V+1
v  ~StubRoutines::call_stub
J  java.lang.ref.Finalizer.invokeFinalizeMethod(Ljava/lang/Object;)V
J  java.lang.ref.Finalizer.runFinalizer()V
J  java.lang.ref.Finalizer.access$100(Ljava/lang/ref/Finalizer;)V
j  java.lang.ref.Finalizer$2.run()V+31
j  java.lang.Thread.run()V+11
v  ~StubRoutines::call_stub

---------------  P R O C E S S  ---------------

Java Threads: ( => current thread )
=>0x03645400 JavaThread "Secondary finalizer" [_thread_in_native, id=8116, stack(0x0acc0000,0x0ad10000)]
  0x0363ec00 JavaThread "Thread-23765" [_thread_blocked, id=5488, stack(0x0ac70000,0x0acc0000)]
  0x03594000 JavaThread "SwingWorker-pool-1-thread-1" daemon [_thread_blocked, id=4200, stack(0x03ad0000,0x03b20000)]
  0x034c0400 JavaThread "jTDS TimerThread" daemon [_thread_blocked, id=5116, stack(0x03c90000,0x03ce0000)]
  0x008aac00 JavaThread "DestroyJavaVM" [_thread_blocked, id=6544, stack(0x00990000,0x009e0000)]
  0x0307c400 JavaThread "TimerQueue" daemon [_thread_blocked, id=2012, stack(0x03a80000,0x03ad0000)]
  0x03424400 JavaThread "AWT-EventQueue-0" [_thread_blocked, id=7032, stack(0x033a0000,0x033f0000)]
  0x03032400 JavaThread "AWT-Shutdown" [_thread_blocked, id=7864, stack(0x03310000,0x03360000)]
  0x030eb400 JavaThread "AWT-Windows" daemon [_thread_in_native, id=2988, stack(0x03210000,0x03260000)]
  0x0313e000 JavaThread "Java2D Disposer" daemon [_thread_blocked, id=7824, stack(0x03170000,0x031c0000)]
  0x02b29800 JavaThread "Service Thread" daemon [_thread_blocked, id=4348, stack(0x02ed0000,0x02f20000)]
  0x02b1b800 JavaThread "C1 CompilerThread0" daemon [_thread_blocked, id=7304, stack(0x02e80000,0x02ed0000)]
  0x02b1a000 JavaThread "Attach Listener" daemon [_thread_blocked, id=7592, stack(0x02e30000,0x02e80000)]
  0x02b18800 JavaThread "Signal Dispatcher" daemon [_thread_blocked, id=7792, stack(0x02de0000,0x02e30000)]
  0x02ab1400 JavaThread "Finalizer" daemon [_thread_blocked, id=7424, stack(0x02d90000,0x02de0000)]
  0x02aac400 JavaThread "Reference Handler" daemon [_thread_blocked, id=6796, stack(0x02d40000,0x02d90000)]

Other Threads:
  0x02aaa800 VMThread [stack: 0x02cf0000,0x02d40000] [id=6356]
  0x02b3d800 WatcherThread [stack: 0x02f20000,0x02f70000] [id=7444]

VM state:not at safepoint (normal execution)

VM Mutex/Monitor currently owned by a thread: None

Heap
 def new generation   total 36032K, used 13327K [0x22b90000, 0x252a0000, 0x280e0000)
  eden space 32064K,  41% used [0x22b90000, 0x23893f10, 0x24ae0000)
  from space 3968K,   0% used [0x24ec0000, 0x24ec0000, 0x252a0000)
  to   space 3968K,   0% used [0x24ae0000, 0x24ae0000, 0x24ec0000)
 tenured generation   total 79892K, used 26091K [0x280e0000, 0x2cee5000, 0x32b90000)
   the space 79892K,  32% used [0x280e0000, 0x29a5aed8, 0x29a5b000, 0x2cee5000)
 compacting perm gen  total 12288K, used 6862K [0x32b90000, 0x33790000, 0x36b90000)
   the space 12288K,  55% used [0x32b90000, 0x332438d0, 0x33243a00, 0x33790000)
    ro space 10240K,  41% used [0x36b90000, 0x36fc1a78, 0x36fc1c00, 0x37590000)
    rw space 12288K,  52% used [0x37590000, 0x37bd62c0, 0x37bd6400, 0x38190000)

Card table byte_map: [0x02b90000,0x02c40000] byte_map_base: 0x02a7a380

Polling page: 0x009e0000

Code Cache  [0x00a10000, 0x00d88000, 0x02a10000)
 total_blobs=1856 nmethods=1588 adapters=204 free_code_cache=29250Kb largest_free_block=29930816

Compilation events (10 events):
Event: 76864.525 Thread 0x02b1b800 1623             javax.swing.UIDefaults$TextAndMnemonicHashMap::get (358 bytes)
Event: 76864.536 Thread 0x02b1b800 nmethod 1623 0x00d80608 code [0x00d80b70, 0x00d824cc]
Event: 76864.958 Thread 0x02b1b800 1624   !         java.awt.Container::getComponent (42 bytes)
Event: 76864.958 Thread 0x02b1b800 nmethod 1624 0x00c18588 code [0x00c186d0, 0x00c189bc]
Event: 76864.958 Thread 0x02b1b800 1625             java.awt.Container::isRecursivelyVisibleUpToHeavyweightContainer (41 bytes)
Event: 76864.959 Thread 0x02b1b800 nmethod 1625 0x00ce7ac8 code [0x00ce7bf0, 0x00ce7d98]
Event: 76876.044 Thread 0x02b1b800 1626             java.util.Locale::hashCode (41 bytes)
Event: 76876.044 Thread 0x02b1b800 nmethod 1626 0x00c18248 code [0x00c18360, 0x00c18458]
Event: 76910.366 Thread 0x02b1b800 1627             java.util.Hashtable::access$600 (5 bytes)
Event: 76910.367 Thread 0x02b1b800 nmethod 1627 0x00c18088 code [0x00c18180, 0x00c181f0]

GC Heap History (10 events):
Event: 76856.260 GC heap before
{Heap before GC invocations=1382 (full 1261):
 def new generation   total 36032K, used 25048K [0x22b90000, 0x252a0000, 0x280e0000)
  eden space 32064K,  78% used [0x22b90000, 0x24406030, 0x24ae0000)
  from space 3968K,   0% used [0x24ec0000, 0x24ec0000, 0x252a0000)
  to   space 3968K,   0% used [0x24ae0000, 0x24ae0000, 0x24ec0000)
 tenured generation   total 79892K, used 25060K [0x280e0000, 0x2cee5000, 0x32b90000)
   the space 79892K,  31% used [0x280e0000, 0x29959098, 0x29959200, 0x2cee5000)
 compacting perm gen  total 12288K, used 6817K [0x32b90000, 0x33790000, 0x36b90000)
   the space 12288K,  55% used [0x32b90000, 0x332387c8, 0x33238800, 0x33790000)
    ro space 10240K,  41% used [0x36b90000, 0x36fc1a78, 0x36fc1c00, 0x37590000)
    rw space 12288K,  52% used [0x37590000, 0x37bd62c0, 0x37bd6400, 0x38190000)
Event: 76856.271 GC heap after
Heap after GC invocations=1383 (full 1261):
 def new generation   total 36032K, used 3K [0x22b90000, 0x252a0000, 0x280e0000)
  eden space 32064K,   0% used [0x22b90000, 0x22b90000, 0x24ae0000)
  from space 3968K,   0% used [0x24ae0000, 0x24ae0ca0, 0x24ec0000)
  to   space 3968K,   0% used [0x24ec0000, 0x24ec0000, 0x252a0000)
 tenured generation   total 79892K, used 34060K [0x280e0000, 0x2cee5000, 0x32b90000)
   the space 79892K,  42% used [0x280e0000, 0x2a2230a8, 0x2a223200, 0x2cee5000)
 compacting perm gen  total 12288K, used 6817K [0x32b90000, 0x33790000, 0x36b90000)
   the space 12288K,  55% used [0x32b90000, 0x332387c8, 0x33238800, 0x33790000)
    ro space 10240K,  41% used [0x36b90000, 0x36fc1a78, 0x36fc1c00, 0x37590000)
    rw space 12288K,  52% used [0x37590000, 0x37bd62c0, 0x37bd6400, 0x38190000)
}
Event: 76861.590 GC heap before
{Heap before GC invocations=1383 (full 1261):
 def new generation   total 36032K, used 23606K [0x22b90000, 0x252a0000, 0x280e0000)
  eden space 32064K,  73% used [0x22b90000, 0x2429ce78, 0x24ae0000)
  from space 3968K,   0% used [0x24ae0000, 0x24ae0ca0, 0x24ec0000)
  to   space 3968K,   0% used [0x24ec0000, 0x24ec0000, 0x252a0000)
 tenured generation   total 79892K, used 34060K [0x280e0000, 0x2cee5000, 0x32b90000)
   the space 79892K,  42% used [0x280e0000, 0x2a2230a8, 0x2a223200, 0x2cee5000)
 compacting perm gen  total 12288K, used 6817K [0x32b90000, 0x33790000, 0x36b90000)
   the space 12288K,  55% used [0x32b90000, 0x332387e8, 0x33238800, 0x33790000)
    ro space 10240K,  41% used [0x36b90000, 0x36fc1a78, 0x36fc1c00, 0x37590000)
    rw space 12288K,  52% used [0x37590000, 0x37bd62c0, 0x37bd6400, 0x38190000)
Event: 76861.607 GC heap after
Heap after GC invocations=1384 (full 1261):
 def new generation   total 36032K, used 3901K [0x22b90000, 0x252a0000, 0x280e0000)
  eden space 32064K,   0% used [0x22b90000, 0x22b90000, 0x24ae0000)
  from space 3968K,  98% used [0x24ec0000, 0x2528f700, 0x252a0000)
  to   space 3968K,   0% used [0x24ae0000, 0x24ae0000, 0x24ec0000)
 tenured generation   total 79892K, used 43663K [0x280e0000, 0x2cee5000, 0x32b90000)
   the space 79892K,  54% used [0x280e0000, 0x2ab83c20, 0x2ab83e00, 0x2cee5000)
 compacting perm gen  total 12288K, used 6817K [0x32b90000, 0x33790000, 0x36b90000)
   the space 12288K,  55% used [0x32b90000, 0x332387e8, 0x33238800, 0x33790000)
    ro space 10240K,  41% used [0x36b90000, 0x36fc1a78, 0x36fc1c00, 0x37590000)
    rw space 12288K,  52% used [0x37590000, 0x37bd62c0, 0x37bd6400, 0x38190000)
}
Event: 76904.152 GC heap before
{Heap before GC invocations=1384 (full 1261):
 def new generation   total 36032K, used 35965K [0x22b90000, 0x252a0000, 0x280e0000)
  eden space 32064K, 100% used [0x22b90000, 0x24ae0000, 0x24ae0000)
  from space 3968K,  98% used [0x24ec0000, 0x2528f700, 0x252a0000)
  to   space 3968K,   0% used [0x24ae0000, 0x24ae0000, 0x24ec0000)
 tenured generation   total 79892K, used 43663K [0x280e0000, 0x2cee5000, 0x32b90000)
   the space 79892K,  54% used [0x280e0000, 0x2ab83c20, 0x2ab83e00, 0x2cee5000)
 compacting perm gen  total 12288K, used 6862K [0x32b90000, 0x33790000, 0x36b90000)
   the space 12288K,  55% used [0x32b90000, 0x332438d0, 0x33243a00, 0x33790000)
    ro space 10240K,  41% used [0x36b90000, 0x36fc1a78, 0x36fc1c00, 0x37590000)
    rw space 12288K,  52% used [0x37590000, 0x37bd62c0, 0x37bd6400, 0x38190000)
Event: 76904.161 GC heap after
Heap after GC invocations=1385 (full 1261):
 def new generation   total 36032K, used 3968K [0x22b90000, 0x252a0000, 0x280e0000)
  eden space 32064K,   0% used [0x22b90000, 0x22b90000, 0x24ae0000)
  from space 3968K, 100% used [0x24ae0000, 0x24ec0000, 0x24ec0000)
  to   space 3968K,   0% used [0x24ec0000, 0x24ec0000, 0x252a0000)
 tenured generation   total 79892K, used 44682K [0x280e0000, 0x2cee5000, 0x32b90000)
   the space 79892K,  55% used [0x280e0000, 0x2ac828a8, 0x2ac82a00, 0x2cee5000)
 compacting perm gen  total 12288K, used 6862K [0x32b90000, 0x33790000, 0x36b90000)
   the space 12288K,  55% used [0x32b90000, 0x332438d0, 0x33243a00, 0x33790000)
    ro space 10240K,  41% used [0x36b90000, 0x36fc1a78, 0x36fc1c00, 0x37590000)
    rw space 12288K,  52% used [0x37590000, 0x37bd62c0, 0x37bd6400, 0x38190000)
}
Event: 76910.179 GC heap before
{Heap before GC invocations=1385 (full 1261):
 def new generation   total 36032K, used 4481K [0x22b90000, 0x252a0000, 0x280e0000)
  eden space 32064K,   1% used [0x22b90000, 0x22c10610, 0x24ae0000)
  from space 3968K, 100% used [0x24ae0000, 0x24ec0000, 0x24ec0000)
  to   space 3968K,   0% used [0x24ec0000, 0x24ec0000, 0x252a0000)
 tenured generation   total 79892K, used 44682K [0x280e0000, 0x2cee5000, 0x32b90000)
   the space 79892K,  55% used [0x280e0000, 0x2ac828a8, 0x2ac82a00, 0x2cee5000)
 compacting perm gen  total 12288K, used 6862K [0x32b90000, 0x33790000, 0x36b90000)
   the space 12288K,  55% used [0x32b90000, 0x332438d0, 0x33243a00, 0x33790000)
    ro space 10240K,  41% used [0x36b90000, 0x36fc1a78, 0x36fc1c00, 0x37590000)
    rw space 12288K,  52% used [0x37590000, 0x37bd62c0, 0x37bd6400, 0x38190000)
Event: 76910.186 GC heap after
Heap after GC invocations=1386 (full 1261):
 def new generation   total 36032K, used 2K [0x22b90000, 0x252a0000, 0x280e0000)
  eden space 32064K,   0% used [0x22b90000, 0x22b90000, 0x24ae0000)
  from space 3968K,   0% used [0x24ec0000, 0x24ec09d8, 0x252a0000)
  to   space 3968K,   0% used [0x24ae0000, 0x24ae0000, 0x24ec0000)
 tenured generation   total 79892K, used 48648K [0x280e0000, 0x2cee5000, 0x32b90000)
   the space 79892K,  60% used [0x280e0000, 0x2b062008, 0x2b062200, 0x2cee5000)
 compacting perm gen  total 12288K, used 6862K [0x32b90000, 0x33790000, 0x36b90000)
   the space 12288K,  55% used [0x32b90000, 0x332438d0, 0x33243a00, 0x33790000)
    ro space 10240K,  41% used [0x36b90000, 0x36fc1a78, 0x36fc1c00, 0x37590000)
    rw space 12288K,  52% used [0x37590000, 0x37bd62c0, 0x37bd6400, 0x38190000)
}
Event: 76910.188 GC heap before
{Heap before GC invocations=1386 (full 1261):
 def new generation   total 36032K, used 235K [0x22b90000, 0x252a0000, 0x280e0000)
  eden space 32064K,   0% used [0x22b90000, 0x22bca3c8, 0x24ae0000)
  from space 3968K,   0% used [0x24ec0000, 0x24ec09d8, 0x252a0000)
  to   space 3968K,   0% used [0x24ae0000, 0x24ae0000, 0x24ec0000)
 tenured generation   total 79892K, used 48648K [0x280e0000, 0x2cee5000, 0x32b90000)
   the space 79892K,  60% used [0x280e0000, 0x2b062008, 0x2b062200, 0x2cee5000)
 compacting perm gen  total 12288K, used 6862K [0x32b90000, 0x33790000, 0x36b90000)
   the space 12288K,  55% used [0x32b90000, 0x332438d0, 0x33243a00, 0x33790000)
    ro space 10240K,  41% used [0x36b90000, 0x36fc1a78, 0x36fc1c00, 0x37590000)
    rw space 12288K,  52% used [0x37590000, 0x37bd62c0, 0x37bd6400, 0x38190000)
Event: 76910.347 GC heap after
Heap after GC invocations=1387 (full 1262):
 def new generation   total 36032K, used 0K [0x22b90000, 0x252a0000, 0x280e0000)
  eden space 32064K,   0% used [0x22b90000, 0x22b90000, 0x24ae0000)
  from space 3968K,   0% used [0x24ec0000, 0x24ec0000, 0x252a0000)
  to   space 3968K,   0% used [0x24ae0000, 0x24ae0000, 0x24ec0000)
 tenured generation   total 79892K, used 26091K [0x280e0000, 0x2cee5000, 0x32b90000)
   the space 79892K,  32% used [0x280e0000, 0x29a5aed8, 0x29a5b000, 0x2cee5000)
 compacting perm gen  total 12288K, used 6862K [0x32b90000, 0x33790000, 0x36b90000)
   the space 12288K,  55% used [0x32b90000, 0x332438d0, 0x33243a00, 0x33790000)
    ro space 10240K,  41% used [0x36b90000, 0x36fc1a78, 0x36fc1c00, 0x37590000)
    rw space 12288K,  52% used [0x37590000, 0x37bd62c0, 0x37bd6400, 0x38190000)
}

Deoptimization events (0 events):
No events

Internal exceptions (10 events):
Event: 76864.820 Thread 0x03424400 Implicit null exception at 0x00ae41df to 0x00ae4c48
Event: 76864.820 Thread 0x03424400 Threw 0x246e3520 at C:\re\jdk7u45\229\hotspot\src\share\vm\runtime\sharedRuntime.cpp:591
Event: 76864.821 Thread 0x03424400 Threw 0x246e3ed8 at C:\re\jdk7u45\229\hotspot\src\share\vm\prims\jvm.cpp:1244
Event: 76864.864 Thread 0x03424400 Threw 0x246e54a8 at C:\re\jdk7u45\229\hotspot\src\share\vm\prims\jvm.cpp:1244
Event: 76864.938 Thread 0x03424400 Threw 0x246eecc8 at C:\re\jdk7u45\229\hotspot\src\share\vm\interpreter\linkResolver.cpp:883
Event: 76864.938 Thread 0x03424400 Threw 0x246eede0 at C:\re\jdk7u45\229\hotspot\src\share\vm\interpreter\linkResolver.cpp:883
Event: 76864.972 Thread 0x03424400 Threw 0x24714b00 at C:\re\jdk7u45\229\hotspot\src\share\vm\prims\jvm.cpp:1244
Event: 76864.973 Thread 0x03424400 Threw 0x2471de68 at C:\re\jdk7u45\229\hotspot\src\share\vm\prims\jvm.cpp:1244
Event: 76864.974 Thread 0x03424400 Threw 0x24729a70 at C:\re\jdk7u45\229\hotspot\src\share\vm\prims\jvm.cpp:1244
Event: 76864.974 Thread 0x03424400 Threw 0x24732dd0 at C:\re\jdk7u45\229\hotspot\src\share\vm\prims\jvm.cpp:1244

Events (10 events):
Event: 76910.176 Thread 0x0363ec00 Thread added: 0x0363ec00
Event: 76910.178 Executing VM operation: GenCollectFull
Event: 76910.178 Executing VM operation: GenCollectFull done
Event: 76910.178 Executing VM operation: GenCollectFull
Event: 76910.186 Executing VM operation: GenCollectFull done
Event: 76910.187 Thread 0x03645400 Thread added: 0x03645400
Event: 76910.188 Thread 0x03645400 Thread exited: 0x03645400
Event: 76910.188 Executing VM operation: GenCollectFull
Event: 76910.347 Executing VM operation: GenCollectFull done
Event: 76910.348 Thread 0x03645400 Thread added: 0x03645400


Dynamic libraries:
0x00400000 - 0x0042f000 	C:\Archivos de programa\Java\jre7\bin\javaw.exe
0x7c910000 - 0x7c9c5000 	C:\WINDOWS\system32\ntdll.dll
0x7c800000 - 0x7c903000 	C:\WINDOWS\system32\kernel32.dll
0x77da0000 - 0x77e4c000 	C:\WINDOWS\system32\ADVAPI32.dll
0x77e50000 - 0x77ee2000 	C:\WINDOWS\system32\RPCRT4.dll
0x77fc0000 - 0x77fd1000 	C:\WINDOWS\system32\Secur32.dll
0x7e390000 - 0x7e421000 	C:\WINDOWS\system32\USER32.dll
0x77ef0000 - 0x77f39000 	C:\WINDOWS\system32\GDI32.dll
0x773a0000 - 0x774a3000 	C:\WINDOWS\WinSxS\x86_Microsoft.Windows.Common-Controls_6595b64144ccf1df_6.0.2600.5512_x-ww_35d4ce83\COMCTL32.dll
0x77be0000 - 0x77c38000 	C:\WINDOWS\system32\msvcrt.dll
0x77f40000 - 0x77fb6000 	C:\WINDOWS\system32\SHLWAPI.dll
0x76340000 - 0x7635d000 	C:\WINDOWS\system32\IMM32.DLL
0x78aa0000 - 0x78b5f000 	C:\Archivos de programa\Java\jre7\bin\msvcr100.dll
0x6e760000 - 0x6eae0000 	C:\Archivos de programa\Java\jre7\bin\client\jvm.dll
0x71a50000 - 0x71a5a000 	C:\WINDOWS\system32\WSOCK32.dll
0x71a30000 - 0x71a47000 	C:\WINDOWS\system32\WS2_32.dll
0x71a20000 - 0x71a28000 	C:\WINDOWS\system32\WS2HELP.dll
0x76b00000 - 0x76b2e000 	C:\WINDOWS\system32\WINMM.dll
0x76bb0000 - 0x76bbb000 	C:\WINDOWS\system32\PSAPI.DLL
0x6e6b0000 - 0x6e6bc000 	C:\Archivos de programa\Java\jre7\bin\verify.dll
0x6d480000 - 0x6d4a0000 	C:\Archivos de programa\Java\jre7\bin\java.dll
0x6e740000 - 0x6e753000 	C:\Archivos de programa\Java\jre7\bin\zip.dll
0x6d000000 - 0x6d143000 	C:\Archivos de programa\Java\jre7\bin\awt.dll
0x770f0000 - 0x7717b000 	C:\WINDOWS\system32\OLEAUT32.dll
0x774b0000 - 0x775ed000 	C:\WINDOWS\system32\ole32.dll
0x5b150000 - 0x5b188000 	C:\WINDOWS\system32\uxtheme.dll
0x746b0000 - 0x746fc000 	C:\WINDOWS\system32\MSCTF.dll
0x75160000 - 0x7518e000 	C:\WINDOWS\system32\msctfime.ime
0x7e6a0000 - 0x7eec1000 	C:\WINDOWS\system32\SHELL32.dll
0x6e4a0000 - 0x6e4b4000 	C:\Archivos de programa\Java\jre7\bin\net.dll
0x719d0000 - 0x71a10000 	C:\WINDOWS\system32\mswsock.dll
0x66740000 - 0x66799000 	C:\WINDOWS\system32\hnetcfg.dll
0x590d0000 - 0x590d7000 	C:\WINDOWS\System32\wship6.dll
0x6e4c0000 - 0x6e4cf000 	C:\Archivos de programa\Java\jre7\bin\nio.dll
0x76ee0000 - 0x76f07000 	C:\WINDOWS\system32\DNSAPI.dll
0x76f70000 - 0x76f78000 	C:\WINDOWS\System32\winrnr.dll
0x76f20000 - 0x76f4d000 	C:\WINDOWS\system32\WLDAP32.dll
0x16080000 - 0x160a5000 	C:\Archivos de programa\Bonjour\mdnsNSP.dll
0x76d20000 - 0x76d39000 	C:\WINDOWS\system32\Iphlpapi.dll
0x47190000 - 0x471a2000 	C:\WINDOWS\system32\pnrpnsp.dll
0x76f80000 - 0x76f86000 	C:\WINDOWS\system32\rasadhlp.dll
0x68000000 - 0x68036000 	C:\WINDOWS\system32\rsaenh.dll
0x76630000 - 0x766e5000 	C:\WINDOWS\system32\USERENV.dll
0x597f0000 - 0x59845000 	C:\WINDOWS\system32\netapi32.dll
0x6c2c0000 - 0x6c322000 	C:\Documents and Settings\Agustin\Configuración local\Temp\libsqlitejdbc-1689218904368242097.lib
0x6d270000 - 0x6d2a8000 	C:\Archivos de programa\Java\jre7\bin\fontmanager.dll
0x77b10000 - 0x77b32000 	C:\WINDOWS\system32\Apphelp.dll
0x77bd0000 - 0x77bd8000 	C:\WINDOWS\system32\VERSION.dll
0x6e660000 - 0x6e690000 	C:\Archivos de programa\Java\jre7\bin\t2k.dll
0x76f90000 - 0x7700f000 	C:\WINDOWS\system32\CLBCATQ.DLL
0x77010000 - 0x770e0000 	C:\WINDOWS\system32\COMRes.dll
0x6e210000 - 0x6e235000 	C:\Archivos de programa\Java\jre7\bin\jpeg.dll
0x71a10000 - 0x71a18000 	C:\WINDOWS\System32\wshtcpip.dll
0x76d00000 - 0x76d18000 	C:\WINDOWS\system32\MPRAPI.dll
0x77c90000 - 0x77cc2000 	C:\WINDOWS\system32\ACTIVEDS.dll
0x76dd0000 - 0x76df5000 	C:\WINDOWS\system32\adsldpc.dll
0x76ae0000 - 0x76af1000 	C:\WINDOWS\system32\ATL.DLL
0x76e40000 - 0x76e4e000 	C:\WINDOWS\system32\rtutils.dll
0x71b90000 - 0x71ba3000 	C:\WINDOWS\system32\SAMLIB.dll
0x778f0000 - 0x779e7000 	C:\WINDOWS\system32\SETUPAPI.dll
0x77cd0000 - 0x77d03000 	C:\WINDOWS\system32\netman.dll
0x763b0000 - 0x76558000 	C:\WINDOWS\system32\netshell.dll
0x76bc0000 - 0x76bef000 	C:\WINDOWS\system32\credui.dll
0x72510000 - 0x7251a000 	C:\WINDOWS\system32\dot3api.dll
0x72640000 - 0x72646000 	C:\WINDOWS\system32\dot3dlg.dll
0x72770000 - 0x72798000 	C:\WINDOWS\system32\OneX.DLL
0x76f10000 - 0x76f18000 	C:\WINDOWS\system32\WTSAPI32.dll
0x76310000 - 0x76320000 	C:\WINDOWS\system32\WINSTA.dll
0x77a50000 - 0x77ae6000 	C:\WINDOWS\system32\CRYPT32.dll
0x77af0000 - 0x77b02000 	C:\WINDOWS\system32\MSASN1.dll
0x716d0000 - 0x716f2000 	C:\WINDOWS\system32\eappcfg.dll
0x76030000 - 0x76095000 	C:\WINDOWS\system32\MSVCP60.dll
0x477c0000 - 0x477ce000 	C:\WINDOWS\system32\eappprxy.dll
0x76ea0000 - 0x76edc000 	C:\WINDOWS\system32\RASAPI32.dll
0x76e50000 - 0x76e62000 	C:\WINDOWS\system32\rasman.dll
0x76e70000 - 0x76e9f000 	C:\WINDOWS\system32\TAPI32.dll
0x3fa00000 - 0x3fae6000 	C:\WINDOWS\system32\WININET.dll
0x03d30000 - 0x03d39000 	C:\WINDOWS\system32\Normaliz.dll
0x44430000 - 0x44563000 	C:\WINDOWS\system32\urlmon.dll
0x400a0000 - 0x4028b000 	C:\WINDOWS\system32\iertutil.dll
0x72fb0000 - 0x72fc0000 	C:\WINDOWS\system32\WZCSAPI.DLL
0x7db20000 - 0x7dbac000 	C:\WINDOWS\system32\WZCSvc.DLL
0x76cf0000 - 0x76cf4000 	C:\WINDOWS\system32\WMI.dll
0x7d4c0000 - 0x7d4e2000 	C:\WINDOWS\system32\DHCPCSVC.DLL
0x71e10000 - 0x71e1b000 	C:\WINDOWS\system32\EapolQec.dll
0x47330000 - 0x47346000 	C:\WINDOWS\system32\QUtil.dll
0x6f8d0000 - 0x6f9e0000 	C:\WINDOWS\system32\ESENT.dll
0x73ab0000 - 0x73ac5000 	C:\WINDOWS\system32\mscms.dll
0x72f80000 - 0x72fa6000 	C:\WINDOWS\system32\WINSPOOL.DRV
0x68cd0000 - 0x68d11000 	C:\WINDOWS\system32\icm32.dll
0x6d180000 - 0x6d1a4000 	C:\Archivos de programa\Java\jre7\bin\dcpr.dll
0x6d590000 - 0x6d59e000 	C:\Archivos de programa\Java\jre7\bin\JdbcOdbc.dll
0x745e0000 - 0x7461d000 	C:\WINDOWS\system32\ODBC32.dll
0x76360000 - 0x763aa000 	C:\WINDOWS\system32\comdlg32.dll
0x1f840000 - 0x1f858000 	C:\WINDOWS\system32\odbcint.dll
0x4ddc0000 - 0x4de04000 	C:\WINDOWS\system32\odbcjt32.dll
0x1b000000 - 0x1b170000 	C:\WINDOWS\system32\msjet40.dll
0x1b5d0000 - 0x1b665000 	C:\WINDOWS\system32\mswstr10.dll
0x67240000 - 0x67250000 	C:\WINDOWS\system32\odbcji32.dll
0x1b2c0000 - 0x1b2cd000 	C:\WINDOWS\system32\msjter40.dll
0x1b2d0000 - 0x1b2fd000 	C:\WINDOWS\system32\MSJINT40.DLL
0x1b800000 - 0x1b83a000 	C:\WINDOWS\system32\msjtes40.dll
0x0f9a0000 - 0x0f9ab000 	C:\WINDOWS\system32\VBAJET32.DLL
0x0f9c0000 - 0x0fa22000 	C:\WINDOWS\system32\expsrv.dll
0x10000000 - 0x10098000 	C:\WINDOWS\system32\sqlite3odbc.dll
0x612d0000 - 0x612eb000 	C:\WINDOWS\system32\ODBCCP32.dll
0x6e630000 - 0x6e650000 	C:\Archivos de programa\Java\jre7\bin\sunec.dll
0x6e650000 - 0x6e659000 	C:\Archivos de programa\Java\jre7\bin\sunmscapi.dll
0x5d4b0000 - 0x5d551000 	C:\WINDOWS\system32\dbghelp.dll

VM Arguments:
jvm_args: -Djava.library.path=C:\usr\lib\jvm -Dfile.encoding=Cp1252 
java_command: aplicacion.sistema.menu.test._Test
Launcher Type: SUN_STANDARD

Environment Variables:
CLASSPATH=.;C:\Archivos de programa\Java\jre6\lib\ext\QTJava.zip
PATH=C:/Archivos de programa/Java/jre7/bin/client;C:/Archivos de programa/Java/jre7/bin;C:\WINDOWS\system32;C:\WINDOWS;C:\WINDOWS\System32\Wbem;C:\Archivos de programa\Microsoft SQL Server\80\Tools\BINN;C:\Archivos de programa\QuickTime\QTSystem\;c:\Archivos de programa\Microsoft SQL Server\90\Tools\binn\;C:\Archivos de programa\Microsoft SQL Server\80\Tools\Binn\;C:\Archivos de programa\DataDirect\ConnectforODBC60\Drivers;C:\Archivos de programa\Archivos comunes\Citrix\System32;C:\ARCHIV~1\ARCHIV~1\FOLIOS~1;C:\Archivos de programa\OpenLink Software\UDA\bin\;C:\Archivos de programa\Nmap
USERNAME=Agustin
OS=Windows_NT
PROCESSOR_IDENTIFIER=x86 Family 6 Model 15 Stepping 13, GenuineIntel



---------------  S Y S T E M  ---------------

OS: Windows XP Build 2600 Service Pack 3

CPU:total 2 (2 cores per cpu, 1 threads per core) family 6 model 15 stepping 13, cmov, cx8, fxsr, mmx, sse, sse2, sse3, ssse3, tsc

Memory: 4k page, physical 2087276k(750136k free), swap 4252560k(922876k free)

vm_info: Java HotSpot(TM) Client VM (24.45-b08) for windows-x86 JRE (1.7.0_45-b18), built on Oct  8 2013 06:02:43 by "java_re" with unknown MS VC++:1600

time: Sat Feb 01 10:18:06 2014
elapsed time: 76910 seconds

