#
# A fatal error has been detected by the Java Runtime Environment:
#
#  EXCEPTION_ACCESS_VIOLATION (0xc0000005) at pc=0x7c92b1fa, pid=3768, tid=5296
#
# JRE version: Java(TM) SE Runtime Environment (7.0_45-b18) (build 1.7.0_45-b18)
# Java VM: Java HotSpot(TM) Client VM (24.45-b08 mixed mode, sharing windows-x86 )
# Problematic frame:
# C  [ntdll.dll+0x1b1fa]
#
# Failed to write core dump. Minidumps are not enabled by default on client versions of Windows
#
# If you would like to submit a bug report, please visit:
#   http://bugreport.sun.com/bugreport/crash.jsp
# The crash happened outside the Java Virtual Machine in native code.
# See problematic frame for where to report the bug.
#

---------------  T H R E A D  ---------------

Current thread (0x02ab4c00):  JavaThread "Finalizer" daemon [_thread_in_native, id=5296, stack(0x02d90000,0x02de0000)]

siginfo: ExceptionCode=0xc0000005, writing address 0x00000010

Registers:
EAX=0x00000000, EBX=0x00000000, ECX=0x000006d4, EDX=0x03a1b730
ESP=0x02ddf71c, EBP=0x02ddf790, ESI=0x03a1b720, EDI=0x00000000
EIP=0x7c92b1fa, EFLAGS=0x00010246

Top of Stack: (sp=0x02ddf71c)
0x02ddf71c:   02ab4c00 00000000 03a1b720 00000000
0x02ddf72c:   02ddf71c 02ddf74c 02ddf9a4 6e9f03de
0x02ddf73c:   ce33d5af 02ddf7bc 6e8a28cd 2811eb20
0x02ddf74c:   00000005 00000000 6e8a5ab0 02ab4c00
0x02ddf75c:   02ddf838 0376c78e 00000000 00000000
0x02ddf76c:   00000000 00000000 02ab4c00 02ddf838
0x02ddf77c:   0376c78e 00000013 0cd4fdb0 00000000
0x02ddf78c:   000006d4 02ddf7b8 7c911046 00a1b720 

Instructions: (pc=0x7c92b1fa)
0x7c92b1da:   98 7c f6 d8 57 1b c0 f7 d0 25 e0 b1 98 7c 8b f8
0x7c92b1ea:   8b 46 10 3b c3 89 45 fc 0f 84 9e 00 00 00 8b 06
0x7c92b1fa:   ff 40 10 8b 45 fc 83 e0 01 89 45 e8 8b 06 ff 40
0x7c92b20a:   14 f6 05 f0 02 fe 7f 01 0f 85 2e 69 02 00 39 5d 


Register to memory mapping:

EAX=0x00000000 is an unknown value
EBX=0x00000000 is an unknown value
ECX=0x000006d4 is an unknown value
EDX=0x03a1b730 is an unknown value
ESP=0x02ddf71c is pointing into the stack for thread: 0x02ab4c00
EBP=0x02ddf790 is pointing into the stack for thread: 0x02ab4c00
ESI=0x03a1b720 is an unknown value
EDI=0x00000000 is an unknown value


Stack: [0x02d90000,0x02de0000],  sp=0x02ddf71c,  free space=317k
Native frames: (J=compiled Java code, j=interpreted, Vv=VM code, C=native code)
C  [ntdll.dll+0x1b1fa]
C  [ntdll.dll+0x1046]
C  [libsqlitejdbc-7982136064706496879.lib+0x4d0c]
C  [libsqlitejdbc-7982136064706496879.lib+0x1bbb7]
C  [libsqlitejdbc-7982136064706496879.lib+0x1c31]
j  org.sqlite.NativeDB.reset(J)I+0
j  org.sqlite.RS.close()V+76
j  org.sqlite.RS.finalize()V+1
v  ~StubRoutines::call_stub
V  [jvm.dll+0x13f1fa]
V  [jvm.dll+0x202aee]
V  [jvm.dll+0x13f27d]
V  [jvm.dll+0xc9bc2]
V  [jvm.dll+0xcd66f]
C  [java.dll+0x20b5]
J  java.lang.ref.Finalizer.runFinalizer()V
V  [jvm.dll+0x13f1fa]
V  [jvm.dll+0x202aee]
V  [jvm.dll+0x13f3c5]
V  [jvm.dll+0x13f427]
V  [jvm.dll+0xeb81f]
V  [jvm.dll+0x16042c]
V  [jvm.dll+0x160e67]
V  [jvm.dll+0x1a49f9]
C  [msvcr100.dll+0x5c556]
C  [msvcr100.dll+0x5c600]
C  [kernel32.dll+0xb713]

Java frames: (J=compiled Java code, j=interpreted, Vv=VM code)
j  org.sqlite.NativeDB.reset(J)I+0
j  org.sqlite.RS.close()V+76
j  org.sqlite.RS.finalize()V+1
v  ~StubRoutines::call_stub
J  java.lang.ref.Finalizer.invokeFinalizeMethod(Ljava/lang/Object;)V
J  java.lang.ref.Finalizer.runFinalizer()V
J  java.lang.ref.Finalizer$FinalizerThread.run()V
v  ~StubRoutines::call_stub

---------------  P R O C E S S  ---------------

Java Threads: ( => current thread )
  0x03770800 JavaThread "SwingWorker-pool-1-thread-5" daemon [_thread_blocked, id=6228, stack(0x0c940000,0x0c990000)]
  0x03563400 JavaThread "SwingWorker-pool-1-thread-4" daemon [_thread_blocked, id=7468, stack(0x0c990000,0x0c9e0000)]
  0x03656400 JavaThread "SwingWorker-pool-1-thread-3" daemon [_thread_blocked, id=7864, stack(0x0c8f0000,0x0c940000)]
  0x035c4400 JavaThread "SwingWorker-pool-1-thread-2" daemon [_thread_blocked, id=508, stack(0x0c8a0000,0x0c8f0000)]
  0x03565800 JavaThread "Swing-Shell" daemon [_thread_blocked, id=8032, stack(0x0c0e0000,0x0c130000)]
  0x03438000 JavaThread "SwingWorker-pool-1-thread-1" daemon [_thread_blocked, id=3128, stack(0x03ad0000,0x03b20000)]
  0x0356d800 JavaThread "jTDS TimerThread" daemon [_thread_blocked, id=572, stack(0x03c40000,0x03c90000)]
  0x008aac00 JavaThread "DestroyJavaVM" [_thread_blocked, id=4520, stack(0x00990000,0x009e0000)]
  0x03412400 JavaThread "TimerQueue" daemon [_thread_blocked, id=7324, stack(0x03a80000,0x03ad0000)]
  0x0316f000 JavaThread "AWT-EventQueue-0" [_thread_blocked, id=6572, stack(0x033a0000,0x033f0000)]
  0x0316d400 JavaThread "AWT-Shutdown" [_thread_blocked, id=6580, stack(0x03310000,0x03360000)]
  0x0302c400 JavaThread "AWT-Windows" daemon [_thread_in_native, id=4216, stack(0x03220000,0x03270000)]
  0x02fcd000 JavaThread "Java2D Disposer" daemon [_thread_blocked, id=4464, stack(0x03180000,0x031d0000)]
  0x02b25400 JavaThread "Service Thread" daemon [_thread_blocked, id=1772, stack(0x02ed0000,0x02f20000)]
  0x02b1f400 JavaThread "C1 CompilerThread0" daemon [_thread_blocked, id=6292, stack(0x02e80000,0x02ed0000)]
  0x02b1d800 JavaThread "Attach Listener" daemon [_thread_blocked, id=8140, stack(0x02e30000,0x02e80000)]
  0x02b1c000 JavaThread "Signal Dispatcher" daemon [_thread_blocked, id=180, stack(0x02de0000,0x02e30000)]
=>0x02ab4c00 JavaThread "Finalizer" daemon [_thread_in_native, id=5296, stack(0x02d90000,0x02de0000)]
  0x02aac400 JavaThread "Reference Handler" daemon [_thread_blocked, id=1600, stack(0x02d40000,0x02d90000)]

Other Threads:
  0x02aaa800 VMThread [stack: 0x02cf0000,0x02d40000] [id=7472]
  0x02b41000 WatcherThread [stack: 0x02f20000,0x02f70000] [id=7780]

VM state:not at safepoint (normal execution)

VM Mutex/Monitor currently owned by a thread: None

Heap
 def new generation   total 64256K, used 755K [0x22b90000, 0x27140000, 0x280e0000)
  eden space 57152K,   1% used [0x22b90000, 0x22c4cf48, 0x26360000)
  from space 7104K,   0% used [0x26a50000, 0x26a50000, 0x27140000)
  to   space 7104K,   0% used [0x26360000, 0x26360000, 0x26a50000)
 tenured generation   total 142564K, used 53953K [0x280e0000, 0x30c19000, 0x32b90000)
   the space 142564K,  37% used [0x280e0000, 0x2b590668, 0x2b590800, 0x30c19000)
 compacting perm gen  total 12288K, used 8114K [0x32b90000, 0x33790000, 0x36b90000)
   the space 12288K,  66% used [0x32b90000, 0x3337caa0, 0x3337cc00, 0x33790000)
    ro space 10240K,  41% used [0x36b90000, 0x36fc1a78, 0x36fc1c00, 0x37590000)
    rw space 12288K,  52% used [0x37590000, 0x37bd62c0, 0x37bd6400, 0x38190000)

Card table byte_map: [0x02b90000,0x02c40000] byte_map_base: 0x02a7a380

Polling page: 0x009e0000

Code Cache  [0x00a10000, 0x00ea8000, 0x02a10000)
 total_blobs=2485 nmethods=2208 adapters=210 free_code_cache=28083Kb largest_free_block=28751872

Compilation events (10 events):
Event: 132764.891 Thread 0x02b1f400 2255             javax.swing.SwingUtilities::computeUnion (149 bytes)
Event: 132764.892 Thread 0x02b1f400 nmethod 2255 0x00ea38c8 code [0x00ea39c0, 0x00ea3aa0]
Event: 132764.895 Thread 0x02b1f400 2256   !         java.awt.Component::validate (105 bytes)
Event: 132764.897 Thread 0x02b1f400 nmethod 2256 0x00ea3b08 code [0x00ea3c50, 0x00ea3fbc]
Event: 132764.897 Thread 0x02b1f400 2257             sun.awt.NullComponentPeer::beginLayout (1 bytes)
Event: 132764.897 Thread 0x02b1f400 nmethod 2257 0x00ea42c8 code [0x00ea43c0, 0x00ea4440]
Event: 132764.897 Thread 0x02b1f400 2258             sun.awt.NullComponentPeer::endLayout (1 bytes)
Event: 132764.897 Thread 0x02b1f400 nmethod 2258 0x00ea4488 code [0x00ea4580, 0x00ea4600]
Event: 132764.906 Thread 0x02b1f400 2259             javax.swing.AbstractButton::getModel (5 bytes)
Event: 132764.906 Thread 0x02b1f400 nmethod 2259 0x00ea4648 code [0x00ea4740, 0x00ea47c0]

GC Heap History (10 events):
Event: 132514.633 GC heap before
{Heap before GC invocations=1732 (full 1497):
 def new generation   total 64256K, used 209K [0x22b90000, 0x27140000, 0x280e0000)
  eden space 57152K,   0% used [0x22b90000, 0x22bc47d0, 0x26360000)
  from space 7104K,   0% used [0x26a50000, 0x26a50000, 0x27140000)
  to   space 7104K,   0% used [0x26360000, 0x26360000, 0x26a50000)
 tenured generation   total 142564K, used 48664K [0x280e0000, 0x30c19000, 0x32b90000)
   the space 142564K,  34% used [0x280e0000, 0x2b066148, 0x2b066200, 0x30c19000)
 compacting perm gen  total 12288K, used 7704K [0x32b90000, 0x33790000, 0x36b90000)
   the space 12288K,  62% used [0x32b90000, 0x33316268, 0x33316400, 0x33790000)
    ro space 10240K,  41% used [0x36b90000, 0x36fc1a78, 0x36fc1c00, 0x37590000)
    rw space 12288K,  52% used [0x37590000, 0x37bd62c0, 0x37bd6400, 0x38190000)
Event: 132514.795 GC heap after
Heap after GC invocations=1733 (full 1498):
 def new generation   total 64256K, used 0K [0x22b90000, 0x27140000, 0x280e0000)
  eden space 57152K,   0% used [0x22b90000, 0x22b90000, 0x26360000)
  from space 7104K,   0% used [0x26a50000, 0x26a50000, 0x27140000)
  to   space 7104K,   0% used [0x26360000, 0x26360000, 0x26a50000)
 tenured generation   total 142564K, used 48664K [0x280e0000, 0x30c19000, 0x32b90000)
   the space 142564K,  34% used [0x280e0000, 0x2b0661b8, 0x2b066200, 0x30c19000)
 compacting perm gen  total 12288K, used 7704K [0x32b90000, 0x33790000, 0x36b90000)
   the space 12288K,  62% used [0x32b90000, 0x33316268, 0x33316400, 0x33790000)
    ro space 10240K,  41% used [0x36b90000, 0x36fc1a78, 0x36fc1c00, 0x37590000)
    rw space 12288K,  52% used [0x37590000, 0x37bd62c0, 0x37bd6400, 0x38190000)
}
Event: 132635.156 GC heap before
{Heap before GC invocations=1733 (full 1498):
 def new generation   total 64256K, used 14614K [0x22b90000, 0x27140000, 0x280e0000)
  eden space 57152K,  25% used [0x22b90000, 0x239d58b8, 0x26360000)
  from space 7104K,   0% used [0x26a50000, 0x26a50000, 0x27140000)
  to   space 7104K,   0% used [0x26360000, 0x26360000, 0x26a50000)
 tenured generation   total 142564K, used 48664K [0x280e0000, 0x30c19000, 0x32b90000)
   the space 142564K,  34% used [0x280e0000, 0x2b0661b8, 0x2b066200, 0x30c19000)
 compacting perm gen  total 12288K, used 7704K [0x32b90000, 0x33790000, 0x36b90000)
   the space 12288K,  62% used [0x32b90000, 0x33316268, 0x33316400, 0x33790000)
    ro space 10240K,  41% used [0x36b90000, 0x36fc1a78, 0x36fc1c00, 0x37590000)
    rw space 12288K,  52% used [0x37590000, 0x37bd62c0, 0x37bd6400, 0x38190000)
Event: 132635.318 GC heap after
Heap after GC invocations=1734 (full 1499):
 def new generation   total 64256K, used 0K [0x22b90000, 0x27140000, 0x280e0000)
  eden space 57152K,   0% used [0x22b90000, 0x22b90000, 0x26360000)
  from space 7104K,   0% used [0x26a50000, 0x26a50000, 0x27140000)
  to   space 7104K,   0% used [0x26360000, 0x26360000, 0x26a50000)
 tenured generation   total 142564K, used 48665K [0x280e0000, 0x30c19000, 0x32b90000)
   the space 142564K,  34% used [0x280e0000, 0x2b0667d8, 0x2b066800, 0x30c19000)
 compacting perm gen  total 12288K, used 7704K [0x32b90000, 0x33790000, 0x36b90000)
   the space 12288K,  62% used [0x32b90000, 0x33316268, 0x33316400, 0x33790000)
    ro space 10240K,  41% used [0x36b90000, 0x36fc1a78, 0x36fc1c00, 0x37590000)
    rw space 12288K,  52% used [0x37590000, 0x37bd62c0, 0x37bd6400, 0x38190000)
}
Event: 132635.319 GC heap before
{Heap before GC invocations=1734 (full 1499):
 def new generation   total 64256K, used 387K [0x22b90000, 0x27140000, 0x280e0000)
  eden space 57152K,   0% used [0x22b90000, 0x22bf0c10, 0x26360000)
  from space 7104K,   0% used [0x26a50000, 0x26a50000, 0x27140000)
  to   space 7104K,   0% used [0x26360000, 0x26360000, 0x26a50000)
 tenured generation   total 142564K, used 48665K [0x280e0000, 0x30c19000, 0x32b90000)
   the space 142564K,  34% used [0x280e0000, 0x2b0667d8, 0x2b066800, 0x30c19000)
 compacting perm gen  total 12288K, used 7704K [0x32b90000, 0x33790000, 0x36b90000)
   the space 12288K,  62% used [0x32b90000, 0x33316268, 0x33316400, 0x33790000)
    ro space 10240K,  41% used [0x36b90000, 0x36fc1a78, 0x36fc1c00, 0x37590000)
    rw space 12288K,  52% used [0x37590000, 0x37bd62c0, 0x37bd6400, 0x38190000)
Event: 132635.530 GC heap after
Heap after GC invocations=1735 (full 1500):
 def new generation   total 64256K, used 0K [0x22b90000, 0x27140000, 0x280e0000)
  eden space 57152K,   0% used [0x22b90000, 0x22b90000, 0x26360000)
  from space 7104K,   0% used [0x26a50000, 0x26a50000, 0x27140000)
  to   space 7104K,   0% used [0x26360000, 0x26360000, 0x26a50000)
 tenured generation   total 142564K, used 48283K [0x280e0000, 0x30c19000, 0x32b90000)
   the space 142564K,  33% used [0x280e0000, 0x2b006ed8, 0x2b007000, 0x30c19000)
 compacting perm gen  total 12288K, used 7704K [0x32b90000, 0x33790000, 0x36b90000)
   the space 12288K,  62% used [0x32b90000, 0x33316228, 0x33316400, 0x33790000)
    ro space 10240K,  41% used [0x36b90000, 0x36fc1a78, 0x36fc1c00, 0x37590000)
    rw space 12288K,  52% used [0x37590000, 0x37bd62c0, 0x37bd6400, 0x38190000)
}
Event: 132765.144 GC heap before
{Heap before GC invocations=1735 (full 1500):
 def new generation   total 64256K, used 34046K [0x22b90000, 0x27140000, 0x280e0000)
  eden space 57152K,  59% used [0x22b90000, 0x24ccfa00, 0x26360000)
  from space 7104K,   0% used [0x26a50000, 0x26a50000, 0x27140000)
  to   space 7104K,   0% used [0x26360000, 0x26360000, 0x26a50000)
 tenured generation   total 142564K, used 48283K [0x280e0000, 0x30c19000, 0x32b90000)
   the space 142564K,  33% used [0x280e0000, 0x2b006ed8, 0x2b007000, 0x30c19000)
 compacting perm gen  total 12288K, used 8114K [0x32b90000, 0x33790000, 0x36b90000)
   the space 12288K,  66% used [0x32b90000, 0x3337caa0, 0x3337cc00, 0x33790000)
    ro space 10240K,  41% used [0x36b90000, 0x36fc1a78, 0x36fc1c00, 0x37590000)
    rw space 12288K,  52% used [0x37590000, 0x37bd62c0, 0x37bd6400, 0x38190000)
Event: 132765.334 GC heap after
Heap after GC invocations=1736 (full 1501):
 def new generation   total 64256K, used 0K [0x22b90000, 0x27140000, 0x280e0000)
  eden space 57152K,   0% used [0x22b90000, 0x22b90000, 0x26360000)
  from space 7104K,   0% used [0x26a50000, 0x26a50000, 0x27140000)
  to   space 7104K,   0% used [0x26360000, 0x26360000, 0x26a50000)
 tenured generation   total 142564K, used 53953K [0x280e0000, 0x30c19000, 0x32b90000)
   the space 142564K,  37% used [0x280e0000, 0x2b590580, 0x2b590600, 0x30c19000)
 compacting perm gen  total 12288K, used 8114K [0x32b90000, 0x33790000, 0x36b90000)
   the space 12288K,  66% used [0x32b90000, 0x3337caa0, 0x3337cc00, 0x33790000)
    ro space 10240K,  41% used [0x36b90000, 0x36fc1a78, 0x36fc1c00, 0x37590000)
    rw space 12288K,  52% used [0x37590000, 0x37bd62c0, 0x37bd6400, 0x38190000)
}
Event: 132765.350 GC heap before
{Heap before GC invocations=1736 (full 1501):
 def new generation   total 64256K, used 760K [0x22b90000, 0x27140000, 0x280e0000)
  eden space 57152K,   1% used [0x22b90000, 0x22c4e1b8, 0x26360000)
  from space 7104K,   0% used [0x26a50000, 0x26a50000, 0x27140000)
  to   space 7104K,   0% used [0x26360000, 0x26360000, 0x26a50000)
 tenured generation   total 142564K, used 53953K [0x280e0000, 0x30c19000, 0x32b90000)
   the space 142564K,  37% used [0x280e0000, 0x2b590580, 0x2b590600, 0x30c19000)
 compacting perm gen  total 12288K, used 8114K [0x32b90000, 0x33790000, 0x36b90000)
   the space 12288K,  66% used [0x32b90000, 0x3337caa0, 0x3337cc00, 0x33790000)
    ro space 10240K,  41% used [0x36b90000, 0x36fc1a78, 0x36fc1c00, 0x37590000)
    rw space 12288K,  52% used [0x37590000, 0x37bd62c0, 0x37bd6400, 0x38190000)
Event: 132765.523 GC heap after
Heap after GC invocations=1737 (full 1502):
 def new generation   total 64256K, used 0K [0x22b90000, 0x27140000, 0x280e0000)
  eden space 57152K,   0% used [0x22b90000, 0x22b90000, 0x26360000)
  from space 7104K,   0% used [0x26a50000, 0x26a50000, 0x27140000)
  to   space 7104K,   0% used [0x26360000, 0x26360000, 0x26a50000)
 tenured generation   total 142564K, used 53953K [0x280e0000, 0x30c19000, 0x32b90000)
   the space 142564K,  37% used [0x280e0000, 0x2b590668, 0x2b590800, 0x30c19000)
 compacting perm gen  total 12288K, used 8114K [0x32b90000, 0x33790000, 0x36b90000)
   the space 12288K,  66% used [0x32b90000, 0x3337caa0, 0x3337cc00, 0x33790000)
    ro space 10240K,  41% used [0x36b90000, 0x36fc1a78, 0x36fc1c00, 0x37590000)
    rw space 12288K,  52% used [0x37590000, 0x37bd62c0, 0x37bd6400, 0x38190000)
}

Deoptimization events (0 events):
No events

Internal exceptions (10 events):
Event: 132760.687 Thread 0x0316f000 Threw 0x248372d8 at C:\re\jdk7u45\229\hotspot\src\share\vm\prims\jvm.cpp:1244
Event: 132760.687 Thread 0x0316f000 Threw 0x248406c0 at C:\re\jdk7u45\229\hotspot\src\share\vm\prims\jvm.cpp:1244
Event: 132760.871 Thread 0x0316f000 Implicit null exception at 0x00ae3f5f to 0x00ae49c8
Event: 132760.871 Thread 0x0316f000 Threw 0x2492af08 at C:\re\jdk7u45\229\hotspot\src\share\vm\runtime\sharedRuntime.cpp:591
Event: 132760.872 Thread 0x0316f000 Threw 0x24933098 at C:\re\jdk7u45\229\hotspot\src\share\vm\interpreter\linkResolver.cpp:883
Event: 132760.872 Thread 0x0316f000 Threw 0x249332a8 at C:\re\jdk7u45\229\hotspot\src\share\vm\interpreter\linkResolver.cpp:883
Event: 132764.776 Thread 0x0316f000 Threw 0x249bd6d0 at C:\re\jdk7u45\229\hotspot\src\share\vm\prims\jvm.cpp:1244
Event: 132764.777 Thread 0x0316f000 Threw 0x249c6af0 at C:\re\jdk7u45\229\hotspot\src\share\vm\prims\jvm.cpp:1244
Event: 132764.778 Thread 0x0316f000 Threw 0x249d2778 at C:\re\jdk7u45\229\hotspot\src\share\vm\prims\jvm.cpp:1244
Event: 132764.779 Thread 0x0316f000 Threw 0x249dbb38 at C:\re\jdk7u45\229\hotspot\src\share\vm\prims\jvm.cpp:1244

Events (10 events):
Event: 132765.523 Executing VM operation: GenCollectFull done
Event: 132765.524 Thread 0x0aa6d400 Thread added: 0x0aa6d400
Event: 132765.525 Thread 0x0aa6d400 Thread exited: 0x0aa6d400
Event: 132765.525 Thread 0x03730c00 Thread exited: 0x03730c00
Event: 132765.543 Thread 0x03730c00 Thread added: 0x03730c00
Event: 132765.544 Executing VM operation: RevokeBias
Event: 132765.544 Executing VM operation: RevokeBias done
Event: 132765.544 Executing VM operation: RevokeBias
Event: 132765.544 Executing VM operation: RevokeBias done
Event: 132765.544 Thread 0x03730c00 Thread exited: 0x03730c00


Dynamic libraries:
0x00400000 - 0x0042f000 	C:\Archivos de programa\Java\jre7\bin\javaw.exe
0x7c910000 - 0x7c9c5000 	C:\WINDOWS\system32\ntdll.dll
0x7c800000 - 0x7c903000 	C:\WINDOWS\system32\kernel32.dll
0x77da0000 - 0x77e4c000 	C:\WINDOWS\system32\ADVAPI32.dll
0x77e50000 - 0x77ee2000 	C:\WINDOWS\system32\RPCRT4.dll
0x77fc0000 - 0x77fd1000 	C:\WINDOWS\system32\Secur32.dll
0x7e390000 - 0x7e421000 	C:\WINDOWS\system32\USER32.dll
0x77ef0000 - 0x77f39000 	C:\WINDOWS\system32\GDI32.dll
0x773a0000 - 0x774a3000 	C:\WINDOWS\WinSxS\x86_Microsoft.Windows.Common-Controls_6595b64144ccf1df_6.0.2600.5512_x-ww_35d4ce83\COMCTL32.dll
0x77be0000 - 0x77c38000 	C:\WINDOWS\system32\msvcrt.dll
0x77f40000 - 0x77fb6000 	C:\WINDOWS\system32\SHLWAPI.dll
0x76340000 - 0x7635d000 	C:\WINDOWS\system32\IMM32.DLL
0x78aa0000 - 0x78b5f000 	C:\Archivos de programa\Java\jre7\bin\msvcr100.dll
0x6e760000 - 0x6eae0000 	C:\Archivos de programa\Java\jre7\bin\client\jvm.dll
0x71a50000 - 0x71a5a000 	C:\WINDOWS\system32\WSOCK32.dll
0x71a30000 - 0x71a47000 	C:\WINDOWS\system32\WS2_32.dll
0x71a20000 - 0x71a28000 	C:\WINDOWS\system32\WS2HELP.dll
0x76b00000 - 0x76b2e000 	C:\WINDOWS\system32\WINMM.dll
0x76bb0000 - 0x76bbb000 	C:\WINDOWS\system32\PSAPI.DLL
0x6e6b0000 - 0x6e6bc000 	C:\Archivos de programa\Java\jre7\bin\verify.dll
0x6d480000 - 0x6d4a0000 	C:\Archivos de programa\Java\jre7\bin\java.dll
0x6e740000 - 0x6e753000 	C:\Archivos de programa\Java\jre7\bin\zip.dll
0x6d000000 - 0x6d143000 	C:\Archivos de programa\Java\jre7\bin\awt.dll
0x770f0000 - 0x7717b000 	C:\WINDOWS\system32\OLEAUT32.dll
0x774b0000 - 0x775ed000 	C:\WINDOWS\system32\ole32.dll
0x5b150000 - 0x5b188000 	C:\WINDOWS\system32\uxtheme.dll
0x746b0000 - 0x746fc000 	C:\WINDOWS\system32\MSCTF.dll
0x75160000 - 0x7518e000 	C:\WINDOWS\system32\msctfime.ime
0x7e6a0000 - 0x7eec1000 	C:\WINDOWS\system32\SHELL32.dll
0x6e4a0000 - 0x6e4b4000 	C:\Archivos de programa\Java\jre7\bin\net.dll
0x719d0000 - 0x71a10000 	C:\WINDOWS\system32\mswsock.dll
0x66740000 - 0x66799000 	C:\WINDOWS\system32\hnetcfg.dll
0x590d0000 - 0x590d7000 	C:\WINDOWS\System32\wship6.dll
0x6e4c0000 - 0x6e4cf000 	C:\Archivos de programa\Java\jre7\bin\nio.dll
0x76ee0000 - 0x76f07000 	C:\WINDOWS\system32\DNSAPI.dll
0x76f70000 - 0x76f78000 	C:\WINDOWS\System32\winrnr.dll
0x76f20000 - 0x76f4d000 	C:\WINDOWS\system32\WLDAP32.dll
0x16080000 - 0x160a5000 	C:\Archivos de programa\Bonjour\mdnsNSP.dll
0x76d20000 - 0x76d39000 	C:\WINDOWS\system32\Iphlpapi.dll
0x47190000 - 0x471a2000 	C:\WINDOWS\system32\pnrpnsp.dll
0x76f80000 - 0x76f86000 	C:\WINDOWS\system32\rasadhlp.dll
0x68000000 - 0x68036000 	C:\WINDOWS\system32\rsaenh.dll
0x76630000 - 0x766e5000 	C:\WINDOWS\system32\USERENV.dll
0x597f0000 - 0x59845000 	C:\WINDOWS\system32\netapi32.dll
0x6c2c0000 - 0x6c322000 	C:\Documents and Settings\Agustin\Configuración local\Temp\libsqlitejdbc-7982136064706496879.lib
0x6d270000 - 0x6d2a8000 	C:\Archivos de programa\Java\jre7\bin\fontmanager.dll
0x77b10000 - 0x77b32000 	C:\WINDOWS\system32\Apphelp.dll
0x77bd0000 - 0x77bd8000 	C:\WINDOWS\system32\VERSION.dll
0x6e660000 - 0x6e690000 	C:\Archivos de programa\Java\jre7\bin\t2k.dll
0x76f90000 - 0x7700f000 	C:\WINDOWS\system32\CLBCATQ.DLL
0x77010000 - 0x770e0000 	C:\WINDOWS\system32\COMRes.dll
0x6e210000 - 0x6e235000 	C:\Archivos de programa\Java\jre7\bin\jpeg.dll
0x71a10000 - 0x71a18000 	C:\WINDOWS\System32\wshtcpip.dll
0x76d00000 - 0x76d18000 	C:\WINDOWS\system32\MPRAPI.dll
0x77c90000 - 0x77cc2000 	C:\WINDOWS\system32\ACTIVEDS.dll
0x76dd0000 - 0x76df5000 	C:\WINDOWS\system32\adsldpc.dll
0x76ae0000 - 0x76af1000 	C:\WINDOWS\system32\ATL.DLL
0x76e40000 - 0x76e4e000 	C:\WINDOWS\system32\rtutils.dll
0x71b90000 - 0x71ba3000 	C:\WINDOWS\system32\SAMLIB.dll
0x778f0000 - 0x779e7000 	C:\WINDOWS\system32\SETUPAPI.dll
0x77cd0000 - 0x77d03000 	C:\WINDOWS\system32\netman.dll
0x763b0000 - 0x76558000 	C:\WINDOWS\system32\netshell.dll
0x76bc0000 - 0x76bef000 	C:\WINDOWS\system32\credui.dll
0x72510000 - 0x7251a000 	C:\WINDOWS\system32\dot3api.dll
0x72640000 - 0x72646000 	C:\WINDOWS\system32\dot3dlg.dll
0x72770000 - 0x72798000 	C:\WINDOWS\system32\OneX.DLL
0x76f10000 - 0x76f18000 	C:\WINDOWS\system32\WTSAPI32.dll
0x76310000 - 0x76320000 	C:\WINDOWS\system32\WINSTA.dll
0x77a50000 - 0x77ae6000 	C:\WINDOWS\system32\CRYPT32.dll
0x77af0000 - 0x77b02000 	C:\WINDOWS\system32\MSASN1.dll
0x716d0000 - 0x716f2000 	C:\WINDOWS\system32\eappcfg.dll
0x76030000 - 0x76095000 	C:\WINDOWS\system32\MSVCP60.dll
0x477c0000 - 0x477ce000 	C:\WINDOWS\system32\eappprxy.dll
0x76ea0000 - 0x76edc000 	C:\WINDOWS\system32\RASAPI32.dll
0x76e50000 - 0x76e62000 	C:\WINDOWS\system32\rasman.dll
0x76e70000 - 0x76e9f000 	C:\WINDOWS\system32\TAPI32.dll
0x3fa00000 - 0x3fae6000 	C:\WINDOWS\system32\WININET.dll
0x03b20000 - 0x03b29000 	C:\WINDOWS\system32\Normaliz.dll
0x44430000 - 0x44563000 	C:\WINDOWS\system32\urlmon.dll
0x400a0000 - 0x4028b000 	C:\WINDOWS\system32\iertutil.dll
0x72fb0000 - 0x72fc0000 	C:\WINDOWS\system32\WZCSAPI.DLL
0x7db20000 - 0x7dbac000 	C:\WINDOWS\system32\WZCSvc.DLL
0x76cf0000 - 0x76cf4000 	C:\WINDOWS\system32\WMI.dll
0x7d4c0000 - 0x7d4e2000 	C:\WINDOWS\system32\DHCPCSVC.DLL
0x71e10000 - 0x71e1b000 	C:\WINDOWS\system32\EapolQec.dll
0x47330000 - 0x47346000 	C:\WINDOWS\system32\QUtil.dll
0x6f8d0000 - 0x6f9e0000 	C:\WINDOWS\system32\ESENT.dll
0x73ab0000 - 0x73ac5000 	C:\WINDOWS\system32\mscms.dll
0x72f80000 - 0x72fa6000 	C:\WINDOWS\system32\WINSPOOL.DRV
0x68cd0000 - 0x68d11000 	C:\WINDOWS\system32\icm32.dll
0x6d180000 - 0x6d1a4000 	C:\Archivos de programa\Java\jre7\bin\dcpr.dll
0x6d590000 - 0x6d59e000 	C:\Archivos de programa\Java\jre7\bin\JdbcOdbc.dll
0x745e0000 - 0x7461d000 	C:\WINDOWS\system32\ODBC32.dll
0x76360000 - 0x763aa000 	C:\WINDOWS\system32\comdlg32.dll
0x1f840000 - 0x1f858000 	C:\WINDOWS\system32\odbcint.dll
0x4ddc0000 - 0x4de04000 	C:\WINDOWS\system32\odbcjt32.dll
0x1b000000 - 0x1b170000 	C:\WINDOWS\system32\msjet40.dll
0x1b5d0000 - 0x1b665000 	C:\WINDOWS\system32\mswstr10.dll
0x67240000 - 0x67250000 	C:\WINDOWS\system32\odbcji32.dll
0x1b2c0000 - 0x1b2cd000 	C:\WINDOWS\system32\msjter40.dll
0x1b2d0000 - 0x1b2fd000 	C:\WINDOWS\system32\MSJINT40.DLL
0x1b800000 - 0x1b83a000 	C:\WINDOWS\system32\msjtes40.dll
0x0f9a0000 - 0x0f9ab000 	C:\WINDOWS\system32\VBAJET32.DLL
0x0f9c0000 - 0x0fa22000 	C:\WINDOWS\system32\expsrv.dll
0x6b050000 - 0x6b144000 	C:\WINDOWS\system32\vfpodbc.dll
0x71aa0000 - 0x71ab2000 	C:\WINDOWS\system32\MPR.dll
0x612d0000 - 0x612eb000 	C:\WINDOWS\system32\odbccp32.dll
0x58c30000 - 0x58cca000 	C:\WINDOWS\system32\comctl32.dll
0x0c130000 - 0x0c406000 	C:\WINDOWS\system32\xpsp2res.dll
0x673b0000 - 0x673e8000 	c:\Archivos de programa\Archivos comunes\Corel\Shared\Shell Extension\x86\ShellXP.dll
0x0c410000 - 0x0c4aa000 	c:\Archivos de programa\Archivos comunes\Corel\Shared\Shell Extension\x86\FileInfoProvider.dll
0x4eba0000 - 0x4ed46000 	C:\WINDOWS\WinSxS\x86_Microsoft.Windows.GdiPlus_6595b64144ccf1df_1.0.2600.5512_x-ww_dfb54e0c\gdiplus.dll
0x0c4d0000 - 0x0c53b000 	C:\Archivos de programa\OpenOffice.org 3\Basis\program\shlxthdl\shlxthdl.dll
0x78480000 - 0x7850e000 	C:\WINDOWS\WinSxS\x86_Microsoft.VC90.CRT_1fc8b3b9a1e18e3b_9.0.30729.4148_x-ww_d495ac4e\MSVCP90.dll
0x78520000 - 0x785c3000 	C:\WINDOWS\WinSxS\x86_Microsoft.VC90.CRT_1fc8b3b9a1e18e3b_9.0.30729.4148_x-ww_d495ac4e\MSVCR90.dll
0x10000000 - 0x101f7000 	C:\Archivos de programa\Archivos comunes\Nero\SMC\NeroDigitalExt.dll
0x781d0000 - 0x782e0000 	C:\WINDOWS\WinSxS\x86_Microsoft.VC80.MFC_1fc8b3b9a1e18e3b_8.0.50727.4053_x-ww_b77cec8e\MFC80.DLL
0x78130000 - 0x781cb000 	C:\WINDOWS\WinSxS\x86_Microsoft.VC80.CRT_1fc8b3b9a1e18e3b_8.0.50727.4053_x-ww_e6967989\MSVCR80.dll
0x7c420000 - 0x7c4a7000 	C:\WINDOWS\WinSxS\x86_Microsoft.VC80.CRT_1fc8b3b9a1e18e3b_8.0.50727.4053_x-ww_e6967989\MSVCP80.dll
0x5d360000 - 0x5d36f000 	C:\WINDOWS\WinSxS\x86_Microsoft.VC80.MFCLOC_1fc8b3b9a1e18e3b_8.0.50727.4053_x-ww_0ccc058c\MFC80ESP.DLL
0x0c6a0000 - 0x0c6fb000 	C:\Archivos de programa\Archivos comunes\Adobe\Acrobat\ActiveX\PDFShell.dll
0x0c710000 - 0x0c75c000 	C:\Archivos de programa\Archivos comunes\Adobe\Acrobat\ActiveX\PDFShell.ESP
0x75f10000 - 0x75f17000 	C:\WINDOWS\System32\drprov.dll
0x71bb0000 - 0x71bbe000 	C:\WINDOWS\System32\ntlanman.dll
0x71c70000 - 0x71c87000 	C:\WINDOWS\System32\NETUI0.dll
0x71c30000 - 0x71c70000 	C:\WINDOWS\System32\NETUI1.dll
0x71c20000 - 0x71c27000 	C:\WINDOWS\System32\NETRAP.dll
0x75f20000 - 0x75f2a000 	C:\WINDOWS\System32\davclnt.dll

VM Arguments:
jvm_args: -Djava.library.path=C:\usr\lib\jvm -Dfile.encoding=Cp1252 
java_command: aplicacion.sistema.menu.test._Test
Launcher Type: SUN_STANDARD

Environment Variables:
CLASSPATH=.;C:\Archivos de programa\Java\jre6\lib\ext\QTJava.zip
PATH=C:/Archivos de programa/Java/jre7/bin/client;C:/Archivos de programa/Java/jre7/bin;C:\WINDOWS\system32;C:\WINDOWS;C:\WINDOWS\System32\Wbem;C:\Archivos de programa\Microsoft SQL Server\80\Tools\BINN;C:\Archivos de programa\QuickTime\QTSystem\;c:\Archivos de programa\Microsoft SQL Server\90\Tools\binn\;C:\Archivos de programa\Microsoft SQL Server\80\Tools\Binn\;C:\Archivos de programa\DataDirect\ConnectforODBC60\Drivers;C:\Archivos de programa\Archivos comunes\Citrix\System32;C:\ARCHIV~1\ARCHIV~1\FOLIOS~1;C:\Archivos de programa\OpenLink Software\UDA\bin\;C:\Archivos de programa\Nmap
USERNAME=Agustin
OS=Windows_NT
PROCESSOR_IDENTIFIER=x86 Family 6 Model 15 Stepping 13, GenuineIntel



---------------  S Y S T E M  ---------------

OS: Windows XP Build 2600 Service Pack 3

CPU:total 2 (2 cores per cpu, 1 threads per core) family 6 model 15 stepping 13, cmov, cx8, fxsr, mmx, sse, sse2, sse3, ssse3, tsc

Memory: 4k page, physical 2087276k(670236k free), swap 4024208k(952744k free)

vm_info: Java HotSpot(TM) Client VM (24.45-b08) for windows-x86 JRE (1.7.0_45-b18), built on Oct  8 2013 06:02:43 by "java_re" with unknown MS VC++:1600

time: Fri Jan 31 09:57:42 2014
elapsed time: 132765 seconds

