#
# A fatal error has been detected by the Java Runtime Environment:
#
#  EXCEPTION_ACCESS_VIOLATION (0xc0000005) at pc=0x7c92b1fa, pid=163708, tid=32712
#
# JRE version: 6.0_33-b03
# Java VM: Java HotSpot(TM) Client VM (20.8-b03 mixed mode, sharing windows-x86 )
# Problematic frame:
# C  [ntdll.dll+0x1b1fa]
#
# If you would like to submit a bug report, please visit:
#   http://java.sun.com/webapps/bugreport/crash.jsp
# The crash happened outside the Java Virtual Machine in native code.
# See problematic frame for where to report the bug.
#

---------------  T H R E A D  ---------------

Current thread (0x033e7400):  JavaThread "Secondary finalizer" [_thread_in_native, id=32712, stack(0x069d0000,0x06a20000)]

siginfo: ExceptionCode=0xc0000005, writing address 0x00000010

Registers:
EAX=0x00000000, EBX=0x00000000, ECX=0x00000894, EDX=0x03aa1608
ESP=0x06a1f67c, EBP=0x06a1f6f0, ESI=0x03aa15f8, EDI=0x00000000
EIP=0x7c92b1fa, EFLAGS=0x00010246

Top of Stack: (sp=0x06a1f67c)
0x06a1f67c:   033e7400 00000000 03aa15f8 00002710
0x06a1f68c:   00000000 32bba660 32bba6c4 00000001
0x06a1f69c:   06a1f6b8 6d8e1bf4 033e765c 003f6c18
0x06a1f6ac:   00000001 0001fefd 06a1f740 6d8e253d
0x06a1f6bc:   06a1f6f8 033e7400 033e765c 32bb54f8
0x06a1f6cc:   06a1f6c0 06a1f928 6d9f9cf0 6d9fc6e8
0x06a1f6dc:   ffffffff 06a1f6f0 6d7f2b50 00000000
0x06a1f6ec:   00000894 06a1f718 7c911046 00aa15f8 

Instructions: (pc=0x7c92b1fa)
0x7c92b1da:   98 7c f6 d8 57 1b c0 f7 d0 25 e0 b1 98 7c 8b f8
0x7c92b1ea:   8b 46 10 3b c3 89 45 fc 0f 84 9e 00 00 00 8b 06
0x7c92b1fa:   ff 40 10 8b 45 fc 83 e0 01 89 45 e8 8b 06 ff 40
0x7c92b20a:   14 f6 05 f0 02 fe 7f 01 0f 85 2e 69 02 00 39 5d 


Register to memory mapping:

EAX=0x00000000 is an unknown value
EBX=0x00000000 is an unknown value
ECX=0x00000894 is an unknown value
EDX=0x03aa1608 is an unknown value
ESP=0x06a1f67c is pointing into the stack for thread: 0x033e7400
EBP=0x06a1f6f0 is pointing into the stack for thread: 0x033e7400
ESI=0x03aa15f8 is an unknown value
EDI=0x00000000 is an unknown value


Stack: [0x069d0000,0x06a20000],  sp=0x06a1f67c,  free space=317k
Native frames: (J=compiled Java code, j=interpreted, Vv=VM code, C=native code)
C  [ntdll.dll+0x1b1fa]  RtlpWaitForCriticalSection+0x5b
C  [ntdll.dll+0x1046]  RtlEnterCriticalSection+0x46
C  [libsqlitejdbc-1371139372745882440.lib+0x4d0c]
C  [libsqlitejdbc-1371139372745882440.lib+0x1bbb7]
C  [libsqlitejdbc-1371139372745882440.lib+0x1c31]  Java_org_sqlite_NativeDB_reset+0x1a
j  org.sqlite.NativeDB.reset(J)I+0
j  org.sqlite.RS.close()V+76
j  org.sqlite.Stmt.close()V+14
j  org.sqlite.Stmt.finalize()V+1
v  ~StubRoutines::call_stub
V  [jvm.dll+0xfadcb]
V  [jvm.dll+0x18c3e1]
V  [jvm.dll+0xfae4d]
V  [jvm.dll+0x959e1]
V  [jvm.dll+0x987a9]
C  [java.dll+0x2100]  Java_java_lang_ref_Finalizer_invokeFinalizeMethod+0x39
J  java.lang.ref.Finalizer.runFinalizer()V
j  java.lang.Thread.run()V+11
v  ~StubRoutines::call_stub
V  [jvm.dll+0xfadcb]
V  [jvm.dll+0x18c3e1]
V  [jvm.dll+0xfaf71]
V  [jvm.dll+0xfafcb]
V  [jvm.dll+0xb5569]
V  [jvm.dll+0x1190a4]
V  [jvm.dll+0x14108c]
C  [msvcr71.dll+0x9565]  endthreadex+0xa0
C  [kernel32.dll+0xb713]  GetModuleFileNameA+0x1b4

Java frames: (J=compiled Java code, j=interpreted, Vv=VM code)
j  org.sqlite.NativeDB.reset(J)I+0
j  org.sqlite.RS.close()V+76
j  org.sqlite.Stmt.close()V+14
j  org.sqlite.Stmt.finalize()V+1
v  ~StubRoutines::call_stub
J  java.lang.ref.Finalizer.invokeFinalizeMethod(Ljava/lang/Object;)V
J  java.lang.ref.Finalizer.runFinalizer()V
J  java.lang.ref.Finalizer.access$100(Ljava/lang/ref/Finalizer;)V
j  java.lang.ref.Finalizer$2.run()V+18
j  java.lang.Thread.run()V+11
v  ~StubRoutines::call_stub

---------------  P R O C E S S  ---------------

Java Threads: ( => current thread )
=>0x033e7400 JavaThread "Secondary finalizer" [_thread_in_native, id=32712, stack(0x069d0000,0x06a20000)]
  0x0314f800 JavaThread "Thread-5982" [_thread_blocked, id=155816, stack(0x06980000,0x069d0000)]
  0x034b5400 JavaThread "Swing-Shell" daemon [_thread_blocked, id=88788, stack(0x05550000,0x055a0000)]
  0x0350d800 JavaThread "Batik CleanerThread" daemon [_thread_blocked, id=163320, stack(0x05100000,0x05150000)]
  0x040ed800 JavaThread "Thread-710" daemon [_thread_in_native, id=161280, stack(0x04b40000,0x04b90000)]
  0x03391000 JavaThread "SwingWorker-pool-1-thread-10" daemon [_thread_blocked, id=155140, stack(0x048a0000,0x048f0000)]
  0x03390000 JavaThread "SwingWorker-pool-1-thread-9" daemon [_thread_blocked, id=162324, stack(0x04850000,0x048a0000)]
  0x0338f000 JavaThread "SwingWorker-pool-1-thread-8" daemon [_thread_blocked, id=34788, stack(0x04800000,0x04850000)]
  0x0338e400 JavaThread "SwingWorker-pool-1-thread-7" daemon [_thread_blocked, id=160644, stack(0x03f70000,0x03fc0000)]
  0x03315c00 JavaThread "SwingWorker-pool-1-thread-6" daemon [_thread_blocked, id=34132, stack(0x03820000,0x03870000)]
  0x033dc800 JavaThread "AWT-EventQueue-0" [_thread_in_Java, id=23332, stack(0x03f20000,0x03f70000)]
  0x034c4800 JavaThread "SwingWorker-pool-1-thread-5" daemon [_thread_blocked, id=147772, stack(0x03ec0000,0x03f10000)]
  0x03281000 JavaThread "SwingWorker-pool-1-thread-4" daemon [_thread_blocked, id=9856, stack(0x03e70000,0x03ec0000)]
  0x0400a400 JavaThread "SwingWorker-pool-1-thread-3" daemon [_thread_blocked, id=24236, stack(0x03dd0000,0x03e20000)]
  0x03403400 JavaThread "SwingWorker-pool-1-thread-2" daemon [_thread_blocked, id=159884, stack(0x03d80000,0x03dd0000)]
  0x03363c00 JavaThread "SwingWorker-pool-1-thread-1" daemon [_thread_blocked, id=161908, stack(0x03a30000,0x03a80000)]
  0x032ea400 JavaThread "jTDS TimerThread" daemon [_thread_blocked, id=161160, stack(0x03e20000,0x03e70000)]
  0x0336a800 JavaThread "Trident pulse source thread" daemon [_thread_blocked, id=161304, stack(0x03d30000,0x03d80000)]
  0x0336a000 JavaThread "Trident callback thread" daemon [_thread_blocked, id=161644, stack(0x03ce0000,0x03d30000)]
  0x032fd400 JavaThread "TimerQueue" daemon [_thread_blocked, id=160704, stack(0x03b80000,0x03bd0000)]
  0x003f7c00 JavaThread "DestroyJavaVM" [_thread_blocked, id=147932, stack(0x00920000,0x00970000)]
  0x030fa800 JavaThread "AWT-Shutdown" [_thread_blocked, id=163660, stack(0x037d0000,0x03820000)]
  0x03295000 JavaThread "AWT-Windows" daemon [_thread_in_native, id=7252, stack(0x03630000,0x03680000)]
  0x03292400 JavaThread "Java2D Disposer" daemon [_thread_blocked, id=162972, stack(0x03590000,0x035e0000)]
  0x02be9c00 JavaThread "Low Memory Detector" daemon [_thread_blocked, id=15304, stack(0x02e60000,0x02eb0000)]
  0x02be3c00 JavaThread "C1 CompilerThread0" daemon [_thread_blocked, id=160212, stack(0x02e10000,0x02e60000)]
  0x02be2400 JavaThread "Attach Listener" daemon [_thread_blocked, id=156684, stack(0x02dc0000,0x02e10000)]
  0x02be1000 JavaThread "Signal Dispatcher" daemon [_thread_blocked, id=163692, stack(0x02d70000,0x02dc0000)]
  0x02bd9400 JavaThread "Finalizer" daemon [_thread_blocked, id=160208, stack(0x02d20000,0x02d70000)]
  0x02bd7c00 JavaThread "Reference Handler" daemon [_thread_blocked, id=163352, stack(0x02cd0000,0x02d20000)]

Other Threads:
  0x02b9b800 VMThread [stack: 0x02c80000,0x02cd0000] [id=78852]
  0x02c0e400 WatcherThread [stack: 0x02eb0000,0x02f00000] [id=162524]

VM state:not at safepoint (normal execution)

VM Mutex/Monitor currently owned by a thread: None

Heap
 def new generation   total 41280K, used 16595K [0x22a20000, 0x256e0000, 0x27f70000)
  eden space 36736K,  45% used [0x22a20000, 0x23a54f00, 0x24e00000)
  from space 4544K,   0% used [0x24e00000, 0x24e00000, 0x25270000)
  to   space 4544K,   0% used [0x25270000, 0x25270000, 0x256e0000)
 tenured generation   total 91596K, used 54957K [0x27f70000, 0x2d8e3000, 0x32a20000)
   the space 91596K,  59% used [0x27f70000, 0x2b51b5e0, 0x2b51b600, 0x2d8e3000)
 compacting perm gen  total 19712K, used 19711K [0x32a20000, 0x33d60000, 0x36a20000)
   the space 19712K,  99% used [0x32a20000, 0x33d5ff88, 0x33d60000, 0x33d60000)
    ro space 10240K,  51% used [0x36a20000, 0x36f4e720, 0x36f4e800, 0x37420000)
    rw space 12288K,  55% used [0x37420000, 0x37aba880, 0x37abaa00, 0x38020000)

Code Cache  [0x009a0000, 0x00f58000, 0x029a0000)
 total_blobs=3142 nmethods=2853 adapters=222 free_code_cache=27565312 largest_free_block=384

Dynamic libraries:
0x00400000 - 0x00425000 	C:\Archivos de programa\Java\jre6\bin\javaw.exe
0x7c910000 - 0x7c9c5000 	C:\WINDOWS\system32\ntdll.dll
0x7c800000 - 0x7c903000 	C:\WINDOWS\system32\kernel32.dll
0x77da0000 - 0x77e4c000 	C:\WINDOWS\system32\ADVAPI32.dll
0x77e50000 - 0x77ee2000 	C:\WINDOWS\system32\RPCRT4.dll
0x77fc0000 - 0x77fd1000 	C:\WINDOWS\system32\Secur32.dll
0x7e390000 - 0x7e421000 	C:\WINDOWS\system32\USER32.dll
0x77ef0000 - 0x77f39000 	C:\WINDOWS\system32\GDI32.dll
0x76340000 - 0x7635d000 	C:\WINDOWS\system32\IMM32.DLL
0x7c340000 - 0x7c396000 	C:\Archivos de programa\Java\jre6\bin\msvcr71.dll
0x6d7f0000 - 0x6da9f000 	C:\Archivos de programa\Java\jre6\bin\client\jvm.dll
0x76b00000 - 0x76b2e000 	C:\WINDOWS\system32\WINMM.dll
0x6d7a0000 - 0x6d7ac000 	C:\Archivos de programa\Java\jre6\bin\verify.dll
0x6d320000 - 0x6d33f000 	C:\Archivos de programa\Java\jre6\bin\java.dll
0x6d7e0000 - 0x6d7ef000 	C:\Archivos de programa\Java\jre6\bin\zip.dll
0x6d000000 - 0x6d14c000 	C:\Archivos de programa\Java\jre6\bin\awt.dll
0x72f80000 - 0x72fa6000 	C:\WINDOWS\system32\WINSPOOL.DRV
0x77be0000 - 0x77c38000 	C:\WINDOWS\system32\msvcrt.dll
0x774b0000 - 0x775ed000 	C:\WINDOWS\system32\ole32.dll
0x773a0000 - 0x774a3000 	C:\WINDOWS\WinSxS\x86_Microsoft.Windows.Common-Controls_6595b64144ccf1df_6.0.2600.5512_x-ww_35d4ce83\COMCTL32.dll
0x77f40000 - 0x77fb6000 	C:\WINDOWS\system32\SHLWAPI.dll
0x5b150000 - 0x5b188000 	C:\WINDOWS\system32\uxtheme.dll
0x6d230000 - 0x6d27f000 	C:\Archivos de programa\Java\jre6\bin\fontmanager.dll
0x746b0000 - 0x746fc000 	C:\WINDOWS\system32\MSCTF.dll
0x10000000 - 0x10009000 	C:\Archivos de programa\Softex\OmniPass\SCUREDLL.dll
0x75160000 - 0x7518e000 	C:\WINDOWS\system32\msctfime.ime
0x7e6a0000 - 0x7eec1000 	C:\WINDOWS\system32\shell32.dll
0x6d600000 - 0x6d613000 	C:\Archivos de programa\Java\jre6\bin\net.dll
0x71a30000 - 0x71a47000 	C:\WINDOWS\system32\WS2_32.dll
0x71a20000 - 0x71a28000 	C:\WINDOWS\system32\WS2HELP.dll
0x719d0000 - 0x71a10000 	C:\WINDOWS\system32\mswsock.dll
0x66740000 - 0x66799000 	C:\WINDOWS\system32\hnetcfg.dll
0x590d0000 - 0x590d7000 	C:\WINDOWS\System32\wship6.dll
0x76ee0000 - 0x76f07000 	C:\WINDOWS\system32\DNSAPI.dll
0x76f70000 - 0x76f78000 	C:\WINDOWS\System32\winrnr.dll
0x76f20000 - 0x76f4d000 	C:\WINDOWS\system32\WLDAP32.dll
0x16080000 - 0x160a5000 	C:\Archivos de programa\Bonjour\mdnsNSP.dll
0x76d20000 - 0x76d39000 	C:\WINDOWS\system32\Iphlpapi.dll
0x47190000 - 0x471a2000 	C:\WINDOWS\system32\pnrpnsp.dll
0x76f80000 - 0x76f86000 	C:\WINDOWS\system32\rasadhlp.dll
0x68000000 - 0x68036000 	C:\WINDOWS\system32\rsaenh.dll
0x76630000 - 0x766e5000 	C:\WINDOWS\system32\USERENV.dll
0x597f0000 - 0x59845000 	C:\WINDOWS\system32\netapi32.dll
0x6c2c0000 - 0x6c322000 	C:\Documents and Settings\Agustin\Configuración local\Temp\libsqlitejdbc-1371139372745882440.lib
0x77b10000 - 0x77b32000 	C:\WINDOWS\system32\Apphelp.dll
0x6d620000 - 0x6d629000 	C:\Archivos de programa\Java\jre6\bin\nio.dll
0x77bd0000 - 0x77bd8000 	C:\WINDOWS\system32\VERSION.dll
0x6d1a0000 - 0x6d1c3000 	C:\Archivos de programa\Java\jre6\bin\dcpr.dll
0x6d440000 - 0x6d465000 	C:\Archivos de programa\Java\jre6\bin\jpeg.dll
0x6d560000 - 0x6d5f3000 	C:\Archivos de programa\Java\jre6\bin\mlib_image.dll
0x71a10000 - 0x71a18000 	C:\WINDOWS\System32\wshtcpip.dll
0x04b90000 - 0x04ba0000 	C:\WINDOWS\System32\spool\DRIVERS\W32X86\3\ZSDNT5UI.DLL
0x04bc0000 - 0x04be3000 	C:\WINDOWS\System32\spool\DRIVERS\W32X86\3\ZSDDM.DLL
0x04c00000 - 0x04c1a000 	C:\WINDOWS\System32\spool\DRIVERS\W32X86\3\ZSPOOL.dll
0x04c30000 - 0x04c48000 	C:\WINDOWS\System32\spool\DRIVERS\W32X86\3\ZGDI.dll
0x04c60000 - 0x04c6e000 	C:\WINDOWS\System32\spool\DRIVERS\W32X86\3\ZTAG.dll
0x71060000 - 0x7108c000 	C:\WINDOWS\System32\spool\DRIVERS\W32X86\3\ZSDDMUI.DLL
0x76360000 - 0x763aa000 	C:\WINDOWS\system32\COMDLG32.dll
0x04ae0000 - 0x04afb000 	C:\WINDOWS\System32\spool\DRIVERS\W32X86\3\ZIMFDRV.DLL
0x04b10000 - 0x04b20000 	C:\WINDOWS\System32\spool\DRIVERS\W32X86\3\ZIMF.dll
0x770f0000 - 0x7717b000 	C:\WINDOWS\system32\OLEAUT32.dll
0x6d780000 - 0x6d788000 	C:\Archivos de programa\Java\jre6\bin\sunmscapi.dll
0x77a50000 - 0x77ae6000 	C:\WINDOWS\system32\CRYPT32.dll
0x77af0000 - 0x77b02000 	C:\WINDOWS\system32\MSASN1.dll
0x05bf0000 - 0x05ec6000 	C:\WINDOWS\system32\xpsp2res.dll
0x76f90000 - 0x7700f000 	C:\WINDOWS\system32\CLBCATQ.DLL
0x77010000 - 0x770e0000 	C:\WINDOWS\system32\COMRes.dll
0x673b0000 - 0x673e8000 	c:\Archivos de programa\Archivos comunes\Corel\Shared\Shell Extension\x86\ShellXP.dll
0x05ed0000 - 0x05f6a000 	c:\Archivos de programa\Archivos comunes\Corel\Shared\Shell Extension\x86\FileInfoProvider.dll
0x4eba0000 - 0x4ed46000 	C:\WINDOWS\WinSxS\x86_Microsoft.Windows.GdiPlus_6595b64144ccf1df_1.0.2600.5512_x-ww_dfb54e0c\gdiplus.dll
0x05f80000 - 0x05feb000 	C:\Archivos de programa\OpenOffice.org 3\Basis\program\shlxthdl\shlxthdl.dll
0x78480000 - 0x7850e000 	C:\WINDOWS\WinSxS\x86_Microsoft.VC90.CRT_1fc8b3b9a1e18e3b_9.0.30729.4148_x-ww_d495ac4e\MSVCP90.dll
0x78520000 - 0x785c3000 	C:\WINDOWS\WinSxS\x86_Microsoft.VC90.CRT_1fc8b3b9a1e18e3b_9.0.30729.4148_x-ww_d495ac4e\MSVCR90.dll
0x06010000 - 0x06207000 	C:\Archivos de programa\Archivos comunes\Nero\SMC\NeroDigitalExt.dll
0x781d0000 - 0x782e0000 	C:\WINDOWS\WinSxS\x86_Microsoft.VC80.MFC_1fc8b3b9a1e18e3b_8.0.50727.4053_x-ww_b77cec8e\MFC80.DLL
0x78130000 - 0x781cb000 	C:\WINDOWS\WinSxS\x86_Microsoft.VC80.CRT_1fc8b3b9a1e18e3b_8.0.50727.4053_x-ww_e6967989\MSVCR80.dll
0x7c420000 - 0x7c4a7000 	C:\WINDOWS\WinSxS\x86_Microsoft.VC80.CRT_1fc8b3b9a1e18e3b_8.0.50727.4053_x-ww_e6967989\MSVCP80.dll
0x5d360000 - 0x5d36f000 	C:\WINDOWS\WinSxS\x86_Microsoft.VC80.MFCLOC_1fc8b3b9a1e18e3b_8.0.50727.4053_x-ww_0ccc058c\MFC80ESP.DLL
0x06350000 - 0x063ab000 	C:\Archivos de programa\Archivos comunes\Adobe\Acrobat\ActiveX\PDFShell.dll
0x063c0000 - 0x0640c000 	C:\Archivos de programa\Archivos comunes\Adobe\Acrobat\ActiveX\PDFShell.ESP
0x71aa0000 - 0x71ab2000 	C:\WINDOWS\system32\MPR.dll
0x75f10000 - 0x75f17000 	C:\WINDOWS\System32\drprov.dll
0x71bb0000 - 0x71bbe000 	C:\WINDOWS\System32\ntlanman.dll
0x71c70000 - 0x71c87000 	C:\WINDOWS\System32\NETUI0.dll
0x71c30000 - 0x71c70000 	C:\WINDOWS\System32\NETUI1.dll
0x71c20000 - 0x71c27000 	C:\WINDOWS\System32\NETRAP.dll
0x71b90000 - 0x71ba3000 	C:\WINDOWS\System32\SAMLIB.dll
0x75f20000 - 0x75f2a000 	C:\WINDOWS\System32\davclnt.dll
0x06420000 - 0x06434000 	C:\WINDOWS\system32\LMIRfsClientNP.dll
0x778f0000 - 0x779e7000 	C:\WINDOWS\system32\SETUPAPI.dll
0x73cf0000 - 0x73d03000 	C:\WINDOWS\system32\shgina.dll
0x75920000 - 0x75a19000 	C:\WINDOWS\system32\MSGINA.dll
0x745e0000 - 0x7461d000 	C:\WINDOWS\system32\ODBC32.dll
0x76310000 - 0x76320000 	C:\WINDOWS\system32\WINSTA.dll
0x1f840000 - 0x1f858000 	C:\WINDOWS\system32\odbcint.dll
0x4eee0000 - 0x4ef73000 	C:\WINDOWS\system32\wiashext.dll
0x3fa00000 - 0x3fae6000 	C:\WINDOWS\system32\WININET.dll
0x065a0000 - 0x065a9000 	C:\WINDOWS\system32\Normaliz.dll
0x44430000 - 0x44563000 	C:\WINDOWS\system32\urlmon.dll
0x400a0000 - 0x4028b000 	C:\WINDOWS\system32\iertutil.dll
0x73b20000 - 0x73b34000 	C:\WINDOWS\system32\sti.dll
0x74a70000 - 0x74a77000 	C:\WINDOWS\system32\CFGMGR32.dll
0x76940000 - 0x76948000 	C:\WINDOWS\system32\LINKINFO.dll
0x76950000 - 0x76976000 	C:\WINDOWS\system32\ntshrui.dll
0x76ae0000 - 0x76af1000 	C:\WINDOWS\system32\ATL.DLL
0x06770000 - 0x06787000 	C:\Documents and Settings\Agustin\Datos de programa\Dropbox\bin\DropboxExt.14.dll
0x5d4b0000 - 0x5d551000 	C:\WINDOWS\system32\dbghelp.dll
0x7c3a0000 - 0x7c41b000 	C:\Documents and Settings\Agustin\Datos de programa\Dropbox\bin\MSVCP71.dll
0x779f0000 - 0x77a45000 	C:\WINDOWS\System32\cscui.dll
0x765b0000 - 0x765cd000 	C:\WINDOWS\System32\CSCDLL.dll
0x75dd0000 - 0x75e61000 	C:\WINDOWS\system32\MLANG.dll
0x048f0000 - 0x048fc000 	C:\Archivos de programa\Archivos comunes\Microsoft Shared\OFFICE11\MSOXEV.DLL
0x04910000 - 0x04922000 	C:\Archivos de programa\Microsoft Office\OFFICE11\msohev.dll
0x76bb0000 - 0x76bbb000 	C:\WINDOWS\system32\PSAPI.DLL

VM Arguments:
jvm_args: -Djava.library.path=C:\usr\lib\jvm -Dfile.encoding=Cp1252 
java_command: aplicacion.sistema.menu.test._Test
Launcher Type: SUN_STANDARD

Environment Variables:
CLASSPATH=.;C:\Archivos de programa\Java\jre6\lib\ext\QTJava.zip
PATH=C:/Archivos de programa/Java/jre7/bin/client;C:/Archivos de programa/Java/jre7/bin;C:\WINDOWS\system32;C:\WINDOWS;C:\WINDOWS\System32\Wbem;C:\Archivos de programa\Microsoft SQL Server\80\Tools\BINN;C:\Archivos de programa\QuickTime\QTSystem\;c:\Archivos de programa\Microsoft SQL Server\90\Tools\binn\;C:\Archivos de programa\Microsoft SQL Server\80\Tools\Binn\;C:\Archivos de programa\DataDirect\ConnectforODBC60\Drivers;C:\Archivos de programa\Archivos comunes\Citrix\System32;C:\ARCHIV~1\ARCHIV~1\FOLIOS~1;C:\Archivos de programa\Nmap
USERNAME=Agustin
OS=Windows_NT
PROCESSOR_IDENTIFIER=x86 Family 6 Model 15 Stepping 13, GenuineIntel



---------------  S Y S T E M  ---------------

OS: Windows XP Build 2600 Service Pack 3

CPU:total 2 (2 cores per cpu, 1 threads per core) family 6 model 15 stepping 13, cmov, cx8, fxsr, mmx, sse, sse2, sse3, ssse3

Memory: 4k page, physical 2087276k(456140k free), swap 5159520k(1084724k free)

vm_info: Java HotSpot(TM) Client VM (20.8-b03) for windows-x86 JRE (1.6.0_33-b03), built on May  9 2012 09:39:57 by "java_re" with MS VC++ 7.1 (VS2003)

time: Mon Oct 22 16:16:09 2012
elapsed time: 19788 seconds

