#
# A fatal error has been detected by the Java Runtime Environment:
#
#  EXCEPTION_ACCESS_VIOLATION (0xc0000005) at pc=0x6c2da3a5, pid=2212, tid=8676
#
# JRE version: Java(TM) SE Runtime Environment (7.0_45-b18) (build 1.7.0_45-b18)
# Java VM: Java HotSpot(TM) Client VM (24.45-b08 mixed mode, sharing windows-x86 )
# Problematic frame:
# C  [libsqlitejdbc-835049953289688062.lib+0x1a3a5]
#
# Failed to write core dump. Minidumps are not enabled by default on client versions of Windows
#
# If you would like to submit a bug report, please visit:
#   http://bugreport.sun.com/bugreport/crash.jsp
# The crash happened outside the Java Virtual Machine in native code.
# See problematic frame for where to report the bug.
#

---------------  T H R E A D  ---------------

Current thread (0x02ab1400):  JavaThread "Finalizer" daemon [_thread_in_native, id=8676, stack(0x02d90000,0x02de0000)]

siginfo: ExceptionCode=0xc0000005, reading address 0x04f04350

Registers:
EAX=0x04f04350, EBX=0x04f02ae0, ECX=0x7ffdb000, EDX=0x03a13878
ESP=0x02ddf550, EBP=0x02ddf558, ESI=0x00000000, EDI=0x039ca620
EIP=0x6c2da3a5, EFLAGS=0x00010206

Top of Stack: (sp=0x02ddf550)
0x02ddf550:   04f02ae0 04f02ae0 02ddf598 6c2daaed
0x02ddf560:   04f02ae0 22be80a8 04f043e0 00000001
0x02ddf570:   02ddf570 00000005 02ab1400 6c2c4e86
0x02ddf580:   03a13878 375caa00 00000000 04f02ae0
0x02ddf590:   039ca620 02ab1400 02ddf5b8 6c2dae43
0x02ddf5a0:   04f02ae0 00000001 02ddf618 02ab1400
0x02ddf5b0:   04f02ae0 00000000 02ddf5d8 6c2dbbbf
0x02ddf5c0:   04f02ae0 6e8ba75e 02ab1d44 02ddf618 

Instructions: (pc=0x6c2da3a5)
0x6c2da385:   5b 5e 5d c3 55 89 e5 56 53 8b 5d 08 83 7b 30 00
0x6c2da395:   74 41 be 00 00 00 00 83 7b 2c 00 7e 36 8b 43 30
0x6c2da3a5:   8b 04 b0 85 c0 74 26 80 bb 9c 00 00 00 00 74 06
0x6c2da3b5:   83 78 58 00 75 17 83 ec 08 50 53 e8 4c ff ff ff 


Register to memory mapping:

EAX=0x04f04350 is an unknown value
EBX=0x04f02ae0 is an unknown value
ECX=0x7ffdb000 is an unknown value
EDX=0x03a13878 is an unknown value
ESP=0x02ddf550 is pointing into the stack for thread: 0x02ab1400
EBP=0x02ddf558 is pointing into the stack for thread: 0x02ab1400
ESI=0x00000000 is an unknown value
EDI=0x039ca620 is an unknown value


Stack: [0x02d90000,0x02de0000],  sp=0x02ddf550,  free space=317k
Native frames: (J=compiled Java code, j=interpreted, Vv=VM code, C=native code)
C  [libsqlitejdbc-835049953289688062.lib+0x1a3a5]
C  [libsqlitejdbc-835049953289688062.lib+0x1aaed]
C  [libsqlitejdbc-835049953289688062.lib+0x1ae43]
C  [libsqlitejdbc-835049953289688062.lib+0x1bbbf]
C  [libsqlitejdbc-835049953289688062.lib+0x1c31]
j  org.sqlite.NativeDB.reset(J)I+0
j  org.sqlite.RS.close()V+76
j  org.sqlite.RS.finalize()V+1
v  ~StubRoutines::call_stub
V  [jvm.dll+0x13f1fa]
V  [jvm.dll+0x202aee]
V  [jvm.dll+0x13f27d]
V  [jvm.dll+0xc9bc2]
V  [jvm.dll+0xcd66f]
C  [java.dll+0x20b5]
J  java.lang.ref.Finalizer.runFinalizer()V
v  ~StubRoutines::call_stub
V  [jvm.dll+0x13f1fa]
V  [jvm.dll+0x202aee]
V  [jvm.dll+0x13f3c5]
V  [jvm.dll+0x13f427]
V  [jvm.dll+0xeb81f]
V  [jvm.dll+0x16042c]
V  [jvm.dll+0x160e67]
V  [jvm.dll+0x1a49f9]
C  [msvcr100.dll+0x5c556]
C  [msvcr100.dll+0x5c600]
C  [kernel32.dll+0xb713]

Java frames: (J=compiled Java code, j=interpreted, Vv=VM code)
j  org.sqlite.NativeDB.reset(J)I+0
j  org.sqlite.RS.close()V+76
j  org.sqlite.RS.finalize()V+1
v  ~StubRoutines::call_stub
J  java.lang.ref.Finalizer.invokeFinalizeMethod(Ljava/lang/Object;)V
J  java.lang.ref.Finalizer.runFinalizer()V
J  java.lang.ref.Finalizer.access$100(Ljava/lang/ref/Finalizer;)V
j  java.lang.ref.Finalizer$FinalizerThread.run()V+24
v  ~StubRoutines::call_stub

---------------  P R O C E S S  ---------------

Java Threads: ( => current thread )
  0x04820800 JavaThread "Secondary finalizer" [_thread_blocked, id=9492, stack(0x05860000,0x058b0000)]
  0x04820400 JavaThread "Thread-24548" [_thread_blocked, id=10044, stack(0x05810000,0x05860000)]
  0x04746c00 JavaThread "Image Fetcher 1" daemon [_thread_blocked, id=7060, stack(0x057c0000,0x05810000)]
  0x04746400 JavaThread "Image Fetcher 0" daemon [_thread_blocked, id=10644, stack(0x05720000,0x05770000)]
  0x048bbc00 JavaThread "SwingWorker-pool-1-thread-10" daemon [_thread_blocked, id=9452, stack(0x056d0000,0x05720000)]
  0x047c9400 JavaThread "SwingWorker-pool-1-thread-9" daemon [_thread_blocked, id=11868, stack(0x05680000,0x056d0000)]
  0x035c7000 JavaThread "SwingWorker-pool-1-thread-8" daemon [_thread_blocked, id=11208, stack(0x05630000,0x05680000)]
  0x04891c00 JavaThread "SwingWorker-pool-1-thread-7" daemon [_thread_blocked, id=4448, stack(0x051b0000,0x05200000)]
  0x035c6400 JavaThread "SwingWorker-pool-1-thread-6" daemon [_thread_blocked, id=10008, stack(0x050f0000,0x05140000)]
  0x03644000 JavaThread "Thread-7147" [_thread_in_native, id=11068, stack(0x05160000,0x051b0000)]
  0x04773400 JavaThread "SwingWorker-pool-1-thread-5" daemon [_thread_blocked, id=9836, stack(0x050a0000,0x050f0000)]
  0x04708c00 JavaThread "SwingWorker-pool-1-thread-4" daemon [_thread_blocked, id=11624, stack(0x03cd0000,0x03d20000)]
  0x02fbac00 JavaThread "SwingWorker-pool-1-thread-3" daemon [_thread_blocked, id=4512, stack(0x04650000,0x046a0000)]
  0x035eec00 JavaThread "SwingWorker-pool-1-thread-2" daemon [_thread_blocked, id=4524, stack(0x03c30000,0x03c80000)]
  0x036a0400 JavaThread "SwingWorker-pool-1-thread-1" daemon [_thread_blocked, id=1188, stack(0x03920000,0x03970000)]
  0x0354c400 JavaThread "jTDS TimerThread" daemon [_thread_blocked, id=2068, stack(0x03c80000,0x03cd0000)]
  0x008aac00 JavaThread "DestroyJavaVM" [_thread_blocked, id=11592, stack(0x00990000,0x009e0000)]
  0x0351f400 JavaThread "TimerQueue" daemon [_thread_blocked, id=4220, stack(0x03aa0000,0x03af0000)]
  0x03392400 JavaThread "AWT-EventQueue-0" [_thread_blocked, id=10836, stack(0x03790000,0x037e0000)]
  0x0301e400 JavaThread "AWT-Windows" daemon [_thread_in_native, id=10916, stack(0x03210000,0x03260000)]
  0x0313f400 JavaThread "AWT-Shutdown" [_thread_blocked, id=11992, stack(0x031c0000,0x03210000)]
  0x0313e000 JavaThread "Java2D Disposer" daemon [_thread_blocked, id=11800, stack(0x03170000,0x031c0000)]
  0x02b21800 JavaThread "Service Thread" daemon [_thread_blocked, id=10608, stack(0x02ed0000,0x02f20000)]
  0x02b1bc00 JavaThread "C1 CompilerThread0" daemon [_thread_blocked, id=11368, stack(0x02e80000,0x02ed0000)]
  0x02b1a000 JavaThread "Attach Listener" daemon [_thread_blocked, id=6068, stack(0x02e30000,0x02e80000)]
  0x02b18800 JavaThread "Signal Dispatcher" daemon [_thread_blocked, id=12284, stack(0x02de0000,0x02e30000)]
=>0x02ab1400 JavaThread "Finalizer" daemon [_thread_in_native, id=8676, stack(0x02d90000,0x02de0000)]
  0x02aac400 JavaThread "Reference Handler" daemon [_thread_blocked, id=12104, stack(0x02d40000,0x02d90000)]

Other Threads:
  0x02aaa800 VMThread [stack: 0x02cf0000,0x02d40000] [id=5492]
  0x02b35000 WatcherThread [stack: 0x02f20000,0x02f70000] [id=11680]

VM state:not at safepoint (normal execution)

VM Mutex/Monitor currently owned by a thread: None

Heap
 def new generation   total 42560K, used 352K [0x22b90000, 0x259b0000, 0x280e0000)
  eden space 37888K,   0% used [0x22b90000, 0x22be80e8, 0x25090000)
  from space 4672K,   0% used [0x25090000, 0x25090000, 0x25520000)
  to   space 4672K,   0% used [0x25520000, 0x25520000, 0x259b0000)
 tenured generation   total 94324K, used 40972K [0x280e0000, 0x2dcfd000, 0x32b90000)
   the space 94324K,  43% used [0x280e0000, 0x2a8e3020, 0x2a8e3200, 0x2dcfd000)
 compacting perm gen  total 12288K, used 8329K [0x32b90000, 0x33790000, 0x36b90000)
   the space 12288K,  67% used [0x32b90000, 0x333b24d8, 0x333b2600, 0x33790000)
    ro space 10240K,  41% used [0x36b90000, 0x36fc1a78, 0x36fc1c00, 0x37590000)
    rw space 12288K,  52% used [0x37590000, 0x37bd62c0, 0x37bd6400, 0x38190000)

Card table byte_map: [0x02b90000,0x02c40000] byte_map_base: 0x02a7a380

Polling page: 0x009e0000

Code Cache  [0x00a10000, 0x00f90000, 0x02a10000)
 total_blobs=3077 nmethods=2816 adapters=196 free_code_cache=27168Kb largest_free_block=27816512

Compilation events (10 events):
Event: 72369.764 Thread 0x02b1bc00 2853             com.sun.crypto.provider.TlsPrfGenerator::expand (245 bytes)
Event: 72369.768 Thread 0x02b1bc00 nmethod 2853 0x00f85748 code [0x00f85970, 0x00f86090]
Event: 79149.192 Thread 0x02b1bc00 2854             sun.reflect.Reflection::isSubclassOf (21 bytes)
Event: 79149.193 Thread 0x02b1bc00 nmethod 2854 0x00f86dc8 code [0x00f86ed0, 0x00f86f9c]
Event: 79170.917 Thread 0x02b1bc00 2855             java.awt.Dialog::modalHide (118 bytes)
Event: 79170.920 Thread 0x02b1bc00 nmethod 2855 0x00f87048 code [0x00f87210, 0x00f87744]
Event: 79220.155 Thread 0x02b1bc00 2856   !         sun.awt.windows.WWindowPeer::getActiveWindowHandles (85 bytes)
Event: 79220.156 Thread 0x02b1bc00 nmethod 2856 0x00f87f88 code [0x00f880f0, 0x00f8850c]
Event: 79250.673 Thread 0x02b1bc00 2857             javax.swing.plaf.basic.BasicTabbedPaneUI::updateMnemonics (44 bytes)
Event: 79250.674 Thread 0x02b1bc00 nmethod 2857 0x00f88888 code [0x00f889e0, 0x00f88b98]

GC Heap History (10 events):
Event: 79010.846 GC heap before
{Heap before GC invocations=1440 (full 1264):
 def new generation   total 42560K, used 265K [0x22b90000, 0x259b0000, 0x280e0000)
  eden space 37888K,   0% used [0x22b90000, 0x22bd24e0, 0x25090000)
  from space 4672K,   0% used [0x25520000, 0x25520000, 0x259b0000)
  to   space 4672K,   0% used [0x25090000, 0x25090000, 0x25520000)
 tenured generation   total 94324K, used 41191K [0x280e0000, 0x2dcfd000, 0x32b90000)
   the space 94324K,  43% used [0x280e0000, 0x2a919dd0, 0x2a919e00, 0x2dcfd000)
 compacting perm gen  total 12288K, used 8329K [0x32b90000, 0x33790000, 0x36b90000)
   the space 12288K,  67% used [0x32b90000, 0x333b24e8, 0x333b2600, 0x33790000)
    ro space 10240K,  41% used [0x36b90000, 0x36fc1a78, 0x36fc1c00, 0x37590000)
    rw space 12288K,  52% used [0x37590000, 0x37bd62c0, 0x37bd6400, 0x38190000)
Event: 79010.969 GC heap after
Heap after GC invocations=1441 (full 1265):
 def new generation   total 42560K, used 0K [0x22b90000, 0x259b0000, 0x280e0000)
  eden space 37888K,   0% used [0x22b90000, 0x22b90000, 0x25090000)
  from space 4672K,   0% used [0x25520000, 0x25520000, 0x259b0000)
  to   space 4672K,   0% used [0x25090000, 0x25090000, 0x25520000)
 tenured generation   total 94324K, used 41191K [0x280e0000, 0x2dcfd000, 0x32b90000)
   the space 94324K,  43% used [0x280e0000, 0x2a919e40, 0x2a91a000, 0x2dcfd000)
 compacting perm gen  total 12288K, used 8329K [0x32b90000, 0x33790000, 0x36b90000)
   the space 12288K,  67% used [0x32b90000, 0x333b24e8, 0x333b2600, 0x33790000)
    ro space 10240K,  41% used [0x36b90000, 0x36fc1a78, 0x36fc1c00, 0x37590000)
    rw space 12288K,  52% used [0x37590000, 0x37bd62c0, 0x37bd6400, 0x38190000)
}
Event: 79131.691 GC heap before
{Heap before GC invocations=1441 (full 1265):
 def new generation   total 42560K, used 16692K [0x22b90000, 0x259b0000, 0x280e0000)
  eden space 37888K,  44% used [0x22b90000, 0x23bdd088, 0x25090000)
  from space 4672K,   0% used [0x25520000, 0x25520000, 0x259b0000)
  to   space 4672K,   0% used [0x25090000, 0x25090000, 0x25520000)
 tenured generation   total 94324K, used 41191K [0x280e0000, 0x2dcfd000, 0x32b90000)
   the space 94324K,  43% used [0x280e0000, 0x2a919e40, 0x2a91a000, 0x2dcfd000)
 compacting perm gen  total 12288K, used 8329K [0x32b90000, 0x33790000, 0x36b90000)
   the space 12288K,  67% used [0x32b90000, 0x333b24e8, 0x333b2600, 0x33790000)
    ro space 10240K,  41% used [0x36b90000, 0x36fc1a78, 0x36fc1c00, 0x37590000)
    rw space 12288K,  52% used [0x37590000, 0x37bd62c0, 0x37bd6400, 0x38190000)
Event: 79131.876 GC heap after
Heap after GC invocations=1442 (full 1266):
 def new generation   total 42560K, used 0K [0x22b90000, 0x259b0000, 0x280e0000)
  eden space 37888K,   0% used [0x22b90000, 0x22b90000, 0x25090000)
  from space 4672K,   0% used [0x25520000, 0x25520000, 0x259b0000)
  to   space 4672K,   0% used [0x25090000, 0x25090000, 0x25520000)
 tenured generation   total 94324K, used 41434K [0x280e0000, 0x2dcfd000, 0x32b90000)
   the space 94324K,  43% used [0x280e0000, 0x2a9568c8, 0x2a956a00, 0x2dcfd000)
 compacting perm gen  total 12288K, used 8329K [0x32b90000, 0x33790000, 0x36b90000)
   the space 12288K,  67% used [0x32b90000, 0x333b24e8, 0x333b2600, 0x33790000)
    ro space 10240K,  41% used [0x36b90000, 0x36fc1a78, 0x36fc1c00, 0x37590000)
    rw space 12288K,  52% used [0x37590000, 0x37bd62c0, 0x37bd6400, 0x38190000)
}
Event: 79131.879 GC heap before
{Heap before GC invocations=1442 (full 1266):
 def new generation   total 42560K, used 278K [0x22b90000, 0x259b0000, 0x280e0000)
  eden space 37888K,   0% used [0x22b90000, 0x22bd58e8, 0x25090000)
  from space 4672K,   0% used [0x25520000, 0x25520000, 0x259b0000)
  to   space 4672K,   0% used [0x25090000, 0x25090000, 0x25520000)
 tenured generation   total 94324K, used 41434K [0x280e0000, 0x2dcfd000, 0x32b90000)
   the space 94324K,  43% used [0x280e0000, 0x2a9568c8, 0x2a956a00, 0x2dcfd000)
 compacting perm gen  total 12288K, used 8329K [0x32b90000, 0x33790000, 0x36b90000)
   the space 12288K,  67% used [0x32b90000, 0x333b24e8, 0x333b2600, 0x33790000)
    ro space 10240K,  41% used [0x36b90000, 0x36fc1a78, 0x36fc1c00, 0x37590000)
    rw space 12288K,  52% used [0x37590000, 0x37bd62c0, 0x37bd6400, 0x38190000)
Event: 79132.003 GC heap after
Heap after GC invocations=1443 (full 1267):
 def new generation   total 42560K, used 0K [0x22b90000, 0x259b0000, 0x280e0000)
  eden space 37888K,   0% used [0x22b90000, 0x22b90000, 0x25090000)
  from space 4672K,   0% used [0x25520000, 0x25520000, 0x259b0000)
  to   space 4672K,   0% used [0x25090000, 0x25090000, 0x25520000)
 tenured generation   total 94324K, used 41434K [0x280e0000, 0x2dcfd000, 0x32b90000)
   the space 94324K,  43% used [0x280e0000, 0x2a956b28, 0x2a956c00, 0x2dcfd000)
 compacting perm gen  total 12288K, used 8329K [0x32b90000, 0x33790000, 0x36b90000)
   the space 12288K,  67% used [0x32b90000, 0x333b24e8, 0x333b2600, 0x33790000)
    ro space 10240K,  41% used [0x36b90000, 0x36fc1a78, 0x36fc1c00, 0x37590000)
    rw space 12288K,  52% used [0x37590000, 0x37bd62c0, 0x37bd6400, 0x38190000)
}
Event: 79250.932 GC heap before
{Heap before GC invocations=1443 (full 1267):
 def new generation   total 42560K, used 37497K [0x22b90000, 0x259b0000, 0x280e0000)
  eden space 37888K,  98% used [0x22b90000, 0x2502e730, 0x25090000)
  from space 4672K,   0% used [0x25520000, 0x25520000, 0x259b0000)
  to   space 4672K,   0% used [0x25090000, 0x25090000, 0x25520000)
 tenured generation   total 94324K, used 41434K [0x280e0000, 0x2dcfd000, 0x32b90000)
   the space 94324K,  43% used [0x280e0000, 0x2a956b28, 0x2a956c00, 0x2dcfd000)
 compacting perm gen  total 12288K, used 8331K [0x32b90000, 0x33790000, 0x36b90000)
   the space 12288K,  67% used [0x32b90000, 0x333b2c68, 0x333b2e00, 0x33790000)
    ro space 10240K,  41% used [0x36b90000, 0x36fc1a78, 0x36fc1c00, 0x37590000)
    rw space 12288K,  52% used [0x37590000, 0x37bd62c0, 0x37bd6400, 0x38190000)
Event: 79250.943 GC heap after
Heap after GC invocations=1444 (full 1267):
 def new generation   total 42560K, used 1994K [0x22b90000, 0x259b0000, 0x280e0000)
  eden space 37888K,   0% used [0x22b90000, 0x22b90000, 0x25090000)
  from space 4672K,  42% used [0x25090000, 0x25282a98, 0x25520000)
  to   space 4672K,   0% used [0x25520000, 0x25520000, 0x259b0000)
 tenured generation   total 94324K, used 41434K [0x280e0000, 0x2dcfd000, 0x32b90000)
   the space 94324K,  43% used [0x280e0000, 0x2a956b28, 0x2a956c00, 0x2dcfd000)
 compacting perm gen  total 12288K, used 8331K [0x32b90000, 0x33790000, 0x36b90000)
   the space 12288K,  67% used [0x32b90000, 0x333b2c68, 0x333b2e00, 0x33790000)
    ro space 10240K,  41% used [0x36b90000, 0x36fc1a78, 0x36fc1c00, 0x37590000)
    rw space 12288K,  52% used [0x37590000, 0x37bd62c0, 0x37bd6400, 0x38190000)
}
Event: 79253.695 GC heap before
{Heap before GC invocations=1444 (full 1267):
 def new generation   total 42560K, used 4754K [0x22b90000, 0x259b0000, 0x280e0000)
  eden space 37888K,   7% used [0x22b90000, 0x22e41d78, 0x25090000)
  from space 4672K,  42% used [0x25090000, 0x25282a98, 0x25520000)
  to   space 4672K,   0% used [0x25520000, 0x25520000, 0x259b0000)
 tenured generation   total 94324K, used 41434K [0x280e0000, 0x2dcfd000, 0x32b90000)
   the space 94324K,  43% used [0x280e0000, 0x2a956b28, 0x2a956c00, 0x2dcfd000)
 compacting perm gen  total 12288K, used 8331K [0x32b90000, 0x33790000, 0x36b90000)
   the space 12288K,  67% used [0x32b90000, 0x333b2c68, 0x333b2e00, 0x33790000)
    ro space 10240K,  41% used [0x36b90000, 0x36fc1a78, 0x36fc1c00, 0x37590000)
    rw space 12288K,  52% used [0x37590000, 0x37bd62c0, 0x37bd6400, 0x38190000)
Event: 79253.918 GC heap after
Heap after GC invocations=1445 (full 1268):
 def new generation   total 42560K, used 0K [0x22b90000, 0x259b0000, 0x280e0000)
  eden space 37888K,   0% used [0x22b90000, 0x22b90000, 0x25090000)
  from space 4672K,   0% used [0x25090000, 0x25090000, 0x25520000)
  to   space 4672K,   0% used [0x25520000, 0x25520000, 0x259b0000)
 tenured generation   total 94324K, used 40972K [0x280e0000, 0x2dcfd000, 0x32b90000)
   the space 94324K,  43% used [0x280e0000, 0x2a8e3020, 0x2a8e3200, 0x2dcfd000)
 compacting perm gen  total 12288K, used 8329K [0x32b90000, 0x33790000, 0x36b90000)
   the space 12288K,  67% used [0x32b90000, 0x333b24d8, 0x333b2600, 0x33790000)
    ro space 10240K,  41% used [0x36b90000, 0x36fc1a78, 0x36fc1c00, 0x37590000)
    rw space 12288K,  52% used [0x37590000, 0x37bd62c0, 0x37bd6400, 0x38190000)
}

Deoptimization events (0 events):
No events

Internal exceptions (10 events):
Event: 79250.780 Thread 0x03392400 Implicit null exception at 0x00b44cde to 0x00b459a7
Event: 79250.780 Thread 0x03392400 Threw 0x24f11848 at C:\re\jdk7u45\229\hotspot\src\share\vm\runtime\sharedRuntime.cpp:591
Event: 79250.889 Thread 0x03392400 Implicit null exception at 0x00b44cde to 0x00b459a7
Event: 79250.890 Thread 0x03392400 Threw 0x24fa2fd0 at C:\re\jdk7u45\229\hotspot\src\share\vm\runtime\sharedRuntime.cpp:591
Event: 79250.890 Thread 0x03392400 Implicit null exception at 0x00b44cde to 0x00b459a7
Event: 79250.890 Thread 0x03392400 Threw 0x24fa34d8 at C:\re\jdk7u45\229\hotspot\src\share\vm\runtime\sharedRuntime.cpp:591
Event: 79250.890 Thread 0x03392400 Implicit null exception at 0x00b44cde to 0x00b459a7
Event: 79250.890 Thread 0x03392400 Threw 0x24fa39d0 at C:\re\jdk7u45\229\hotspot\src\share\vm\runtime\sharedRuntime.cpp:591
Event: 79250.890 Thread 0x03392400 Implicit null exception at 0x00b44cde to 0x00b459a7
Event: 79250.890 Thread 0x03392400 Threw 0x24fa3ec0 at C:\re\jdk7u45\229\hotspot\src\share\vm\runtime\sharedRuntime.cpp:591

Events (10 events):
Event: 79250.988 Executing VM operation: RevokeBias
Event: 79250.988 Executing VM operation: RevokeBias done
Event: 79250.988 Executing VM operation: RevokeBias
Event: 79250.988 Executing VM operation: RevokeBias done
Event: 79253.694 Thread 0x04820400 Thread added: 0x04820400
Event: 79253.694 Executing VM operation: GenCollectFull
Event: 79253.918 Executing VM operation: GenCollectFull done
Event: 79253.921 Thread 0x04820800 Thread added: 0x04820800
Event: 79253.921 Executing VM operation: BulkRevokeBias
Event: 79253.921 Executing VM operation: BulkRevokeBias done


Dynamic libraries:
0x00400000 - 0x0042f000 	C:\Archivos de programa\Java\jre7\bin\javaw.exe
0x7c910000 - 0x7c9c5000 	C:\WINDOWS\system32\ntdll.dll
0x7c800000 - 0x7c903000 	C:\WINDOWS\system32\kernel32.dll
0x77da0000 - 0x77e4c000 	C:\WINDOWS\system32\ADVAPI32.dll
0x77e50000 - 0x77ee2000 	C:\WINDOWS\system32\RPCRT4.dll
0x77fc0000 - 0x77fd1000 	C:\WINDOWS\system32\Secur32.dll
0x7e390000 - 0x7e421000 	C:\WINDOWS\system32\USER32.dll
0x77ef0000 - 0x77f39000 	C:\WINDOWS\system32\GDI32.dll
0x773a0000 - 0x774a3000 	C:\WINDOWS\WinSxS\x86_Microsoft.Windows.Common-Controls_6595b64144ccf1df_6.0.2600.5512_x-ww_35d4ce83\COMCTL32.dll
0x77be0000 - 0x77c38000 	C:\WINDOWS\system32\msvcrt.dll
0x77f40000 - 0x77fb6000 	C:\WINDOWS\system32\SHLWAPI.dll
0x76340000 - 0x7635d000 	C:\WINDOWS\system32\IMM32.DLL
0x78aa0000 - 0x78b5f000 	C:\Archivos de programa\Java\jre7\bin\msvcr100.dll
0x6e760000 - 0x6eae0000 	C:\Archivos de programa\Java\jre7\bin\client\jvm.dll
0x71a50000 - 0x71a5a000 	C:\WINDOWS\system32\WSOCK32.dll
0x71a30000 - 0x71a47000 	C:\WINDOWS\system32\WS2_32.dll
0x71a20000 - 0x71a28000 	C:\WINDOWS\system32\WS2HELP.dll
0x76b00000 - 0x76b2e000 	C:\WINDOWS\system32\WINMM.dll
0x76bb0000 - 0x76bbb000 	C:\WINDOWS\system32\PSAPI.DLL
0x6e6b0000 - 0x6e6bc000 	C:\Archivos de programa\Java\jre7\bin\verify.dll
0x6d480000 - 0x6d4a0000 	C:\Archivos de programa\Java\jre7\bin\java.dll
0x6e740000 - 0x6e753000 	C:\Archivos de programa\Java\jre7\bin\zip.dll
0x6d000000 - 0x6d143000 	C:\Archivos de programa\Java\jre7\bin\awt.dll
0x770f0000 - 0x7717b000 	C:\WINDOWS\system32\OLEAUT32.dll
0x774b0000 - 0x775ed000 	C:\WINDOWS\system32\ole32.dll
0x5b150000 - 0x5b188000 	C:\WINDOWS\system32\uxtheme.dll
0x746b0000 - 0x746fc000 	C:\WINDOWS\system32\MSCTF.dll
0x75160000 - 0x7518e000 	C:\WINDOWS\system32\msctfime.ime
0x7e6a0000 - 0x7eec1000 	C:\WINDOWS\system32\SHELL32.dll
0x6e4a0000 - 0x6e4b4000 	C:\Archivos de programa\Java\jre7\bin\net.dll
0x719d0000 - 0x71a10000 	C:\WINDOWS\system32\mswsock.dll
0x66740000 - 0x66799000 	C:\WINDOWS\system32\hnetcfg.dll
0x590d0000 - 0x590d7000 	C:\WINDOWS\System32\wship6.dll
0x6e4c0000 - 0x6e4cf000 	C:\Archivos de programa\Java\jre7\bin\nio.dll
0x76ee0000 - 0x76f07000 	C:\WINDOWS\system32\DNSAPI.dll
0x76f70000 - 0x76f78000 	C:\WINDOWS\System32\winrnr.dll
0x76f20000 - 0x76f4d000 	C:\WINDOWS\system32\WLDAP32.dll
0x16080000 - 0x160a5000 	C:\Archivos de programa\Bonjour\mdnsNSP.dll
0x76d20000 - 0x76d39000 	C:\WINDOWS\system32\Iphlpapi.dll
0x47190000 - 0x471a2000 	C:\WINDOWS\system32\pnrpnsp.dll
0x76f80000 - 0x76f86000 	C:\WINDOWS\system32\rasadhlp.dll
0x68000000 - 0x68036000 	C:\WINDOWS\system32\rsaenh.dll
0x76630000 - 0x766e5000 	C:\WINDOWS\system32\USERENV.dll
0x597f0000 - 0x59845000 	C:\WINDOWS\system32\netapi32.dll
0x6c2c0000 - 0x6c322000 	C:\Documents and Settings\Agustin\Configuración local\Temp\libsqlitejdbc-835049953289688062.lib
0x6d270000 - 0x6d2a8000 	C:\Archivos de programa\Java\jre7\bin\fontmanager.dll
0x77b10000 - 0x77b32000 	C:\WINDOWS\system32\Apphelp.dll
0x77bd0000 - 0x77bd8000 	C:\WINDOWS\system32\VERSION.dll
0x6e660000 - 0x6e690000 	C:\Archivos de programa\Java\jre7\bin\t2k.dll
0x76f90000 - 0x7700f000 	C:\WINDOWS\system32\CLBCATQ.DLL
0x77010000 - 0x770e0000 	C:\WINDOWS\system32\COMRes.dll
0x6e210000 - 0x6e235000 	C:\Archivos de programa\Java\jre7\bin\jpeg.dll
0x71a10000 - 0x71a18000 	C:\WINDOWS\System32\wshtcpip.dll
0x76d00000 - 0x76d18000 	C:\WINDOWS\system32\MPRAPI.dll
0x77c90000 - 0x77cc2000 	C:\WINDOWS\system32\ACTIVEDS.dll
0x76dd0000 - 0x76df5000 	C:\WINDOWS\system32\adsldpc.dll
0x76ae0000 - 0x76af1000 	C:\WINDOWS\system32\ATL.DLL
0x76e40000 - 0x76e4e000 	C:\WINDOWS\system32\rtutils.dll
0x71b90000 - 0x71ba3000 	C:\WINDOWS\system32\SAMLIB.dll
0x778f0000 - 0x779e7000 	C:\WINDOWS\system32\SETUPAPI.dll
0x77cd0000 - 0x77d03000 	C:\WINDOWS\system32\netman.dll
0x763b0000 - 0x76558000 	C:\WINDOWS\system32\netshell.dll
0x76bc0000 - 0x76bef000 	C:\WINDOWS\system32\credui.dll
0x72510000 - 0x7251a000 	C:\WINDOWS\system32\dot3api.dll
0x72640000 - 0x72646000 	C:\WINDOWS\system32\dot3dlg.dll
0x72770000 - 0x72798000 	C:\WINDOWS\system32\OneX.DLL
0x76f10000 - 0x76f18000 	C:\WINDOWS\system32\WTSAPI32.dll
0x76310000 - 0x76320000 	C:\WINDOWS\system32\WINSTA.dll
0x77a50000 - 0x77ae6000 	C:\WINDOWS\system32\CRYPT32.dll
0x77af0000 - 0x77b02000 	C:\WINDOWS\system32\MSASN1.dll
0x716d0000 - 0x716f2000 	C:\WINDOWS\system32\eappcfg.dll
0x76030000 - 0x76095000 	C:\WINDOWS\system32\MSVCP60.dll
0x477c0000 - 0x477ce000 	C:\WINDOWS\system32\eappprxy.dll
0x76ea0000 - 0x76edc000 	C:\WINDOWS\system32\RASAPI32.dll
0x76e50000 - 0x76e62000 	C:\WINDOWS\system32\rasman.dll
0x76e70000 - 0x76e9f000 	C:\WINDOWS\system32\TAPI32.dll
0x3fa00000 - 0x3fae6000 	C:\WINDOWS\system32\WININET.dll
0x03d20000 - 0x03d29000 	C:\WINDOWS\system32\Normaliz.dll
0x44430000 - 0x44563000 	C:\WINDOWS\system32\urlmon.dll
0x400a0000 - 0x4028b000 	C:\WINDOWS\system32\iertutil.dll
0x72fb0000 - 0x72fc0000 	C:\WINDOWS\system32\WZCSAPI.DLL
0x7db20000 - 0x7dbac000 	C:\WINDOWS\system32\WZCSvc.DLL
0x76cf0000 - 0x76cf4000 	C:\WINDOWS\system32\WMI.dll
0x7d4c0000 - 0x7d4e2000 	C:\WINDOWS\system32\DHCPCSVC.DLL
0x71e10000 - 0x71e1b000 	C:\WINDOWS\system32\EapolQec.dll
0x47330000 - 0x47346000 	C:\WINDOWS\system32\QUtil.dll
0x6f8d0000 - 0x6f9e0000 	C:\WINDOWS\system32\ESENT.dll
0x73ab0000 - 0x73ac5000 	C:\WINDOWS\system32\mscms.dll
0x72f80000 - 0x72fa6000 	C:\WINDOWS\system32\WINSPOOL.DRV
0x68cd0000 - 0x68d11000 	C:\WINDOWS\system32\icm32.dll
0x6d180000 - 0x6d1a4000 	C:\Archivos de programa\Java\jre7\bin\dcpr.dll
0x6e630000 - 0x6e650000 	C:\Archivos de programa\Java\jre7\bin\sunec.dll
0x6e650000 - 0x6e659000 	C:\Archivos de programa\Java\jre7\bin\sunmscapi.dll
0x05140000 - 0x05156000 	C:\Documents and Settings\Agustin\Configuración local\Temp\mmsc\mmsc6917159964811795648jtwain.dll
0x5b6b0000 - 0x5b6c0000 	C:\WINDOWS\twain_32.dll
0x5d4b0000 - 0x5d551000 	C:\WINDOWS\system32\dbghelp.dll

VM Arguments:
jvm_args: -Djava.library.path=C:\usr\lib\jvm -Dfile.encoding=Cp1252 
java_command: aplicacion.sistema.menu.test._Test
Launcher Type: SUN_STANDARD

Environment Variables:
CLASSPATH=.;C:\Archivos de programa\Java\jre6\lib\ext\QTJava.zip
PATH=C:/Archivos de programa/Java/jre7/bin/client;C:/Archivos de programa/Java/jre7/bin;C:\WINDOWS\system32;C:\WINDOWS;C:\WINDOWS\System32\Wbem;C:\Archivos de programa\Microsoft SQL Server\80\Tools\BINN;C:\Archivos de programa\QuickTime\QTSystem\;c:\Archivos de programa\Microsoft SQL Server\90\Tools\binn\;C:\Archivos de programa\Microsoft SQL Server\80\Tools\Binn\;C:\Archivos de programa\DataDirect\ConnectforODBC60\Drivers;C:\Archivos de programa\Archivos comunes\Citrix\System32;C:\ARCHIV~1\ARCHIV~1\FOLIOS~1;C:\Archivos de programa\OpenLink Software\UDA\bin\;C:\Archivos de programa\Nmap
USERNAME=Agustin
OS=Windows_NT
PROCESSOR_IDENTIFIER=x86 Family 6 Model 15 Stepping 13, GenuineIntel



---------------  S Y S T E M  ---------------

OS: Windows XP Build 2600 Service Pack 3

CPU:total 2 (2 cores per cpu, 1 threads per core) family 6 model 15 stepping 13, cmov, cx8, fxsr, mmx, sse, sse2, sse3, ssse3, tsc

Memory: 4k page, physical 2087276k(743704k free), swap 6096884k(4347056k free)

vm_info: Java HotSpot(TM) Client VM (24.45-b08) for windows-x86 JRE (1.7.0_45-b18), built on Oct  8 2013 06:02:43 by "java_re" with unknown MS VC++:1600

time: Thu Jan 09 09:23:18 2014
elapsed time: 79254 seconds

